Using pre-set license
Built from '2022.3/staging' branch; Version is '2022.3.28f1 (6bae5ce6b222) revision 7056988'; Using compiler version '192829333'; Build Type 'Release'
OS: 'Windows 11  (10.0.22631) 64bit Core' Language: 'en' Physical Memory: 16163 MB
BatchMode: 1, IsHumanControllingUs: 0, StartBugReporterOnCrash: 0, Is64bit: 1, IsPro: 1

COMMAND LINE ARGUMENTS:
C:\Program Files\Unity\Hub\Editor\2022.3.28f1\Editor\Unity.exe
-adb2
-batchMode
-noUpm
-name
AssetImportWorker6
-projectPath
C:/Users/richy/OneDrive/Documents/Richard School Files/2024 NYP/Specilization-Project/My project
-logFile
Logs/AssetImportWorker6.log
-srvPort
53489
Successfully changed project path to: C:/Users/richy/OneDrive/Documents/Richard School Files/2024 NYP/Specilization-Project/My project
C:/Users/richy/OneDrive/Documents/Richard School Files/2024 NYP/Specilization-Project/My project
[UnityMemory] Configuration Parameters - Can be set up in boot.config
    "memorysetup-bucket-allocator-granularity=16"
    "memorysetup-bucket-allocator-bucket-count=8"
    "memorysetup-bucket-allocator-block-size=33554432"
    "memorysetup-bucket-allocator-block-count=8"
    "memorysetup-main-allocator-block-size=16777216"
    "memorysetup-thread-allocator-block-size=16777216"
    "memorysetup-gfx-main-allocator-block-size=16777216"
    "memorysetup-gfx-thread-allocator-block-size=16777216"
    "memorysetup-cache-allocator-block-size=4194304"
    "memorysetup-typetree-allocator-block-size=2097152"
    "memorysetup-profiler-bucket-allocator-granularity=16"
    "memorysetup-profiler-bucket-allocator-bucket-count=8"
    "memorysetup-profiler-bucket-allocator-block-size=33554432"
    "memorysetup-profiler-bucket-allocator-block-count=8"
    "memorysetup-profiler-allocator-block-size=16777216"
    "memorysetup-profiler-editor-allocator-block-size=1048576"
    "memorysetup-temp-allocator-size-main=16777216"
    "memorysetup-job-temp-allocator-block-size=2097152"
    "memorysetup-job-temp-allocator-block-size-background=1048576"
    "memorysetup-job-temp-allocator-reduction-small-platforms=262144"
    "memorysetup-allocator-temp-initial-block-size-main=262144"
    "memorysetup-allocator-temp-initial-block-size-worker=262144"
    "memorysetup-temp-allocator-size-background-worker=32768"
    "memorysetup-temp-allocator-size-job-worker=262144"
    "memorysetup-temp-allocator-size-preload-manager=33554432"
    "memorysetup-temp-allocator-size-nav-mesh-worker=65536"
    "memorysetup-temp-allocator-size-audio-worker=65536"
    "memorysetup-temp-allocator-size-cloud-worker=32768"
    "memorysetup-temp-allocator-size-gi-baking-worker=262144"
    "memorysetup-temp-allocator-size-gfx=262144"
Player connection [22324] Host "[IP] 192.168.35.1 [Port] 0 [Flags] 2 [Guid] 1211519811 [EditorId] 1211519811 [Version] 1048832 [Id] WindowsEditor(7,Richy) [Debug] 1 [PackageName] WindowsEditor [ProjectName] Editor" joined multi-casting on [225.0.0.222:54997]...

Player connection [22324] Host "[IP] 192.168.35.1 [Port] 0 [Flags] 2 [Guid] 1211519811 [EditorId] 1211519811 [Version] 1048832 [Id] WindowsEditor(7,Richy) [Debug] 1 [PackageName] WindowsEditor [ProjectName] Editor" joined alternative multi-casting on [225.0.0.222:34997]...

[Physics::Module] Initialized MultithreadedJobDispatcher with 11 workers.
Refreshing native plugins compatible for Editor in 146.04 ms, found 3 plugins.
Preloading 0 native plugins for Editor in 0.00 ms.
Initialize engine version: 2022.3.28f1 (6bae5ce6b222)
[Subsystems] Discovering subsystems at path C:/Program Files/Unity/Hub/Editor/2022.3.28f1/Editor/Data/Resources/UnitySubsystems
[Subsystems] Discovering subsystems at path C:/Users/richy/OneDrive/Documents/Richard School Files/2024 NYP/Specilization-Project/My project/Assets
GfxDevice: creating device client; threaded=0; jobified=0
Direct3D:
    Version:  Direct3D 11.0 [level 11.1]
    Renderer: NVIDIA GeForce RTX 3060 Laptop GPU (ID=0x2520)
    Vendor:   NVIDIA
    VRAM:     6009 MB
    Driver:   31.0.15.3623
Initialize mono
Mono path[0] = 'C:/Program Files/Unity/Hub/Editor/2022.3.28f1/Editor/Data/Managed'
Mono path[1] = 'C:/Program Files/Unity/Hub/Editor/2022.3.28f1/Editor/Data/MonoBleedingEdge/lib/mono/unityjit-win32'
Mono config path = 'C:/Program Files/Unity/Hub/Editor/2022.3.28f1/Editor/Data/MonoBleedingEdge/etc'
Using monoOptions --debugger-agent=transport=dt_socket,embedding=1,server=y,suspend=n,address=127.0.0.1:56108
Begin MonoManager ReloadAssembly
Registering precompiled unity dll's ...
Register platform support module: C:/Program Files/Unity/Hub/Editor/2022.3.28f1/Editor/Data/PlaybackEngines/AndroidPlayer/UnityEditor.Android.Extensions.dll
Register platform support module: C:/Program Files/Unity/Hub/Editor/2022.3.28f1/Editor/Data/PlaybackEngines/WindowsStandaloneSupport/UnityEditor.WindowsStandalone.Extensions.dll
Registered in 0.006247 seconds.
- Loaded All Assemblies, in  0.779 seconds
Native extension for WindowsStandalone target not found
Native extension for Android target not found
Android Extension - Scanning For ADB Devices 503 ms
Mono: successfully reloaded assembly
- Finished resetting the current domain, in  0.872 seconds
Domain Reload Profiling: 1650ms
	BeginReloadAssembly (134ms)
		ExecutionOrderSort (0ms)
		DisableScriptedObjects (0ms)
		BackupInstance (0ms)
		ReleaseScriptingObjects (0ms)
		CreateAndSetChildDomain (1ms)
	RebuildCommonClasses (185ms)
	RebuildNativeTypeToScriptingClass (11ms)
	initialDomainReloadingComplete (60ms)
	LoadAllAssembliesAndSetupDomain (388ms)
		LoadAssemblies (133ms)
		RebuildTransferFunctionScriptingTraits (0ms)
		AnalyzeDomain (386ms)
			TypeCache.Refresh (384ms)
				TypeCache.ScanAssembly (372ms)
			ScanForSourceGeneratedMonoScriptInfo (0ms)
			ResolveRequiredComponents (1ms)
	FinalizeReload (873ms)
		ReleaseScriptCaches (0ms)
		RebuildScriptCaches (0ms)
		SetupLoadedEditorAssemblies (808ms)
			LogAssemblyErrors (0ms)
			InitializePlatformSupportModulesInManaged (612ms)
			SetLoadedEditorAssemblies (4ms)
			RefreshPlugins (0ms)
			BeforeProcessingInitializeOnLoad (2ms)
			ProcessInitializeOnLoadAttributes (131ms)
			ProcessInitializeOnLoadMethodAttributes (60ms)
			AfterProcessingInitializeOnLoad (0ms)
			EditorAssembliesLoaded (0ms)
		ExecutionOrderSort2 (0ms)
		AwakeInstancesAfterBackupRestoration (0ms)
========================================================================
Worker process is ready to serve import requests
Begin MonoManager ReloadAssembly
- Loaded All Assemblies, in  0.885 seconds
Refreshing native plugins compatible for Editor in 2.52 ms, found 3 plugins.
Native extension for WindowsStandalone target not found
Native extension for Android target not found
Package Manager log level set to [2]
[Package Manager] Server::EnsureServerProcessIsRunning -- launch failed, reason: Unity was launched with the -noUpm command-line argument
[Package Manager] UpmClient::Send -- Unable to send message (not connected to UPM process).
[Package Manager] Cannot connect to Unity Package Manager local server
Mono: successfully reloaded assembly
- Finished resetting the current domain, in  0.668 seconds
Domain Reload Profiling: 1552ms
	BeginReloadAssembly (163ms)
		ExecutionOrderSort (0ms)
		DisableScriptedObjects (7ms)
		BackupInstance (0ms)
		ReleaseScriptingObjects (0ms)
		CreateAndSetChildDomain (27ms)
	RebuildCommonClasses (63ms)
	RebuildNativeTypeToScriptingClass (12ms)
	initialDomainReloadingComplete (51ms)
	LoadAllAssembliesAndSetupDomain (593ms)
		LoadAssemblies (338ms)
		RebuildTransferFunctionScriptingTraits (0ms)
		AnalyzeDomain (344ms)
			TypeCache.Refresh (321ms)
				TypeCache.ScanAssembly (260ms)
			ScanForSourceGeneratedMonoScriptInfo (16ms)
			ResolveRequiredComponents (5ms)
	FinalizeReload (669ms)
		ReleaseScriptCaches (0ms)
		RebuildScriptCaches (0ms)
		SetupLoadedEditorAssemblies (506ms)
			LogAssemblyErrors (0ms)
			InitializePlatformSupportModulesInManaged (25ms)
			SetLoadedEditorAssemblies (3ms)
			RefreshPlugins (0ms)
			BeforeProcessingInitializeOnLoad (61ms)
			ProcessInitializeOnLoadAttributes (385ms)
			ProcessInitializeOnLoadMethodAttributes (26ms)
			AfterProcessingInitializeOnLoad (6ms)
			EditorAssembliesLoaded (0ms)
		ExecutionOrderSort2 (0ms)
		AwakeInstancesAfterBackupRestoration (7ms)
Launched and connected shader compiler UnityShaderCompiler.exe after 0.15 seconds
Refreshing native plugins compatible for Editor in 7.16 ms, found 3 plugins.
Preloading 0 native plugins for Editor in 0.00 ms.
Unloading 3158 Unused Serialized files (Serialized files now loaded: 0)
Unloading 33 unused Assets / (57.7 KB). Loaded Objects now: 3624.
Memory consumption went from 132.5 MB to 132.4 MB.
Total: 2.588900 ms (FindLiveObjects: 0.243700 ms CreateObjectMapping: 0.081000 ms MarkObjects: 2.139100 ms  DeleteObjects: 0.123500 ms)

AssetImportParameters requested are different than current active one (requested -> active):
  custom:container-demuxer-ogg: 62fdf1f143b41e24485cea50d1cbac27 -> 
  custom:video-codec-MediaFoundation-h265: 746d11721c4dcdbdad8f713fa42b33f4 -> 
  custom:video-decoder-ogg-theora: a1e56fd34408186e4bbccfd4996cb3dc -> 
  custom:framework-win-MediaFoundation: 216162199b28c13a410421893ffa2e32 -> 
  custom:CustomObjectIndexerAttribute: 9a22284fe3817be447336de3de66b15e -> 
  custom:container-demuxer-webm: 4f35f7cbe854078d1ac9338744f61a02 -> 
  custom:container-muxer-webm: aa71ff27fc2769a1b78a27578f13a17b -> 
  custom:video-decoder-webm-vp8: 9c59270c3fd7afecdb556c50c9e8de78 -> 
  custom:SearchIndexIgnoredProperties: e643bd26f0fe6173181afceb89e7c659 -> 
  custom:AudioImporter_EditorPlatform: d09bf68614088b80899f8185d706f6e7 -> 
  custom:video-encoder-webm-vp8: eb34c28f22e8b96e1ab97ce403110664 -> 
  custom:audio-decoder-ogg-vorbis: bf7c407c2cedff20999df2af8eb42d56 -> 
  custom:audio-encoder-webm-vorbis: bf7c407c2cedff20999df2af8eb42d56 -> 
========================================================================
Received Import Request.
  Time since last request: 791922.506351 seconds.
  path: Assets/SkymonIconPackFree/skymon-icons-white/magic.png
  artifactKey: Guid(c31f25a265f7eb4488e60fb139c60279) Importer(815301076,1909f56bfc062723c751e8b465ee728b)
Start importing Assets/SkymonIconPackFree/skymon-icons-white/magic.png using Guid(c31f25a265f7eb4488e60fb139c60279) Importer(815301076,1909f56bfc062723c751e8b465ee728b)  -> (artifact id: '18681a485ba82780d875eb09cfa8c5d6') in 0.116644 seconds
Number of updated asset objects reloaded before import = 0
Number of asset objects unloaded after import = 3
========================================================================
Received Import Request.
  Time since last request: 0.000035 seconds.
  path: Assets/SkymonIconPackFree/skymon-icons-white/map1.png
  artifactKey: Guid(c6e7c202f05ab5540b77239101217338) Importer(815301076,1909f56bfc062723c751e8b465ee728b)
Start importing Assets/SkymonIconPackFree/skymon-icons-white/map1.png using Guid(c6e7c202f05ab5540b77239101217338) Importer(815301076,1909f56bfc062723c751e8b465ee728b)  -> (artifact id: 'd37201c5342d09a4721668e6b74e42ae') in 0.021760 seconds
Number of updated asset objects reloaded before import = 0
Number of asset objects unloaded after import = 3
========================================================================
Received Import Request.
  Time since last request: 0.000027 seconds.
  path: Assets/SkymonIconPackFree/skymon-icons-white/move.png
  artifactKey: Guid(f67942625a5af7e4cbea0a38746e1229) Importer(815301076,1909f56bfc062723c751e8b465ee728b)
Start importing Assets/SkymonIconPackFree/skymon-icons-white/move.png using Guid(f67942625a5af7e4cbea0a38746e1229) Importer(815301076,1909f56bfc062723c751e8b465ee728b)  -> (artifact id: 'f5b9423f67a1e0638b46930bef1e4933') in 0.026809 seconds
Number of updated asset objects reloaded before import = 0
Number of asset objects unloaded after import = 3
========================================================================
Received Import Request.
  Time since last request: 0.000025 seconds.
  path: Assets/SkymonIconPackFree/skymon-icons-white/mountains.png
  artifactKey: Guid(ca34561243c1f5f43929b64876bc7d51) Importer(815301076,1909f56bfc062723c751e8b465ee728b)
Start importing Assets/SkymonIconPackFree/skymon-icons-white/mountains.png using Guid(ca34561243c1f5f43929b64876bc7d51) Importer(815301076,1909f56bfc062723c751e8b465ee728b)  -> (artifact id: 'e7bd55ee5a91e4f3f8916bed5ddc72c5') in 0.018624 seconds
Number of updated asset objects reloaded before import = 0
Number of asset objects unloaded after import = 3
========================================================================
Received Import Request.
  Time since last request: 0.000012 seconds.
  path: Assets/SkymonIconPackFree/skymon-icons-white/padlock-locked.png
  artifactKey: Guid(6c9174590026f7242a6cd7705af9e0e6) Importer(815301076,1909f56bfc062723c751e8b465ee728b)
Start importing Assets/SkymonIconPackFree/skymon-icons-white/padlock-locked.png using Guid(6c9174590026f7242a6cd7705af9e0e6) Importer(815301076,1909f56bfc062723c751e8b465ee728b)  -> (artifact id: '2e3092ee4de3731a61073fa021dc5138') in 0.020884 seconds
Number of updated asset objects reloaded before import = 0
Number of asset objects unloaded after import = 3
========================================================================
Received Import Request.
  Time since last request: 0.000021 seconds.
  path: Assets/SkymonIconPackFree/skymon-icons-white/no-entry.png
  artifactKey: Guid(77873e2027730224db96dcd9ad86e67e) Importer(815301076,1909f56bfc062723c751e8b465ee728b)
Start importing Assets/SkymonIconPackFree/skymon-icons-white/no-entry.png using Guid(77873e2027730224db96dcd9ad86e67e) Importer(815301076,1909f56bfc062723c751e8b465ee728b)  -> (artifact id: '24d1b9aa51aae8bf778e89de0536dd44') in 0.019602 seconds
Number of updated asset objects reloaded before import = 0
Number of asset objects unloaded after import = 3
========================================================================
Received Import Request.
  Time since last request: 1.284400 seconds.
  path: Assets/SkymonIconPackFree/skymon-icons-white/paper.png
  artifactKey: Guid(de7128071e1504d42bcaf739d21da21c) Importer(815301076,1909f56bfc062723c751e8b465ee728b)
Start importing Assets/SkymonIconPackFree/skymon-icons-white/paper.png using Guid(de7128071e1504d42bcaf739d21da21c) Importer(815301076,1909f56bfc062723c751e8b465ee728b)  -> (artifact id: 'c5f48d81fa404e39efc04ffc8670fbee') in 0.019668 seconds
Number of updated asset objects reloaded before import = 0
Number of asset objects unloaded after import = 3
========================================================================
Received Import Request.
  Time since last request: 0.000024 seconds.
  path: Assets/SkymonIconPackFree/skymon-icons-white/pouch.png
  artifactKey: Guid(e8e00495370d7a9479493d1a56c190c9) Importer(815301076,1909f56bfc062723c751e8b465ee728b)
Start importing Assets/SkymonIconPackFree/skymon-icons-white/pouch.png using Guid(e8e00495370d7a9479493d1a56c190c9) Importer(815301076,1909f56bfc062723c751e8b465ee728b)  -> (artifact id: 'cfe238af7816d70b9722841e565d6380') in 0.019735 seconds
Number of updated asset objects reloaded before import = 0
Number of asset objects unloaded after import = 3
========================================================================
Received Import Request.
  Time since last request: 0.000018 seconds.
  path: Assets/SkymonIconPackFree/skymon-icons-white/pencil-tool.png
  artifactKey: Guid(25162e1558481d24c9fdb2af65c305fc) Importer(815301076,1909f56bfc062723c751e8b465ee728b)
Start importing Assets/SkymonIconPackFree/skymon-icons-white/pencil-tool.png using Guid(25162e1558481d24c9fdb2af65c305fc) Importer(815301076,1909f56bfc062723c751e8b465ee728b)  -> (artifact id: '15d6a526f6eb1cdaf47fa98c96fcef35') in 0.018655 seconds
Number of updated asset objects reloaded before import = 0
Number of asset objects unloaded after import = 3
========================================================================
Received Import Request.
  Time since last request: 0.000022 seconds.
  path: Assets/SkymonIconPackFree/skymon-icons-white/pause.png
  artifactKey: Guid(9c6e337c7ef38b0478f6a52f8854a69a) Importer(815301076,1909f56bfc062723c751e8b465ee728b)
Start importing Assets/SkymonIconPackFree/skymon-icons-white/pause.png using Guid(9c6e337c7ef38b0478f6a52f8854a69a) Importer(815301076,1909f56bfc062723c751e8b465ee728b)  -> (artifact id: 'd18ef23ced4b92efdc75c5dd6fd01803') in 0.019339 seconds
Number of updated asset objects reloaded before import = 0
Number of asset objects unloaded after import = 3
========================================================================
Received Import Request.
  Time since last request: 0.000025 seconds.
  path: Assets/SkymonIconPackFree/skymon-icons-white/potion2.png
  artifactKey: Guid(6548e3d428745774eb25bdf190fe7bd7) Importer(815301076,1909f56bfc062723c751e8b465ee728b)
Start importing Assets/SkymonIconPackFree/skymon-icons-white/potion2.png using Guid(6548e3d428745774eb25bdf190fe7bd7) Importer(815301076,1909f56bfc062723c751e8b465ee728b)  -> (artifact id: '952b731531e5fcf75c1541890bc8bacb') in 0.019060 seconds
Number of updated asset objects reloaded before import = 0
Number of asset objects unloaded after import = 3
========================================================================
Received Import Request.
  Time since last request: 0.000025 seconds.
  path: Assets/SkymonIconPackFree/skymon-icons-white/plus.png
  artifactKey: Guid(b39ccdf2015654b45b55960c0227e7d9) Importer(815301076,1909f56bfc062723c751e8b465ee728b)
Start importing Assets/SkymonIconPackFree/skymon-icons-white/plus.png using Guid(b39ccdf2015654b45b55960c0227e7d9) Importer(815301076,1909f56bfc062723c751e8b465ee728b)  -> (artifact id: 'd2d8ef31c24f751ae5e5bdfe0dee2d07') in 0.018463 seconds
Number of updated asset objects reloaded before import = 0
Number of asset objects unloaded after import = 3
========================================================================
Received Import Request.
  Time since last request: 0.440955 seconds.
  path: Assets/SkymonIconPackFree/skymon-icons-white/rewards.png
  artifactKey: Guid(ea8b390893576bd419dbf8df88d8849e) Importer(815301076,1909f56bfc062723c751e8b465ee728b)
Start importing Assets/SkymonIconPackFree/skymon-icons-white/rewards.png using Guid(ea8b390893576bd419dbf8df88d8849e) Importer(815301076,1909f56bfc062723c751e8b465ee728b)  -> (artifact id: 'fd62761c0e4d83691a54819728c22d15') in 0.016435 seconds
Number of updated asset objects reloaded before import = 0
Number of asset objects unloaded after import = 3
========================================================================
Received Import Request.
  Time since last request: 0.000024 seconds.
  path: Assets/SkymonIconPackFree/skymon-icons-white/round-info.png
  artifactKey: Guid(69d6e839a745f6b41a00d3e84063956b) Importer(815301076,1909f56bfc062723c751e8b465ee728b)
Start importing Assets/SkymonIconPackFree/skymon-icons-white/round-info.png using Guid(69d6e839a745f6b41a00d3e84063956b) Importer(815301076,1909f56bfc062723c751e8b465ee728b)  -> (artifact id: 'afdb85b61d77591f74832e68097b096a') in 0.018226 seconds
Number of updated asset objects reloaded before import = 0
Number of asset objects unloaded after import = 3
========================================================================
Received Import Request.
  Time since last request: 0.000030 seconds.
  path: Assets/SkymonIconPackFree/skymon-icons-white/settings.png
  artifactKey: Guid(dc4f0a6d692a4a742a2bc4a63f598639) Importer(815301076,1909f56bfc062723c751e8b465ee728b)
Start importing Assets/SkymonIconPackFree/skymon-icons-white/settings.png using Guid(dc4f0a6d692a4a742a2bc4a63f598639) Importer(815301076,1909f56bfc062723c751e8b465ee728b)  -> (artifact id: '4fd89dc5781e2edfe830224d23804343') in 0.018827 seconds
Number of updated asset objects reloaded before import = 0
Number of asset objects unloaded after import = 3
========================================================================
Received Import Request.
  Time since last request: 0.000023 seconds.
  path: Assets/SkymonIconPackFree/skymon-icons-white/settings-wrench.png
  artifactKey: Guid(aba2303e2865bf84bb09cdc78df5b1f5) Importer(815301076,1909f56bfc062723c751e8b465ee728b)
Start importing Assets/SkymonIconPackFree/skymon-icons-white/settings-wrench.png using Guid(aba2303e2865bf84bb09cdc78df5b1f5) Importer(815301076,1909f56bfc062723c751e8b465ee728b)  -> (artifact id: '5afd70b8b76f6260075ee3ef6a1c9d7b') in 0.017988 seconds
Number of updated asset objects reloaded before import = 0
Number of asset objects unloaded after import = 3
========================================================================
Received Import Request.
  Time since last request: 0.000019 seconds.
  path: Assets/SkymonIconPackFree/skymon-icons-white/settings-tool.png
  artifactKey: Guid(a7534d871a232ca488876ff0d10ff69e) Importer(815301076,1909f56bfc062723c751e8b465ee728b)
Start importing Assets/SkymonIconPackFree/skymon-icons-white/settings-tool.png using Guid(a7534d871a232ca488876ff0d10ff69e) Importer(815301076,1909f56bfc062723c751e8b465ee728b)  -> (artifact id: '8ad6d00888bb209fe056d0e871ab9591') in 0.018114 seconds
Number of updated asset objects reloaded before import = 0
Number of asset objects unloaded after import = 3
========================================================================
Received Import Request.
  Time since last request: 0.000024 seconds.
  path: Assets/SkymonIconPackFree/skymon-icons-white/select-icon2.png
  artifactKey: Guid(14245049c74a5974dbfd04f1d0b34a01) Importer(815301076,1909f56bfc062723c751e8b465ee728b)
Start importing Assets/SkymonIconPackFree/skymon-icons-white/select-icon2.png using Guid(14245049c74a5974dbfd04f1d0b34a01) Importer(815301076,1909f56bfc062723c751e8b465ee728b)  -> (artifact id: 'a090f0a0d6c7bf1eb3cbc0d91d34ee00') in 0.049465 seconds
Number of updated asset objects reloaded before import = 0
Number of asset objects unloaded after import = 3
========================================================================
Received Import Request.
  Time since last request: 1.288477 seconds.
  path: Assets/SkymonIconPackFree/skymon-icons-white/star-alt.png
  artifactKey: Guid(e26d7f19ac527d442a023a74df694289) Importer(815301076,1909f56bfc062723c751e8b465ee728b)
Start importing Assets/SkymonIconPackFree/skymon-icons-white/star-alt.png using Guid(e26d7f19ac527d442a023a74df694289) Importer(815301076,1909f56bfc062723c751e8b465ee728b)  -> (artifact id: '6d0106e484bc09d9c6ed8643860c9899') in 0.023215 seconds
Number of updated asset objects reloaded before import = 0
Number of asset objects unloaded after import = 3
========================================================================
Received Import Request.
  Time since last request: 0.000034 seconds.
  path: Assets/SkymonIconPackFree/skymon-icons-white/umbrella.png
  artifactKey: Guid(dc1f5c45157feb042bad7e6ae79df2d6) Importer(815301076,1909f56bfc062723c751e8b465ee728b)
Start importing Assets/SkymonIconPackFree/skymon-icons-white/umbrella.png using Guid(dc1f5c45157feb042bad7e6ae79df2d6) Importer(815301076,1909f56bfc062723c751e8b465ee728b)  -> (artifact id: 'a62c1b3f4724c9a2850234edbd708e7d') in 0.023875 seconds
Number of updated asset objects reloaded before import = 0
Number of asset objects unloaded after import = 3
========================================================================
Received Import Request.
  Time since last request: 0.000277 seconds.
  path: Assets/SkymonIconPackFree/skymon-icons-white/trash-bin.png
  artifactKey: Guid(e55977f8f66a33340ab51cac6cc79b0c) Importer(815301076,1909f56bfc062723c751e8b465ee728b)
Start importing Assets/SkymonIconPackFree/skymon-icons-white/trash-bin.png using Guid(e55977f8f66a33340ab51cac6cc79b0c) Importer(815301076,1909f56bfc062723c751e8b465ee728b)  -> (artifact id: 'a85fbfebfc70385c0fd4c73daab37d84') in 0.025530 seconds
Number of updated asset objects reloaded before import = 0
Number of asset objects unloaded after import = 3
========================================================================
Received Import Request.
  Time since last request: 0.000029 seconds.
  path: Assets/SkymonIconPackFree/skymon-icons-white/temple.png
  artifactKey: Guid(82529c3a895d20c419db4f8f994463cd) Importer(815301076,1909f56bfc062723c751e8b465ee728b)
Start importing Assets/SkymonIconPackFree/skymon-icons-white/temple.png using Guid(82529c3a895d20c419db4f8f994463cd) Importer(815301076,1909f56bfc062723c751e8b465ee728b)  -> (artifact id: '5afbe923d1452bd483789275ce697c60') in 0.025188 seconds
Number of updated asset objects reloaded before import = 0
Number of asset objects unloaded after import = 3
========================================================================
Received Import Request.
  Time since last request: 0.000024 seconds.
  path: Assets/SkymonIconPackFree/skymon-icons-white/trophy.png
  artifactKey: Guid(320aa043613b20848b24440a0fd254b1) Importer(815301076,1909f56bfc062723c751e8b465ee728b)
Start importing Assets/SkymonIconPackFree/skymon-icons-white/trophy.png using Guid(320aa043613b20848b24440a0fd254b1) Importer(815301076,1909f56bfc062723c751e8b465ee728b)  -> (artifact id: '9861037d6d8a38653701bd5728e73633') in 0.025259 seconds
Number of updated asset objects reloaded before import = 0
Number of asset objects unloaded after import = 3
========================================================================
Received Import Request.
  Time since last request: 0.000025 seconds.
  path: Assets/SkymonIconPackFree/skymon-icons-white/tower2.png
  artifactKey: Guid(2647170c0abeeaf46b8e5f2058d463e3) Importer(815301076,1909f56bfc062723c751e8b465ee728b)
Start importing Assets/SkymonIconPackFree/skymon-icons-white/tower2.png using Guid(2647170c0abeeaf46b8e5f2058d463e3) Importer(815301076,1909f56bfc062723c751e8b465ee728b)  -> (artifact id: 'dd1fe09e8476f2f7693b81b75507c37a') in 0.026702 seconds
Number of updated asset objects reloaded before import = 0
Number of asset objects unloaded after import = 3
========================================================================
Received Import Request.
  Time since last request: 0.505829 seconds.
  path: Assets/SkymonIconPackFree/skymon-icons-white/village.png
  artifactKey: Guid(f107c9a325298fa468246e860a3c2e88) Importer(815301076,1909f56bfc062723c751e8b465ee728b)
Start importing Assets/SkymonIconPackFree/skymon-icons-white/village.png using Guid(f107c9a325298fa468246e860a3c2e88) Importer(815301076,1909f56bfc062723c751e8b465ee728b)  -> (artifact id: '10230e25acc930919e8b3067a9165561') in 0.025407 seconds
Number of updated asset objects reloaded before import = 0
Number of asset objects unloaded after import = 3
========================================================================
Received Import Request.
  Time since last request: 0.000022 seconds.
  path: Assets/SkymonIconPackFree/skymon-icons-white/water-drop.png
  artifactKey: Guid(9f85365ebeb1cb64f9f315f7c4610e35) Importer(815301076,1909f56bfc062723c751e8b465ee728b)
Start importing Assets/SkymonIconPackFree/skymon-icons-white/water-drop.png using Guid(9f85365ebeb1cb64f9f315f7c4610e35) Importer(815301076,1909f56bfc062723c751e8b465ee728b)  -> (artifact id: 'f535d30e628fb8d712e9dd555d39aeef') in 0.029496 seconds
Number of updated asset objects reloaded before import = 0
Number of asset objects unloaded after import = 3
========================================================================
Received Import Request.
  Time since last request: 0.000172 seconds.
  path: Assets/SkymonIconPackFree/skymon-icons-white/windmill.png
  artifactKey: Guid(1bd61170dda4277469cbd8f7d69a5d86) Importer(815301076,1909f56bfc062723c751e8b465ee728b)
Start importing Assets/SkymonIconPackFree/skymon-icons-white/windmill.png using Guid(1bd61170dda4277469cbd8f7d69a5d86) Importer(815301076,1909f56bfc062723c751e8b465ee728b)  -> (artifact id: 'ad2929ac906e5e1f5675aefeba54b255') in 0.029768 seconds
Number of updated asset objects reloaded before import = 0
Number of asset objects unloaded after import = 3
========================================================================
Received Import Request.
  Time since last request: 0.000020 seconds.
  path: Assets/SkymonIconPackFree/skymon-icons-white/zoom-plus.png
  artifactKey: Guid(c4de94fb6c738d24bb312ccb54be94ae) Importer(815301076,1909f56bfc062723c751e8b465ee728b)
Start importing Assets/SkymonIconPackFree/skymon-icons-white/zoom-plus.png using Guid(c4de94fb6c738d24bb312ccb54be94ae) Importer(815301076,1909f56bfc062723c751e8b465ee728b)  -> (artifact id: '05b9772ae3e9070c3d8cdef8a6e133f1') in 0.044323 seconds
Number of updated asset objects reloaded before import = 0
Number of asset objects unloaded after import = 3
Editor requested this worker to shutdown with reason: Scaling down because of idle timeout
TcpMessagingSession - receive error: operation aborted. errorcode: 995, details: The I/O operation has been aborted because of either a thread exit or an application request.
AssetImportWorker is now disconnected from the server
Process exiting
Exiting without the bug reporter. Application will terminate with return code 0