Using pre-set license
Built from '2022.3/staging' branch; Version is '2022.3.28f1 (6bae5ce6b222) revision 7056988'; Using compiler version '192829333'; Build Type 'Release'
OS: 'Windows 11  (10.0.22631) 64bit Core' Language: 'en' Physical Memory: 32602 MB
BatchMode: 1, IsHumanControllingUs: 0, StartBugReporterOnCrash: 0, Is64bit: 1, IsPro: 1

COMMAND LINE ARGUMENTS:
C:\Program Files\Unity\Hub\Editor\2022.3.28f1\Editor\Unity.exe
-adb2
-batchMode
-noUpm
-name
AssetImportWorker2
-projectPath
C:/Users/Admin/Downloads/School WOrk (TEMP)_/Specilization-Project/My project
-logFile
Logs/AssetImportWorker2.log
-srvPort
50728
Successfully changed project path to: C:/Users/Admin/Downloads/School WOrk (TEMP)_/Specilization-Project/My project
C:/Users/Admin/Downloads/School WOrk (TEMP)_/Specilization-Project/My project
[UnityMemory] Configuration Parameters - Can be set up in boot.config
    "memorysetup-bucket-allocator-granularity=16"
    "memorysetup-bucket-allocator-bucket-count=8"
    "memorysetup-bucket-allocator-block-size=33554432"
    "memorysetup-bucket-allocator-block-count=8"
    "memorysetup-main-allocator-block-size=16777216"
    "memorysetup-thread-allocator-block-size=16777216"
    "memorysetup-gfx-main-allocator-block-size=16777216"
    "memorysetup-gfx-thread-allocator-block-size=16777216"
    "memorysetup-cache-allocator-block-size=4194304"
    "memorysetup-typetree-allocator-block-size=2097152"
    "memorysetup-profiler-bucket-allocator-granularity=16"
    "memorysetup-profiler-bucket-allocator-bucket-count=8"
    "memorysetup-profiler-bucket-allocator-block-size=33554432"
    "memorysetup-profiler-bucket-allocator-block-count=8"
    "memorysetup-profiler-allocator-block-size=16777216"
    "memorysetup-profiler-editor-allocator-block-size=1048576"
    "memorysetup-temp-allocator-size-main=16777216"
    "memorysetup-job-temp-allocator-block-size=2097152"
    "memorysetup-job-temp-allocator-block-size-background=1048576"
    "memorysetup-job-temp-allocator-reduction-small-platforms=262144"
    "memorysetup-allocator-temp-initial-block-size-main=262144"
    "memorysetup-allocator-temp-initial-block-size-worker=262144"
    "memorysetup-temp-allocator-size-background-worker=32768"
    "memorysetup-temp-allocator-size-job-worker=262144"
    "memorysetup-temp-allocator-size-preload-manager=33554432"
    "memorysetup-temp-allocator-size-nav-mesh-worker=65536"
    "memorysetup-temp-allocator-size-audio-worker=65536"
    "memorysetup-temp-allocator-size-cloud-worker=32768"
    "memorysetup-temp-allocator-size-gi-baking-worker=262144"
    "memorysetup-temp-allocator-size-gfx=262144"
Player connection [19688] Host "[IP] 192.168.86.36 [Port] 0 [Flags] 2 [Guid] 3200913705 [EditorId] 3200913705 [Version] 1048832 [Id] WindowsEditor(7,DESKTOP-NRH17A1) [Debug] 1 [PackageName] WindowsEditor [ProjectName] Editor" joined multi-casting on [225.0.0.222:54997]...

Player connection [19688] Host "[IP] 192.168.86.36 [Port] 0 [Flags] 2 [Guid] 3200913705 [EditorId] 3200913705 [Version] 1048832 [Id] WindowsEditor(7,DESKTOP-NRH17A1) [Debug] 1 [PackageName] WindowsEditor [ProjectName] Editor" joined alternative multi-casting on [225.0.0.222:34997]...

[Physics::Module] Initialized MultithreadedJobDispatcher with 31 workers.
Refreshing native plugins compatible for Editor in 5.43 ms, found 3 plugins.
Preloading 0 native plugins for Editor in 0.00 ms.
Initialize engine version: 2022.3.28f1 (6bae5ce6b222)
[Subsystems] Discovering subsystems at path C:/Program Files/Unity/Hub/Editor/2022.3.28f1/Editor/Data/Resources/UnitySubsystems
[Subsystems] Discovering subsystems at path C:/Users/Admin/Downloads/School WOrk (TEMP)_/Specilization-Project/My project/Assets
GfxDevice: creating device client; threaded=0; jobified=0
Direct3D:
    Version:  Direct3D 11.0 [level 11.1]
    Renderer: NVIDIA GeForce RTX 4090 (ID=0x2684)
    Vendor:   NVIDIA
    VRAM:     24142 MB
    Driver:   31.0.15.5123
Initialize mono
Mono path[0] = 'C:/Program Files/Unity/Hub/Editor/2022.3.28f1/Editor/Data/Managed'
Mono path[1] = 'C:/Program Files/Unity/Hub/Editor/2022.3.28f1/Editor/Data/MonoBleedingEdge/lib/mono/unityjit-win32'
Mono config path = 'C:/Program Files/Unity/Hub/Editor/2022.3.28f1/Editor/Data/MonoBleedingEdge/etc'
Using monoOptions --debugger-agent=transport=dt_socket,embedding=1,server=y,suspend=n,address=127.0.0.1:56684
Begin MonoManager ReloadAssembly
Registering precompiled unity dll's ...
Register platform support module: C:/Program Files/Unity/Hub/Editor/2022.3.28f1/Editor/Data/PlaybackEngines/AndroidPlayer/UnityEditor.Android.Extensions.dll
Register platform support module: C:/Program Files/Unity/Hub/Editor/2022.3.28f1/Editor/Data/PlaybackEngines/WindowsStandaloneSupport/UnityEditor.WindowsStandalone.Extensions.dll
Registered in 0.004643 seconds.
- Loaded All Assemblies, in  0.204 seconds
Native extension for WindowsStandalone target not found
Native extension for Android target not found
Android Extension - Scanning For ADB Devices 159 ms
Mono: successfully reloaded assembly
- Finished resetting the current domain, in  0.355 seconds
Domain Reload Profiling: 558ms
	BeginReloadAssembly (63ms)
		ExecutionOrderSort (0ms)
		DisableScriptedObjects (0ms)
		BackupInstance (0ms)
		ReleaseScriptingObjects (0ms)
		CreateAndSetChildDomain (0ms)
	RebuildCommonClasses (18ms)
	RebuildNativeTypeToScriptingClass (6ms)
	initialDomainReloadingComplete (33ms)
	LoadAllAssembliesAndSetupDomain (84ms)
		LoadAssemblies (62ms)
		RebuildTransferFunctionScriptingTraits (0ms)
		AnalyzeDomain (82ms)
			TypeCache.Refresh (81ms)
				TypeCache.ScanAssembly (73ms)
			ScanForSourceGeneratedMonoScriptInfo (0ms)
			ResolveRequiredComponents (0ms)
	FinalizeReload (355ms)
		ReleaseScriptCaches (0ms)
		RebuildScriptCaches (0ms)
		SetupLoadedEditorAssemblies (321ms)
			LogAssemblyErrors (0ms)
			InitializePlatformSupportModulesInManaged (226ms)
			SetLoadedEditorAssemblies (2ms)
			RefreshPlugins (0ms)
			BeforeProcessingInitializeOnLoad (1ms)
			ProcessInitializeOnLoadAttributes (65ms)
			ProcessInitializeOnLoadMethodAttributes (26ms)
			AfterProcessingInitializeOnLoad (0ms)
			EditorAssembliesLoaded (0ms)
		ExecutionOrderSort2 (0ms)
		AwakeInstancesAfterBackupRestoration (0ms)
========================================================================
Worker process is ready to serve import requests
Begin MonoManager ReloadAssembly
- Loaded All Assemblies, in  0.361 seconds
Refreshing native plugins compatible for Editor in 2.14 ms, found 3 plugins.
Native extension for WindowsStandalone target not found
Native extension for Android target not found
Package Manager log level set to [2]
[Package Manager] Server::EnsureServerProcessIsRunning -- launch failed, reason: Unity was launched with the -noUpm command-line argument
[Package Manager] UpmClient::Send -- Unable to send message (not connected to UPM process).
[Package Manager] Cannot connect to Unity Package Manager local server
Mono: successfully reloaded assembly
- Finished resetting the current domain, in  0.328 seconds
Domain Reload Profiling: 687ms
	BeginReloadAssembly (81ms)
		ExecutionOrderSort (0ms)
		DisableScriptedObjects (3ms)
		BackupInstance (0ms)
		ReleaseScriptingObjects (0ms)
		CreateAndSetChildDomain (12ms)
	RebuildCommonClasses (18ms)
	RebuildNativeTypeToScriptingClass (6ms)
	initialDomainReloadingComplete (25ms)
	LoadAllAssembliesAndSetupDomain (229ms)
		LoadAssemblies (170ms)
		RebuildTransferFunctionScriptingTraits (0ms)
		AnalyzeDomain (106ms)
			TypeCache.Refresh (93ms)
				TypeCache.ScanAssembly (83ms)
			ScanForSourceGeneratedMonoScriptInfo (9ms)
			ResolveRequiredComponents (3ms)
	FinalizeReload (328ms)
		ReleaseScriptCaches (0ms)
		RebuildScriptCaches (0ms)
		SetupLoadedEditorAssemblies (243ms)
			LogAssemblyErrors (0ms)
			InitializePlatformSupportModulesInManaged (14ms)
			SetLoadedEditorAssemblies (2ms)
			RefreshPlugins (0ms)
			BeforeProcessingInitializeOnLoad (33ms)
			ProcessInitializeOnLoadAttributes (179ms)
			ProcessInitializeOnLoadMethodAttributes (11ms)
			AfterProcessingInitializeOnLoad (4ms)
			EditorAssembliesLoaded (0ms)
		ExecutionOrderSort2 (0ms)
		AwakeInstancesAfterBackupRestoration (4ms)
Launched and connected shader compiler UnityShaderCompiler.exe after 0.04 seconds
Refreshing native plugins compatible for Editor in 1.72 ms, found 3 plugins.
Preloading 0 native plugins for Editor in 0.00 ms.
Unloading 3329 Unused Serialized files (Serialized files now loaded: 0)
Unloading 46 unused Assets / (131.3 KB). Loaded Objects now: 3792.
Memory consumption went from 136.9 MB to 136.8 MB.
Total: 1.911700 ms (FindLiveObjects: 0.148000 ms CreateObjectMapping: 0.040700 ms MarkObjects: 1.630500 ms  DeleteObjects: 0.091900 ms)

AssetImportParameters requested are different than current active one (requested -> active):
  custom:container-demuxer-ogg: 62fdf1f143b41e24485cea50d1cbac27 -> 
  custom:video-codec-MediaFoundation-h265: 746d11721c4dcdbdad8f713fa42b33f4 -> 
  custom:video-decoder-ogg-theora: a1e56fd34408186e4bbccfd4996cb3dc -> 
  custom:framework-win-MediaFoundation: 216162199b28c13a410421893ffa2e32 -> 
  custom:CustomObjectIndexerAttribute: 9a22284fe3817be447336de3de66b15e -> 
  custom:container-demuxer-webm: 4f35f7cbe854078d1ac9338744f61a02 -> 
  custom:container-muxer-webm: aa71ff27fc2769a1b78a27578f13a17b -> 
  custom:video-decoder-webm-vp8: 9c59270c3fd7afecdb556c50c9e8de78 -> 
  custom:SearchIndexIgnoredProperties: e643bd26f0fe6173181afceb89e7c659 -> 
  custom:AudioImporter_EditorPlatform: d09bf68614088b80899f8185d706f6e7 -> 
  custom:video-encoder-webm-vp8: eb34c28f22e8b96e1ab97ce403110664 -> 
  custom:audio-decoder-ogg-vorbis: bf7c407c2cedff20999df2af8eb42d56 -> 
  custom:audio-encoder-webm-vorbis: bf7c407c2cedff20999df2af8eb42d56 -> 
========================================================================
Received Import Request.
  Time since last request: 5313.411993 seconds.
  path: Assets/Images/Untitled Diagram.jpg
  artifactKey: Guid(9f7399a1bd263214a9505959fef8fcad) Importer(815301076,1909f56bfc062723c751e8b465ee728b)
Start importing Assets/Images/Untitled Diagram.jpg using Guid(9f7399a1bd263214a9505959fef8fcad) Importer(815301076,1909f56bfc062723c751e8b465ee728b)  -> (artifact id: '6ac723035988c8c2c86e4d6d023b3e61') in 0.046105 seconds
Number of updated asset objects reloaded before import = 0
Number of asset objects unloaded after import = 2
========================================================================
Received Import Request.
  Time since last request: 3.332431 seconds.
  path: Assets/Images/Ui2.jpg
  artifactKey: Guid(9f7399a1bd263214a9505959fef8fcad) Importer(815301076,1909f56bfc062723c751e8b465ee728b)
Start importing Assets/Images/Ui2.jpg using Guid(9f7399a1bd263214a9505959fef8fcad) Importer(815301076,1909f56bfc062723c751e8b465ee728b)  -> (artifact id: '73abe52513a4316d9e65597a358e2ba8') in 0.003976 seconds
Number of updated asset objects reloaded before import = 0
Number of asset objects unloaded after import = 2
========================================================================
Received Import Request.
  Time since last request: 5.267779 seconds.
  path: Assets/Images/Ui2.jpg
  artifactKey: Guid(9f7399a1bd263214a9505959fef8fcad) Importer(815301076,1909f56bfc062723c751e8b465ee728b)
Start importing Assets/Images/Ui2.jpg using Guid(9f7399a1bd263214a9505959fef8fcad) Importer(815301076,1909f56bfc062723c751e8b465ee728b)  -> (artifact id: '666c66dc34599ef3877a7ff4744702ed') in 0.026997 seconds
Number of updated asset objects reloaded before import = 0
Number of asset objects unloaded after import = 3
========================================================================
Received Import Request.
  Time since last request: 2008.364597 seconds.
  path: Assets/Images/1.jpg
  artifactKey: Guid(dd86e5660fb839643a1e7c25598aa84d) Importer(815301076,1909f56bfc062723c751e8b465ee728b)
Start importing Assets/Images/1.jpg using Guid(dd86e5660fb839643a1e7c25598aa84d) Importer(815301076,1909f56bfc062723c751e8b465ee728b)  -> (artifact id: '3e752fd064ef4218c1296e4c63aa229a') in 0.019673 seconds
Number of updated asset objects reloaded before import = 0
Number of asset objects unloaded after import = 2
========================================================================
Received Import Request.
  Time since last request: 0.003300 seconds.
  path: Assets/Images/4.jpg
  artifactKey: Guid(0fecf999a13c2fa47bf85a4ac42398a5) Importer(815301076,1909f56bfc062723c751e8b465ee728b)
Start importing Assets/Images/4.jpg using Guid(0fecf999a13c2fa47bf85a4ac42398a5) Importer(815301076,1909f56bfc062723c751e8b465ee728b)  -> (artifact id: '666dc040aad6a8813da5ff2b9d0f9aba') in 0.005246 seconds
Number of updated asset objects reloaded before import = 0
Number of asset objects unloaded after import = 2
========================================================================
Received Import Request.
  Time since last request: 0.016805 seconds.
  path: Assets/Images/14.jpg
  artifactKey: Guid(60a1dd9ce759042429ca1b4c6345b2dd) Importer(815301076,1909f56bfc062723c751e8b465ee728b)
Start importing Assets/Images/14.jpg using Guid(60a1dd9ce759042429ca1b4c6345b2dd) Importer(815301076,1909f56bfc062723c751e8b465ee728b)  -> (artifact id: '14e491d81d42bbe57fe4ef930701193f') in 0.011738 seconds
Number of updated asset objects reloaded before import = 0
Number of asset objects unloaded after import = 2
========================================================================
Received Import Request.
  Time since last request: 0.000014 seconds.
  path: Assets/Images/16.jpg
  artifactKey: Guid(46760eab75a5e844baff900cc8e4f781) Importer(815301076,1909f56bfc062723c751e8b465ee728b)
Start importing Assets/Images/16.jpg using Guid(46760eab75a5e844baff900cc8e4f781) Importer(815301076,1909f56bfc062723c751e8b465ee728b)  -> (artifact id: 'e6387992d83c7a7e39883ec4d5f7f3b2') in 0.006964 seconds
Number of updated asset objects reloaded before import = 0
Number of asset objects unloaded after import = 2
========================================================================
Received Import Request.
  Time since last request: 0.000064 seconds.
  path: Assets/Images/9.jpg
  artifactKey: Guid(eb1d2aed292d110419f4747bc28f434f) Importer(815301076,1909f56bfc062723c751e8b465ee728b)
Start importing Assets/Images/9.jpg using Guid(eb1d2aed292d110419f4747bc28f434f) Importer(815301076,1909f56bfc062723c751e8b465ee728b)  -> (artifact id: '9e1cd50452243ca2420bc69e5a9c2446') in 0.005945 seconds
Number of updated asset objects reloaded before import = 0
Number of asset objects unloaded after import = 2
========================================================================
Received Import Request.
  Time since last request: 0.000012 seconds.
  path: Assets/Images/6.jpg
  artifactKey: Guid(2401ac29d30ac7a489692c7f98886237) Importer(815301076,1909f56bfc062723c751e8b465ee728b)
Start importing Assets/Images/6.jpg using Guid(2401ac29d30ac7a489692c7f98886237) Importer(815301076,1909f56bfc062723c751e8b465ee728b)  -> (artifact id: '2c54ef277e0272047c8f043020da518a') in 0.006638 seconds
Number of updated asset objects reloaded before import = 0
Number of asset objects unloaded after import = 2
========================================================================
Received Import Request.
  Time since last request: 0.000037 seconds.
  path: Assets/Images/10.jpg
  artifactKey: Guid(c520f3264eccc4741a8405ae32da77cd) Importer(815301076,1909f56bfc062723c751e8b465ee728b)
Start importing Assets/Images/10.jpg using Guid(c520f3264eccc4741a8405ae32da77cd) Importer(815301076,1909f56bfc062723c751e8b465ee728b)  -> (artifact id: '67e011e4043c564e608205ad10c0b154') in 0.005939 seconds
Number of updated asset objects reloaded before import = 0
Number of asset objects unloaded after import = 2
========================================================================
Received Import Request.
  Time since last request: 0.000013 seconds.
  path: Assets/Images/5.jpg
  artifactKey: Guid(012bbbcd9556e6f489797a6e0ac0e5aa) Importer(815301076,1909f56bfc062723c751e8b465ee728b)
Start importing Assets/Images/5.jpg using Guid(012bbbcd9556e6f489797a6e0ac0e5aa) Importer(815301076,1909f56bfc062723c751e8b465ee728b)  -> (artifact id: '1415fe7d586da96f1b935ff4f00ca32f') in 0.011543 seconds
Number of updated asset objects reloaded before import = 0
Number of asset objects unloaded after import = 2
========================================================================
Received Import Request.
  Time since last request: 19.119755 seconds.
  path: Assets/Images/Temp Images/1.jpg
  artifactKey: Guid(dd86e5660fb839643a1e7c25598aa84d) Importer(815301076,1909f56bfc062723c751e8b465ee728b)
Start importing Assets/Images/Temp Images/1.jpg using Guid(dd86e5660fb839643a1e7c25598aa84d) Importer(815301076,1909f56bfc062723c751e8b465ee728b)  -> (artifact id: 'b7af7ea180ba7d0cc1d8e1bdeb200403') in 0.023743 seconds
Number of updated asset objects reloaded before import = 0
Number of asset objects unloaded after import = 3
========================================================================
Received Import Request.
  Time since last request: 0.000105 seconds.
  path: Assets/Images/Temp Images/14.jpg
  artifactKey: Guid(60a1dd9ce759042429ca1b4c6345b2dd) Importer(815301076,1909f56bfc062723c751e8b465ee728b)
Start importing Assets/Images/Temp Images/14.jpg using Guid(60a1dd9ce759042429ca1b4c6345b2dd) Importer(815301076,1909f56bfc062723c751e8b465ee728b)  -> (artifact id: '31406c48202605d50603ceda2fa32c73') in 0.032056 seconds
Number of updated asset objects reloaded before import = 0
Number of asset objects unloaded after import = 3
========================================================================
Received Import Request.
  Time since last request: 0.000017 seconds.
  path: Assets/Images/Temp Images/11.jpg
  artifactKey: Guid(6acf87dc413b71a45816925e8b785d80) Importer(815301076,1909f56bfc062723c751e8b465ee728b)
Start importing Assets/Images/Temp Images/11.jpg using Guid(6acf87dc413b71a45816925e8b785d80) Importer(815301076,1909f56bfc062723c751e8b465ee728b)  -> (artifact id: '38895fe4fcfd95b50a057b09a4f82b55') in 0.011776 seconds
Number of updated asset objects reloaded before import = 0
Number of asset objects unloaded after import = 3
========================================================================
Received Prepare
Begin MonoManager ReloadAssembly
- Loaded All Assemblies, in  0.450 seconds
Refreshing native plugins compatible for Editor in 2.13 ms, found 3 plugins.
Native extension for WindowsStandalone target not found
Native extension for Android target not found
[Package Manager] Server::EnsureServerProcessIsRunning -- launch failed, reason: Unity was launched with the -noUpm command-line argument
[Package Manager] UpmClient::Send -- Unable to send message (not connected to UPM process).
[Package Manager] Cannot connect to Unity Package Manager local server
Mono: successfully reloaded assembly
- Finished resetting the current domain, in  0.527 seconds
Domain Reload Profiling: 976ms
	BeginReloadAssembly (160ms)
		ExecutionOrderSort (0ms)
		DisableScriptedObjects (5ms)
		BackupInstance (0ms)
		ReleaseScriptingObjects (0ms)
		CreateAndSetChildDomain (56ms)
	RebuildCommonClasses (18ms)
	RebuildNativeTypeToScriptingClass (6ms)
	initialDomainReloadingComplete (20ms)
	LoadAllAssembliesAndSetupDomain (244ms)
		LoadAssemblies (293ms)
		RebuildTransferFunctionScriptingTraits (0ms)
		AnalyzeDomain (20ms)
			TypeCache.Refresh (9ms)
				TypeCache.ScanAssembly (0ms)
			ScanForSourceGeneratedMonoScriptInfo (6ms)
			ResolveRequiredComponents (5ms)
	FinalizeReload (527ms)
		ReleaseScriptCaches (0ms)
		RebuildScriptCaches (0ms)
		SetupLoadedEditorAssemblies (236ms)
			LogAssemblyErrors (0ms)
			InitializePlatformSupportModulesInManaged (15ms)
			SetLoadedEditorAssemblies (3ms)
			RefreshPlugins (0ms)
			BeforeProcessingInitializeOnLoad (38ms)
			ProcessInitializeOnLoadAttributes (166ms)
			ProcessInitializeOnLoadMethodAttributes (11ms)
			AfterProcessingInitializeOnLoad (4ms)
			EditorAssembliesLoaded (0ms)
		ExecutionOrderSort2 (0ms)
		AwakeInstancesAfterBackupRestoration (4ms)
Refreshing native plugins compatible for Editor in 1.68 ms, found 3 plugins.
Preloading 0 native plugins for Editor in 0.00 ms.
Unloading 3306 Unused Serialized files (Serialized files now loaded: 0)
Unloading 25 unused Assets / (102.9 KB). Loaded Objects now: 3816.
Memory consumption went from 131.7 MB to 131.6 MB.
Total: 2.160400 ms (FindLiveObjects: 0.133100 ms CreateObjectMapping: 0.036100 ms MarkObjects: 1.954300 ms  DeleteObjects: 0.036200 ms)

Prepare: number of updated asset objects reloaded= 0
AssetImportParameters requested are different than current active one (requested -> active):
  custom:container-demuxer-ogg: 62fdf1f143b41e24485cea50d1cbac27 -> 
  custom:video-codec-MediaFoundation-h265: 746d11721c4dcdbdad8f713fa42b33f4 -> 
  custom:video-decoder-ogg-theora: a1e56fd34408186e4bbccfd4996cb3dc -> 
  custom:framework-win-MediaFoundation: 216162199b28c13a410421893ffa2e32 -> 
  custom:CustomObjectIndexerAttribute: 9a22284fe3817be447336de3de66b15e -> 
  custom:container-demuxer-webm: 4f35f7cbe854078d1ac9338744f61a02 -> 
  custom:container-muxer-webm: aa71ff27fc2769a1b78a27578f13a17b -> 
  custom:video-decoder-webm-vp8: 9c59270c3fd7afecdb556c50c9e8de78 -> 
  custom:SearchIndexIgnoredProperties: e643bd26f0fe6173181afceb89e7c659 -> 
  custom:AudioImporter_EditorPlatform: d09bf68614088b80899f8185d706f6e7 -> 
  custom:video-encoder-webm-vp8: eb34c28f22e8b96e1ab97ce403110664 -> 
  custom:audio-decoder-ogg-vorbis: bf7c407c2cedff20999df2af8eb42d56 -> 
  custom:audio-encoder-webm-vorbis: bf7c407c2cedff20999df2af8eb42d56 -> 
========================================================================
Received Import Request.
  Time since last request: 332.659056 seconds.
  path: Assets/SkymonIconPackFree/skymon-icons-white/rewards.png
  artifactKey: Guid(ea8b390893576bd419dbf8df88d8849e) Importer(815301076,1909f56bfc062723c751e8b465ee728b)
Start importing Assets/SkymonIconPackFree/skymon-icons-white/rewards.png using Guid(ea8b390893576bd419dbf8df88d8849e) Importer(815301076,1909f56bfc062723c751e8b465ee728b)  -> (artifact id: '3bd9fd0bdf369446295ac297c2c9bfb8') in 0.052887 seconds
Number of updated asset objects reloaded before import = 0
Number of asset objects unloaded after import = 3
========================================================================
Received Import Request.
  Time since last request: 0.000014 seconds.
  path: Assets/SkymonIconPackFree/skymon-icons-white/bomb.png
  artifactKey: Guid(9b7b733381ce08d49bfa57bf33e62a4e) Importer(815301076,1909f56bfc062723c751e8b465ee728b)
Start importing Assets/SkymonIconPackFree/skymon-icons-white/bomb.png using Guid(9b7b733381ce08d49bfa57bf33e62a4e) Importer(815301076,1909f56bfc062723c751e8b465ee728b)  -> (artifact id: '0f81d797943c47ed6f978528f2e655df') in 0.010758 seconds
Number of updated asset objects reloaded before import = 0
Number of asset objects unloaded after import = 3
========================================================================
Received Import Request.
  Time since last request: 0.000013 seconds.
  path: Assets/SkymonIconPackFree/skymon-icons-white/boss.png
  artifactKey: Guid(e600b90ad40b15f4386bf18e9dcee3bc) Importer(815301076,1909f56bfc062723c751e8b465ee728b)
Start importing Assets/SkymonIconPackFree/skymon-icons-white/boss.png using Guid(e600b90ad40b15f4386bf18e9dcee3bc) Importer(815301076,1909f56bfc062723c751e8b465ee728b)  -> (artifact id: '77d9572168b4a9f9611549e01347922f') in 0.016762 seconds
Number of updated asset objects reloaded before import = 0
Number of asset objects unloaded after import = 3
========================================================================
Received Import Request.
  Time since last request: 0.002593 seconds.
  path: Assets/SkymonIconPackFree/skymon-icons-white/misc.png
  artifactKey: Guid(54630d81cb166ff46bb2ef2dd87bb859) Importer(815301076,1909f56bfc062723c751e8b465ee728b)
Start importing Assets/SkymonIconPackFree/skymon-icons-white/misc.png using Guid(54630d81cb166ff46bb2ef2dd87bb859) Importer(815301076,1909f56bfc062723c751e8b465ee728b)  -> (artifact id: '8b16dce3ba74f547f06ff5d259ee1841') in 0.010524 seconds
Number of updated asset objects reloaded before import = 0
Number of asset objects unloaded after import = 3
========================================================================
Received Import Request.
  Time since last request: 0.000013 seconds.
  path: Assets/SkymonIconPackFree/skymon-icons-white/money.png
  artifactKey: Guid(d3fd60fd25eba364bb18f327a05c7b80) Importer(815301076,1909f56bfc062723c751e8b465ee728b)
Start importing Assets/SkymonIconPackFree/skymon-icons-white/money.png using Guid(d3fd60fd25eba364bb18f327a05c7b80) Importer(815301076,1909f56bfc062723c751e8b465ee728b)  -> (artifact id: '87d284a35699f48d9442cf31a9c9da76') in 0.015434 seconds
Number of updated asset objects reloaded before import = 0
Number of asset objects unloaded after import = 3
========================================================================
Received Import Request.
  Time since last request: 0.000016 seconds.
  path: Assets/SkymonIconPackFree/skymon-icons-white/camp.png
  artifactKey: Guid(4fb10d78a49253246880a851928e2f11) Importer(815301076,1909f56bfc062723c751e8b465ee728b)
Start importing Assets/SkymonIconPackFree/skymon-icons-white/camp.png using Guid(4fb10d78a49253246880a851928e2f11) Importer(815301076,1909f56bfc062723c751e8b465ee728b)  -> (artifact id: '4b375af8a2ff798fc56d9d4a686b7a6b') in 0.019432 seconds
Number of updated asset objects reloaded before import = 0
Number of asset objects unloaded after import = 3
========================================================================
Received Import Request.
  Time since last request: 0.000013 seconds.
  path: Assets/SkymonIconPackFree/skymon-icons-white/bridge.png
  artifactKey: Guid(2e4423831f8928d449f79cfc3b90cf9e) Importer(815301076,1909f56bfc062723c751e8b465ee728b)
Start importing Assets/SkymonIconPackFree/skymon-icons-white/bridge.png using Guid(2e4423831f8928d449f79cfc3b90cf9e) Importer(815301076,1909f56bfc062723c751e8b465ee728b)  -> (artifact id: '85dd254da1485b691141d77737083d49') in 0.016505 seconds
Number of updated asset objects reloaded before import = 0
Number of asset objects unloaded after import = 3
========================================================================
Received Import Request.
  Time since last request: 0.000012 seconds.
  path: Assets/SkymonIconPackFree/skymon-icons-white/chat.png
  artifactKey: Guid(9874f1ec2986b4642b100aa4f990b6b6) Importer(815301076,1909f56bfc062723c751e8b465ee728b)
Start importing Assets/SkymonIconPackFree/skymon-icons-white/chat.png using Guid(9874f1ec2986b4642b100aa4f990b6b6) Importer(815301076,1909f56bfc062723c751e8b465ee728b)  -> (artifact id: 'ab2031619c046aa0a4f9c103738e0686') in 0.017420 seconds
Number of updated asset objects reloaded before import = 0
Number of asset objects unloaded after import = 3
Editor requested this worker to shutdown with reason: Scaling down because of idle timeout
TcpMessagingSession - receive error
AssetImportWorkerClient::OnTransportError - code=2 error=End of file
AssetImportWorker is now disconnected from the server
Process exiting
Exiting without the bug reporter. Application will terminate with return code 0