Using pre-set license
Built from '2022.3/staging' branch; Version is '2022.3.28f1 (6bae5ce6b222) revision 7056988'; Using compiler version '192829333'; Build Type 'Release'
OS: 'Windows 11  (10.0.22631) 64bit Core' Language: 'en' Physical Memory: 32602 MB
BatchMode: 1, IsHumanControllingUs: 0, StartBugReporterOnCrash: 0, Is64bit: 1, IsPro: 1

COMMAND LINE ARGUMENTS:
C:\Program Files\Unity\Hub\Editor\2022.3.28f1\Editor\Unity.exe
-adb2
-batchMode
-noUpm
-name
AssetImportWorker26
-projectPath
C:/Users/Admin/Downloads/School WOrk (TEMP)_/Specilization-Project/My project
-logFile
Logs/AssetImportWorker26.log
-srvPort
50728
Successfully changed project path to: C:/Users/Admin/Downloads/School WOrk (TEMP)_/Specilization-Project/My project
C:/Users/Admin/Downloads/School WOrk (TEMP)_/Specilization-Project/My project
[UnityMemory] Configuration Parameters - Can be set up in boot.config
    "memorysetup-bucket-allocator-granularity=16"
    "memorysetup-bucket-allocator-bucket-count=8"
    "memorysetup-bucket-allocator-block-size=33554432"
    "memorysetup-bucket-allocator-block-count=8"
    "memorysetup-main-allocator-block-size=16777216"
    "memorysetup-thread-allocator-block-size=16777216"
    "memorysetup-gfx-main-allocator-block-size=16777216"
    "memorysetup-gfx-thread-allocator-block-size=16777216"
    "memorysetup-cache-allocator-block-size=4194304"
    "memorysetup-typetree-allocator-block-size=2097152"
    "memorysetup-profiler-bucket-allocator-granularity=16"
    "memorysetup-profiler-bucket-allocator-bucket-count=8"
    "memorysetup-profiler-bucket-allocator-block-size=33554432"
    "memorysetup-profiler-bucket-allocator-block-count=8"
    "memorysetup-profiler-allocator-block-size=16777216"
    "memorysetup-profiler-editor-allocator-block-size=1048576"
    "memorysetup-temp-allocator-size-main=16777216"
    "memorysetup-job-temp-allocator-block-size=2097152"
    "memorysetup-job-temp-allocator-block-size-background=1048576"
    "memorysetup-job-temp-allocator-reduction-small-platforms=262144"
    "memorysetup-allocator-temp-initial-block-size-main=262144"
    "memorysetup-allocator-temp-initial-block-size-worker=262144"
    "memorysetup-temp-allocator-size-background-worker=32768"
    "memorysetup-temp-allocator-size-job-worker=262144"
    "memorysetup-temp-allocator-size-preload-manager=33554432"
    "memorysetup-temp-allocator-size-nav-mesh-worker=65536"
    "memorysetup-temp-allocator-size-audio-worker=65536"
    "memorysetup-temp-allocator-size-cloud-worker=32768"
    "memorysetup-temp-allocator-size-gi-baking-worker=262144"
    "memorysetup-temp-allocator-size-gfx=262144"
Player connection [44360] Host "[IP] 192.168.86.36 [Port] 0 [Flags] 2 [Guid] 1531867938 [EditorId] 1531867938 [Version] 1048832 [Id] WindowsEditor(7,DESKTOP-NRH17A1) [Debug] 1 [PackageName] WindowsEditor [ProjectName] Editor" joined multi-casting on [225.0.0.222:54997]...

Player connection [44360] Host "[IP] 192.168.86.36 [Port] 0 [Flags] 2 [Guid] 1531867938 [EditorId] 1531867938 [Version] 1048832 [Id] WindowsEditor(7,DESKTOP-NRH17A1) [Debug] 1 [PackageName] WindowsEditor [ProjectName] Editor" joined alternative multi-casting on [225.0.0.222:34997]...

[Physics::Module] Initialized MultithreadedJobDispatcher with 31 workers.
Refreshing native plugins compatible for Editor in 5.56 ms, found 3 plugins.
Preloading 0 native plugins for Editor in 0.00 ms.
Initialize engine version: 2022.3.28f1 (6bae5ce6b222)
[Subsystems] Discovering subsystems at path C:/Program Files/Unity/Hub/Editor/2022.3.28f1/Editor/Data/Resources/UnitySubsystems
[Subsystems] Discovering subsystems at path C:/Users/Admin/Downloads/School WOrk (TEMP)_/Specilization-Project/My project/Assets
GfxDevice: creating device client; threaded=0; jobified=0
Direct3D:
    Version:  Direct3D 11.0 [level 11.1]
    Renderer: NVIDIA GeForce RTX 4090 (ID=0x2684)
    Vendor:   NVIDIA
    VRAM:     24142 MB
    Driver:   31.0.15.5123
Initialize mono
Mono path[0] = 'C:/Program Files/Unity/Hub/Editor/2022.3.28f1/Editor/Data/Managed'
Mono path[1] = 'C:/Program Files/Unity/Hub/Editor/2022.3.28f1/Editor/Data/MonoBleedingEdge/lib/mono/unityjit-win32'
Mono config path = 'C:/Program Files/Unity/Hub/Editor/2022.3.28f1/Editor/Data/MonoBleedingEdge/etc'
Using monoOptions --debugger-agent=transport=dt_socket,embedding=1,server=y,suspend=n,address=127.0.0.1:56460
Begin MonoManager ReloadAssembly
Registering precompiled unity dll's ...
Register platform support module: C:/Program Files/Unity/Hub/Editor/2022.3.28f1/Editor/Data/PlaybackEngines/AndroidPlayer/UnityEditor.Android.Extensions.dll
Register platform support module: C:/Program Files/Unity/Hub/Editor/2022.3.28f1/Editor/Data/PlaybackEngines/WindowsStandaloneSupport/UnityEditor.WindowsStandalone.Extensions.dll
Registered in 0.004677 seconds.
- Loaded All Assemblies, in  0.196 seconds
Native extension for WindowsStandalone target not found
Native extension for Android target not found
Android Extension - Scanning For ADB Devices 158 ms
Mono: successfully reloaded assembly
- Finished resetting the current domain, in  0.341 seconds
Domain Reload Profiling: 536ms
	BeginReloadAssembly (60ms)
		ExecutionOrderSort (0ms)
		DisableScriptedObjects (0ms)
		BackupInstance (0ms)
		ReleaseScriptingObjects (0ms)
		CreateAndSetChildDomain (0ms)
	RebuildCommonClasses (19ms)
	RebuildNativeTypeToScriptingClass (6ms)
	initialDomainReloadingComplete (32ms)
	LoadAllAssembliesAndSetupDomain (79ms)
		LoadAssemblies (59ms)
		RebuildTransferFunctionScriptingTraits (0ms)
		AnalyzeDomain (78ms)
			TypeCache.Refresh (77ms)
				TypeCache.ScanAssembly (70ms)
			ScanForSourceGeneratedMonoScriptInfo (0ms)
			ResolveRequiredComponents (0ms)
	FinalizeReload (341ms)
		ReleaseScriptCaches (0ms)
		RebuildScriptCaches (0ms)
		SetupLoadedEditorAssemblies (309ms)
			LogAssemblyErrors (0ms)
			InitializePlatformSupportModulesInManaged (222ms)
			SetLoadedEditorAssemblies (2ms)
			RefreshPlugins (0ms)
			BeforeProcessingInitializeOnLoad (1ms)
			ProcessInitializeOnLoadAttributes (60ms)
			ProcessInitializeOnLoadMethodAttributes (25ms)
			AfterProcessingInitializeOnLoad (0ms)
			EditorAssembliesLoaded (0ms)
		ExecutionOrderSort2 (0ms)
		AwakeInstancesAfterBackupRestoration (0ms)
========================================================================
Worker process is ready to serve import requests
Begin MonoManager ReloadAssembly
- Loaded All Assemblies, in  0.353 seconds
Refreshing native plugins compatible for Editor in 1.94 ms, found 3 plugins.
Native extension for WindowsStandalone target not found
Native extension for Android target not found
Package Manager log level set to [2]
[Package Manager] Server::EnsureServerProcessIsRunning -- launch failed, reason: Unity was launched with the -noUpm command-line argument
[Package Manager] UpmClient::Send -- Unable to send message (not connected to UPM process).
[Package Manager] Cannot connect to Unity Package Manager local server
Mono: successfully reloaded assembly
- Finished resetting the current domain, in  0.323 seconds
Domain Reload Profiling: 674ms
	BeginReloadAssembly (81ms)
		ExecutionOrderSort (0ms)
		DisableScriptedObjects (3ms)
		BackupInstance (0ms)
		ReleaseScriptingObjects (0ms)
		CreateAndSetChildDomain (12ms)
	RebuildCommonClasses (18ms)
	RebuildNativeTypeToScriptingClass (6ms)
	initialDomainReloadingComplete (24ms)
	LoadAllAssembliesAndSetupDomain (222ms)
		LoadAssemblies (169ms)
		RebuildTransferFunctionScriptingTraits (0ms)
		AnalyzeDomain (101ms)
			TypeCache.Refresh (88ms)
				TypeCache.ScanAssembly (77ms)
			ScanForSourceGeneratedMonoScriptInfo (9ms)
			ResolveRequiredComponents (4ms)
	FinalizeReload (323ms)
		ReleaseScriptCaches (0ms)
		RebuildScriptCaches (0ms)
		SetupLoadedEditorAssemblies (242ms)
			LogAssemblyErrors (0ms)
			InitializePlatformSupportModulesInManaged (15ms)
			SetLoadedEditorAssemblies (2ms)
			RefreshPlugins (0ms)
			BeforeProcessingInitializeOnLoad (33ms)
			ProcessInitializeOnLoadAttributes (177ms)
			ProcessInitializeOnLoadMethodAttributes (12ms)
			AfterProcessingInitializeOnLoad (4ms)
			EditorAssembliesLoaded (0ms)
		ExecutionOrderSort2 (0ms)
		AwakeInstancesAfterBackupRestoration (4ms)
Launched and connected shader compiler UnityShaderCompiler.exe after 0.03 seconds
Refreshing native plugins compatible for Editor in 1.69 ms, found 3 plugins.
Preloading 0 native plugins for Editor in 0.00 ms.
Unloading 3329 Unused Serialized files (Serialized files now loaded: 0)
Unloading 46 unused Assets / (131.3 KB). Loaded Objects now: 3794.
Memory consumption went from 137.7 MB to 137.6 MB.
Total: 1.899900 ms (FindLiveObjects: 0.152400 ms CreateObjectMapping: 0.035200 ms MarkObjects: 1.628900 ms  DeleteObjects: 0.082900 ms)

AssetImportParameters requested are different than current active one (requested -> active):
  custom:container-demuxer-ogg: 62fdf1f143b41e24485cea50d1cbac27 -> 
  custom:video-codec-MediaFoundation-h265: 746d11721c4dcdbdad8f713fa42b33f4 -> 
  custom:video-decoder-ogg-theora: a1e56fd34408186e4bbccfd4996cb3dc -> 
  custom:framework-win-MediaFoundation: 216162199b28c13a410421893ffa2e32 -> 
  custom:scripting/monoscript/fileName/SelectedUnitStats.cs: 2dc25e54b1a2e768eeb9ef9cfa0179c3 -> 
  custom:CustomObjectIndexerAttribute: 9a22284fe3817be447336de3de66b15e -> 
  custom:container-demuxer-webm: 4f35f7cbe854078d1ac9338744f61a02 -> 
  custom:container-muxer-webm: aa71ff27fc2769a1b78a27578f13a17b -> 
  custom:video-decoder-webm-vp8: 9c59270c3fd7afecdb556c50c9e8de78 -> 
  custom:SearchIndexIgnoredProperties: e643bd26f0fe6173181afceb89e7c659 -> 
  custom:AudioImporter_EditorPlatform: d09bf68614088b80899f8185d706f6e7 -> 
  custom:video-encoder-webm-vp8: eb34c28f22e8b96e1ab97ce403110664 -> 
  custom:audio-decoder-ogg-vorbis: bf7c407c2cedff20999df2af8eb42d56 -> 
  custom:audio-encoder-webm-vorbis: bf7c407c2cedff20999df2af8eb42d56 -> 
========================================================================
Received Import Request.
  Time since last request: 27548.494302 seconds.
  path: Assets/Scripatable Objects/Mech8 1.asset
  artifactKey: Guid(982dd42a9587b9540b7ef2a77f9bb645) Importer(815301076,1909f56bfc062723c751e8b465ee728b)
Start importing Assets/Scripatable Objects/Mech8 1.asset using Guid(982dd42a9587b9540b7ef2a77f9bb645) Importer(815301076,1909f56bfc062723c751e8b465ee728b)  -> (artifact id: '3758d66f9719aaf1bc4269d5cb710456') in 0.008259 seconds
Number of updated asset objects reloaded before import = 0
Number of asset objects unloaded after import = 2
========================================================================
Received Import Request.
  Time since last request: 323.810930 seconds.
  path: Assets/Scripatable Objects/Mech9.asset
  artifactKey: Guid(982dd42a9587b9540b7ef2a77f9bb645) Importer(815301076,1909f56bfc062723c751e8b465ee728b)
Start importing Assets/Scripatable Objects/Mech9.asset using Guid(982dd42a9587b9540b7ef2a77f9bb645) Importer(815301076,1909f56bfc062723c751e8b465ee728b)  -> (artifact id: '796c9b931ab8bc4ef101b057e19701d5') in 0.001242 seconds
Number of updated asset objects reloaded before import = 0
Number of asset objects unloaded after import = 2
========================================================================
Received Import Request.
  Time since last request: 320.662338 seconds.
  path: Assets/Scripatable Objects/Mech10.asset
  artifactKey: Guid(88a2a0ecae794004fb3f14dd3e5153de) Importer(815301076,1909f56bfc062723c751e8b465ee728b)
Start importing Assets/Scripatable Objects/Mech10.asset using Guid(88a2a0ecae794004fb3f14dd3e5153de) Importer(815301076,1909f56bfc062723c751e8b465ee728b)  -> (artifact id: '827053a0346927798bcefa098bc289c4') in 0.001292 seconds
Number of updated asset objects reloaded before import = 0
Number of asset objects unloaded after import = 2
========================================================================
Received Import Request.
  Time since last request: 151.609095 seconds.
  path: Assets/Scripatable Objects/Mech11 1.asset
  artifactKey: Guid(90e33421361ec0a4a98288e397624acd) Importer(815301076,1909f56bfc062723c751e8b465ee728b)
Start importing Assets/Scripatable Objects/Mech11 1.asset using Guid(90e33421361ec0a4a98288e397624acd) Importer(815301076,1909f56bfc062723c751e8b465ee728b)  -> (artifact id: '0d304bcf4f4be498075462edbbe8c6b3') in 0.001397 seconds
Number of updated asset objects reloaded before import = 0
Number of asset objects unloaded after import = 2
========================================================================
Received Import Request.
  Time since last request: 314.001108 seconds.
  path: Assets/Scripatable Objects/Mech12 1.asset
  artifactKey: Guid(ddff476ba8b956d46871531080071170) Importer(815301076,1909f56bfc062723c751e8b465ee728b)
Start importing Assets/Scripatable Objects/Mech12 1.asset using Guid(ddff476ba8b956d46871531080071170) Importer(815301076,1909f56bfc062723c751e8b465ee728b)  -> (artifact id: '8f928c55b784b38ef3bcb8301c4fe0ae') in 0.001326 seconds
Number of updated asset objects reloaded before import = 0
Number of asset objects unloaded after import = 2
========================================================================
Received Import Request.
  Time since last request: 597.507534 seconds.
  path: Assets/Scripatable Objects/Mech13 1.asset
  artifactKey: Guid(e2b085fa232aca5489f47f132cd6b6a0) Importer(815301076,1909f56bfc062723c751e8b465ee728b)
Start importing Assets/Scripatable Objects/Mech13 1.asset using Guid(e2b085fa232aca5489f47f132cd6b6a0) Importer(815301076,1909f56bfc062723c751e8b465ee728b)  -> (artifact id: '458a6eccb209f77b8c9a671084347412') in 0.001218 seconds
Number of updated asset objects reloaded before import = 0
Number of asset objects unloaded after import = 2
========================================================================
Received Import Request.
  Time since last request: 97.785892 seconds.
  path: Assets/Scripatable Objects/Mech14 1.asset
  artifactKey: Guid(f5984874d31901e489217e9671474c56) Importer(815301076,1909f56bfc062723c751e8b465ee728b)
Start importing Assets/Scripatable Objects/Mech14 1.asset using Guid(f5984874d31901e489217e9671474c56) Importer(815301076,1909f56bfc062723c751e8b465ee728b)  -> (artifact id: '2a6e0d49b0c5478ba4041e9154d7acfb') in 0.001547 seconds
Number of updated asset objects reloaded before import = 0
Number of asset objects unloaded after import = 2
========================================================================
Received Import Request.
  Time since last request: 274.244364 seconds.
  path: Assets/Scripatable Objects/Mech15 1.asset
  artifactKey: Guid(6178409f19910364fb6742d6fc03443f) Importer(815301076,1909f56bfc062723c751e8b465ee728b)
Start importing Assets/Scripatable Objects/Mech15 1.asset using Guid(6178409f19910364fb6742d6fc03443f) Importer(815301076,1909f56bfc062723c751e8b465ee728b)  -> (artifact id: '047b86570bf1dc2c41e354a1e2748cec') in 0.001258 seconds
Number of updated asset objects reloaded before import = 0
Number of asset objects unloaded after import = 2
========================================================================
Received Prepare
Begin MonoManager ReloadAssembly
- Loaded All Assemblies, in  0.288 seconds
Refreshing native plugins compatible for Editor in 2.11 ms, found 3 plugins.
Native extension for WindowsStandalone target not found
Native extension for Android target not found
[Package Manager] Server::EnsureServerProcessIsRunning -- launch failed, reason: Unity was launched with the -noUpm command-line argument
[Package Manager] UpmClient::Send -- Unable to send message (not connected to UPM process).
[Package Manager] Cannot connect to Unity Package Manager local server
Mono: successfully reloaded assembly
- Finished resetting the current domain, in  0.594 seconds
Domain Reload Profiling: 880ms
	BeginReloadAssembly (105ms)
		ExecutionOrderSort (0ms)
		DisableScriptedObjects (3ms)
		BackupInstance (0ms)
		ReleaseScriptingObjects (0ms)
		CreateAndSetChildDomain (29ms)
	RebuildCommonClasses (19ms)
	RebuildNativeTypeToScriptingClass (6ms)
	initialDomainReloadingComplete (18ms)
	LoadAllAssembliesAndSetupDomain (138ms)
		LoadAssemblies (179ms)
		RebuildTransferFunctionScriptingTraits (0ms)
		AnalyzeDomain (9ms)
			TypeCache.Refresh (4ms)
				TypeCache.ScanAssembly (0ms)
			ScanForSourceGeneratedMonoScriptInfo (0ms)
			ResolveRequiredComponents (4ms)
	FinalizeReload (594ms)
		ReleaseScriptCaches (0ms)
		RebuildScriptCaches (0ms)
		SetupLoadedEditorAssemblies (249ms)
			LogAssemblyErrors (0ms)
			InitializePlatformSupportModulesInManaged (17ms)
			SetLoadedEditorAssemblies (2ms)
			RefreshPlugins (0ms)
			BeforeProcessingInitializeOnLoad (42ms)
			ProcessInitializeOnLoadAttributes (173ms)
			ProcessInitializeOnLoadMethodAttributes (10ms)
			AfterProcessingInitializeOnLoad (4ms)
			EditorAssembliesLoaded (0ms)
		ExecutionOrderSort2 (0ms)
		AwakeInstancesAfterBackupRestoration (4ms)
Refreshing native plugins compatible for Editor in 2.16 ms, found 3 plugins.
Preloading 0 native plugins for Editor in 0.00 ms.
Unloading 3306 Unused Serialized files (Serialized files now loaded: 0)
Unloading 25 unused Assets / (102.8 KB). Loaded Objects now: 3810.
Memory consumption went from 132.5 MB to 132.4 MB.
Total: 2.034000 ms (FindLiveObjects: 0.143800 ms CreateObjectMapping: 0.039700 ms MarkObjects: 1.807200 ms  DeleteObjects: 0.042200 ms)

Prepare: number of updated asset objects reloaded= 0
AssetImportParameters requested are different than current active one (requested -> active):
  custom:container-demuxer-ogg: 62fdf1f143b41e24485cea50d1cbac27 -> 
  custom:video-codec-MediaFoundation-h265: 746d11721c4dcdbdad8f713fa42b33f4 -> 
  custom:video-decoder-ogg-theora: a1e56fd34408186e4bbccfd4996cb3dc -> 
  custom:framework-win-MediaFoundation: 216162199b28c13a410421893ffa2e32 -> 
  custom:scripting/monoscript/fileName/SelectedUnitStats.cs: 2dc25e54b1a2e768eeb9ef9cfa0179c3 -> 
  custom:CustomObjectIndexerAttribute: 9a22284fe3817be447336de3de66b15e -> 
  custom:container-demuxer-webm: 4f35f7cbe854078d1ac9338744f61a02 -> 
  custom:container-muxer-webm: aa71ff27fc2769a1b78a27578f13a17b -> 
  custom:video-decoder-webm-vp8: 9c59270c3fd7afecdb556c50c9e8de78 -> 
  custom:SearchIndexIgnoredProperties: e643bd26f0fe6173181afceb89e7c659 -> 
  custom:AudioImporter_EditorPlatform: d09bf68614088b80899f8185d706f6e7 -> 
  custom:video-encoder-webm-vp8: eb34c28f22e8b96e1ab97ce403110664 -> 
  custom:audio-decoder-ogg-vorbis: bf7c407c2cedff20999df2af8eb42d56 -> 
  custom:audio-encoder-webm-vorbis: bf7c407c2cedff20999df2af8eb42d56 -> 
========================================================================
Received Prepare
Begin MonoManager ReloadAssembly
- Loaded All Assemblies, in  0.551 seconds
Refreshing native plugins compatible for Editor in 4.39 ms, found 3 plugins.
Native extension for WindowsStandalone target not found
Native extension for Android target not found
[Package Manager] Server::EnsureServerProcessIsRunning -- launch failed, reason: Unity was launched with the -noUpm command-line argument
[Package Manager] UpmClient::Send -- Unable to send message (not connected to UPM process).
[Package Manager] Cannot connect to Unity Package Manager local server
Mono: successfully reloaded assembly
- Finished resetting the current domain, in  0.988 seconds
Domain Reload Profiling: 1535ms
	BeginReloadAssembly (179ms)
		ExecutionOrderSort (0ms)
		DisableScriptedObjects (6ms)
		BackupInstance (0ms)
		ReleaseScriptingObjects (0ms)
		CreateAndSetChildDomain (37ms)
	RebuildCommonClasses (31ms)
	RebuildNativeTypeToScriptingClass (11ms)
	initialDomainReloadingComplete (40ms)
	LoadAllAssembliesAndSetupDomain (285ms)
		LoadAssemblies (356ms)
		RebuildTransferFunctionScriptingTraits (0ms)
		AnalyzeDomain (27ms)
			TypeCache.Refresh (11ms)
				TypeCache.ScanAssembly (0ms)
			ScanForSourceGeneratedMonoScriptInfo (8ms)
			ResolveRequiredComponents (7ms)
	FinalizeReload (988ms)
		ReleaseScriptCaches (0ms)
		RebuildScriptCaches (0ms)
		SetupLoadedEditorAssemblies (428ms)
			LogAssemblyErrors (0ms)
			InitializePlatformSupportModulesInManaged (29ms)
			SetLoadedEditorAssemblies (3ms)
			RefreshPlugins (0ms)
			BeforeProcessingInitializeOnLoad (63ms)
			ProcessInitializeOnLoadAttributes (303ms)
			ProcessInitializeOnLoadMethodAttributes (20ms)
			AfterProcessingInitializeOnLoad (9ms)
			EditorAssembliesLoaded (0ms)
		ExecutionOrderSort2 (0ms)
		AwakeInstancesAfterBackupRestoration (9ms)
Refreshing native plugins compatible for Editor in 3.95 ms, found 3 plugins.
Preloading 0 native plugins for Editor in 0.00 ms.
Unloading 3307 Unused Serialized files (Serialized files now loaded: 0)
Unloading 25 unused Assets / (102.9 KB). Loaded Objects now: 3825.
Memory consumption went from 132.8 MB to 132.7 MB.
Total: 3.787800 ms (FindLiveObjects: 0.284800 ms CreateObjectMapping: 0.082100 ms MarkObjects: 3.323200 ms  DeleteObjects: 0.096400 ms)

Prepare: number of updated asset objects reloaded= 0
AssetImportParameters requested are different than current active one (requested -> active):
  custom:container-demuxer-ogg: 62fdf1f143b41e24485cea50d1cbac27 -> 
  custom:video-codec-MediaFoundation-h265: 746d11721c4dcdbdad8f713fa42b33f4 -> 
  custom:video-decoder-ogg-theora: a1e56fd34408186e4bbccfd4996cb3dc -> 
  custom:framework-win-MediaFoundation: 216162199b28c13a410421893ffa2e32 -> 
  custom:scripting/monoscript/fileName/SelectedUnitStats.cs: 2dc25e54b1a2e768eeb9ef9cfa0179c3 -> 
  custom:CustomObjectIndexerAttribute: 9a22284fe3817be447336de3de66b15e -> 
  custom:container-demuxer-webm: 4f35f7cbe854078d1ac9338744f61a02 -> 
  custom:container-muxer-webm: aa71ff27fc2769a1b78a27578f13a17b -> 
  custom:video-decoder-webm-vp8: 9c59270c3fd7afecdb556c50c9e8de78 -> 
  custom:SearchIndexIgnoredProperties: e643bd26f0fe6173181afceb89e7c659 -> 
  custom:AudioImporter_EditorPlatform: d09bf68614088b80899f8185d706f6e7 -> 
  custom:video-encoder-webm-vp8: eb34c28f22e8b96e1ab97ce403110664 -> 
  custom:audio-decoder-ogg-vorbis: bf7c407c2cedff20999df2af8eb42d56 -> 
  custom:audio-encoder-webm-vorbis: bf7c407c2cedff20999df2af8eb42d56 -> 
========================================================================
Received Prepare
Begin MonoManager ReloadAssembly
- Loaded All Assemblies, in  0.493 seconds
Refreshing native plugins compatible for Editor in 3.86 ms, found 3 plugins.
Native extension for WindowsStandalone target not found
Native extension for Android target not found
[Package Manager] Server::EnsureServerProcessIsRunning -- launch failed, reason: Unity was launched with the -noUpm command-line argument
[Package Manager] UpmClient::Send -- Unable to send message (not connected to UPM process).
[Package Manager] Cannot connect to Unity Package Manager local server
Mono: successfully reloaded assembly
- Finished resetting the current domain, in  0.959 seconds
Domain Reload Profiling: 1448ms
	BeginReloadAssembly (159ms)
		ExecutionOrderSort (0ms)
		DisableScriptedObjects (5ms)
		BackupInstance (0ms)
		ReleaseScriptingObjects (0ms)
		CreateAndSetChildDomain (36ms)
	RebuildCommonClasses (33ms)
	RebuildNativeTypeToScriptingClass (11ms)
	initialDomainReloadingComplete (33ms)
	LoadAllAssembliesAndSetupDomain (252ms)
		LoadAssemblies (313ms)
		RebuildTransferFunctionScriptingTraits (0ms)
		AnalyzeDomain (25ms)
			TypeCache.Refresh (10ms)
				TypeCache.ScanAssembly (0ms)
			ScanForSourceGeneratedMonoScriptInfo (7ms)
			ResolveRequiredComponents (8ms)
	FinalizeReload (959ms)
		ReleaseScriptCaches (0ms)
		RebuildScriptCaches (0ms)
		SetupLoadedEditorAssemblies (418ms)
			LogAssemblyErrors (0ms)
			InitializePlatformSupportModulesInManaged (27ms)
			SetLoadedEditorAssemblies (3ms)
			RefreshPlugins (0ms)
			BeforeProcessingInitializeOnLoad (63ms)
			ProcessInitializeOnLoadAttributes (296ms)
			ProcessInitializeOnLoadMethodAttributes (20ms)
			AfterProcessingInitializeOnLoad (9ms)
			EditorAssembliesLoaded (0ms)
		ExecutionOrderSort2 (0ms)
		AwakeInstancesAfterBackupRestoration (8ms)
Refreshing native plugins compatible for Editor in 4.50 ms, found 3 plugins.
Preloading 0 native plugins for Editor in 0.00 ms.
Unloading 3307 Unused Serialized files (Serialized files now loaded: 0)
Unloading 25 unused Assets / (102.9 KB). Loaded Objects now: 3840.
Memory consumption went from 132.8 MB to 132.7 MB.
Total: 3.086900 ms (FindLiveObjects: 0.264800 ms CreateObjectMapping: 0.134400 ms MarkObjects: 2.632400 ms  DeleteObjects: 0.054200 ms)

Prepare: number of updated asset objects reloaded= 0
AssetImportParameters requested are different than current active one (requested -> active):
  custom:container-demuxer-ogg: 62fdf1f143b41e24485cea50d1cbac27 -> 
  custom:video-codec-MediaFoundation-h265: 746d11721c4dcdbdad8f713fa42b33f4 -> 
  custom:video-decoder-ogg-theora: a1e56fd34408186e4bbccfd4996cb3dc -> 
  custom:framework-win-MediaFoundation: 216162199b28c13a410421893ffa2e32 -> 
  custom:scripting/monoscript/fileName/SelectedUnitStats.cs: 2dc25e54b1a2e768eeb9ef9cfa0179c3 -> 
  custom:CustomObjectIndexerAttribute: 9a22284fe3817be447336de3de66b15e -> 
  custom:container-demuxer-webm: 4f35f7cbe854078d1ac9338744f61a02 -> 
  custom:container-muxer-webm: aa71ff27fc2769a1b78a27578f13a17b -> 
  custom:video-decoder-webm-vp8: 9c59270c3fd7afecdb556c50c9e8de78 -> 
  custom:SearchIndexIgnoredProperties: e643bd26f0fe6173181afceb89e7c659 -> 
  custom:AudioImporter_EditorPlatform: d09bf68614088b80899f8185d706f6e7 -> 
  custom:video-encoder-webm-vp8: eb34c28f22e8b96e1ab97ce403110664 -> 
  custom:audio-decoder-ogg-vorbis: bf7c407c2cedff20999df2af8eb42d56 -> 
  custom:audio-encoder-webm-vorbis: bf7c407c2cedff20999df2af8eb42d56 -> 
========================================================================
Received Import Request.
  Time since last request: 3356.073384 seconds.
  path: Assets/Scripatable Objects/Pilot1.asset
  artifactKey: Guid(500b0e63c048ee841a7b6c6d4f49f1ec) Importer(815301076,1909f56bfc062723c751e8b465ee728b)
Start importing Assets/Scripatable Objects/Pilot1.asset using Guid(500b0e63c048ee841a7b6c6d4f49f1ec) Importer(815301076,1909f56bfc062723c751e8b465ee728b)  -> (artifact id: '8f51b100e450ef5dfebfbde2a7f10ec5') in 0.012240 seconds
Number of updated asset objects reloaded before import = 0
Number of asset objects unloaded after import = 2
========================================================================
Received Import Request.
  Time since last request: 85.049811 seconds.
  path: Assets/Scripatable Objects/Pilot2.asset
  artifactKey: Guid(a0ffecb25cfaa8a4cb4145eeb75a8881) Importer(815301076,1909f56bfc062723c751e8b465ee728b)
Start importing Assets/Scripatable Objects/Pilot2.asset using Guid(a0ffecb25cfaa8a4cb4145eeb75a8881) Importer(815301076,1909f56bfc062723c751e8b465ee728b)  -> (artifact id: 'e413c49b2ef8bf7aedf90d3bfd769346') in 0.000960 seconds
Number of updated asset objects reloaded before import = 0
Number of asset objects unloaded after import = 2
========================================================================
Received Import Request.
  Time since last request: 0.000008 seconds.
  path: Assets/Scripatable Objects/Pilot3 1.asset
  artifactKey: Guid(7b20020a60635074b80fe085568d47b6) Importer(815301076,1909f56bfc062723c751e8b465ee728b)
Start importing Assets/Scripatable Objects/Pilot3 1.asset using Guid(7b20020a60635074b80fe085568d47b6) Importer(815301076,1909f56bfc062723c751e8b465ee728b)  -> (artifact id: '4304d7b96465412eca8f45d085cb1dda') in 0.000690 seconds
Number of updated asset objects reloaded before import = 0
Number of asset objects unloaded after import = 2
========================================================================
Received Import Request.
  Time since last request: 465.948722 seconds.
  path: Assets/Scripatable Objects/Pilot4.asset
  artifactKey: Guid(7b20020a60635074b80fe085568d47b6) Importer(815301076,1909f56bfc062723c751e8b465ee728b)
Start importing Assets/Scripatable Objects/Pilot4.asset using Guid(7b20020a60635074b80fe085568d47b6) Importer(815301076,1909f56bfc062723c751e8b465ee728b)  -> (artifact id: '4e704bdcefae983342eb4ebafc0fb752') in 0.001329 seconds
Number of updated asset objects reloaded before import = 0
Number of asset objects unloaded after import = 2
========================================================================
Received Import Request.
  Time since last request: 102.826165 seconds.
  path: Assets/Scripatable Objects/Pilot5 1.asset
  artifactKey: Guid(5ae35258240482f4c81bf0c7074e5ae3) Importer(815301076,1909f56bfc062723c751e8b465ee728b)
Start importing Assets/Scripatable Objects/Pilot5 1.asset using Guid(5ae35258240482f4c81bf0c7074e5ae3) Importer(815301076,1909f56bfc062723c751e8b465ee728b)  -> (artifact id: '37b9813d159d3ccd737ddef00ad88bee') in 0.001459 seconds
Number of updated asset objects reloaded before import = 0
Number of asset objects unloaded after import = 2
========================================================================
Received Import Request.
  Time since last request: 49.858215 seconds.
  path: Assets/Scripatable Objects/Pilot6 1.asset
  artifactKey: Guid(60039fcabd8f6584e94cd2606c3a5b38) Importer(815301076,1909f56bfc062723c751e8b465ee728b)
Start importing Assets/Scripatable Objects/Pilot6 1.asset using Guid(60039fcabd8f6584e94cd2606c3a5b38) Importer(815301076,1909f56bfc062723c751e8b465ee728b)  -> (artifact id: '15380ba16a448528182bd3286bed4e81') in 0.000955 seconds
Number of updated asset objects reloaded before import = 0
Number of asset objects unloaded after import = 2
========================================================================
Received Import Request.
  Time since last request: 74.771082 seconds.
  path: Assets/Scripatable Objects/Pilot7 1.asset
  artifactKey: Guid(06d302f3dc9b9c848ae005d795424b13) Importer(815301076,1909f56bfc062723c751e8b465ee728b)
Start importing Assets/Scripatable Objects/Pilot7 1.asset using Guid(06d302f3dc9b9c848ae005d795424b13) Importer(815301076,1909f56bfc062723c751e8b465ee728b)  -> (artifact id: 'b5f8b4c4c67b9ee78f200ad7018d8efe') in 0.000986 seconds
Number of updated asset objects reloaded before import = 0
Number of asset objects unloaded after import = 2
========================================================================
Received Import Request.
  Time since last request: 66.046921 seconds.
  path: Assets/Scripatable Objects/Pilot8 1.asset
  artifactKey: Guid(13367e48d9f4fb54ab89a5f0fbc69be4) Importer(815301076,1909f56bfc062723c751e8b465ee728b)
Start importing Assets/Scripatable Objects/Pilot8 1.asset using Guid(13367e48d9f4fb54ab89a5f0fbc69be4) Importer(815301076,1909f56bfc062723c751e8b465ee728b)  -> (artifact id: '087c2792340f83fdc85531563f7f46b2') in 0.000866 seconds
Number of updated asset objects reloaded before import = 0
Number of asset objects unloaded after import = 2
========================================================================
Received Import Request.
  Time since last request: 46.285623 seconds.
  path: Assets/Scripatable Objects/Pilot9 1.asset
  artifactKey: Guid(6370e9af431bd2b439ad0ee2c13414ec) Importer(815301076,1909f56bfc062723c751e8b465ee728b)
Start importing Assets/Scripatable Objects/Pilot9 1.asset using Guid(6370e9af431bd2b439ad0ee2c13414ec) Importer(815301076,1909f56bfc062723c751e8b465ee728b)  -> (artifact id: '33f34939e7d40b5afd42973e31573d36') in 0.001006 seconds
Number of updated asset objects reloaded before import = 0
Number of asset objects unloaded after import = 2
========================================================================
Received Import Request.
  Time since last request: 57.071476 seconds.
  path: Assets/Scripatable Objects/Pilot10.asset
  artifactKey: Guid(6370e9af431bd2b439ad0ee2c13414ec) Importer(815301076,1909f56bfc062723c751e8b465ee728b)
Start importing Assets/Scripatable Objects/Pilot10.asset using Guid(6370e9af431bd2b439ad0ee2c13414ec) Importer(815301076,1909f56bfc062723c751e8b465ee728b)  -> (artifact id: '1845c30610e7bbbdb2fce87b928e98b6') in 0.001075 seconds
Number of updated asset objects reloaded before import = 0
Number of asset objects unloaded after import = 2
========================================================================
Received Import Request.
  Time since last request: 184.541122 seconds.
  path: Assets/Scripatable Objects/Pilot11.asset
  artifactKey: Guid(e1d9dc11eaf12f84fad709a0b8981925) Importer(815301076,1909f56bfc062723c751e8b465ee728b)
Start importing Assets/Scripatable Objects/Pilot11.asset using Guid(e1d9dc11eaf12f84fad709a0b8981925) Importer(815301076,1909f56bfc062723c751e8b465ee728b)  -> (artifact id: '298ccd2c83d68aab5c3672230be5628c') in 0.001414 seconds
Number of updated asset objects reloaded before import = 0
Number of asset objects unloaded after import = 2
========================================================================
Received Import Request.
  Time since last request: 41.054833 seconds.
  path: Assets/Scripatable Objects/Pilot12 1.asset
  artifactKey: Guid(15350e1d3c7eb4c4485c6ca10959fa00) Importer(815301076,1909f56bfc062723c751e8b465ee728b)
Start importing Assets/Scripatable Objects/Pilot12 1.asset using Guid(15350e1d3c7eb4c4485c6ca10959fa00) Importer(815301076,1909f56bfc062723c751e8b465ee728b)  -> (artifact id: '4f0085fbf3b8af125cb380d55f48da00') in 0.000871 seconds
Number of updated asset objects reloaded before import = 0
Number of asset objects unloaded after import = 2
========================================================================
Received Import Request.
  Time since last request: 68.902086 seconds.
  path: Assets/Scripatable Objects/Pilot13.asset
  artifactKey: Guid(15350e1d3c7eb4c4485c6ca10959fa00) Importer(815301076,1909f56bfc062723c751e8b465ee728b)
Start importing Assets/Scripatable Objects/Pilot13.asset using Guid(15350e1d3c7eb4c4485c6ca10959fa00) Importer(815301076,1909f56bfc062723c751e8b465ee728b)  -> (artifact id: '66d39519a1d5f97535abec726849df23') in 0.001137 seconds
Number of updated asset objects reloaded before import = 0
Number of asset objects unloaded after import = 2
========================================================================
Received Import Request.
  Time since last request: 52.068717 seconds.
  path: Assets/Scripatable Objects/Pilot14 1.asset
  artifactKey: Guid(f516e6cf934af7c4e962e4b2bfd5f308) Importer(815301076,1909f56bfc062723c751e8b465ee728b)
Start importing Assets/Scripatable Objects/Pilot14 1.asset using Guid(f516e6cf934af7c4e962e4b2bfd5f308) Importer(815301076,1909f56bfc062723c751e8b465ee728b)  -> (artifact id: '129473d86badc80b8d96e5e8ba9bfe08') in 0.001007 seconds
Number of updated asset objects reloaded before import = 0
Number of asset objects unloaded after import = 2
========================================================================
Received Import Request.
  Time since last request: 51.304045 seconds.
  path: Assets/Scripatable Objects/Pilot15 1.asset
  artifactKey: Guid(262a93ae26846d04baa2e40dfc5b9d26) Importer(815301076,1909f56bfc062723c751e8b465ee728b)
Start importing Assets/Scripatable Objects/Pilot15 1.asset using Guid(262a93ae26846d04baa2e40dfc5b9d26) Importer(815301076,1909f56bfc062723c751e8b465ee728b)  -> (artifact id: '879ca6f30d58080f76c1bc9c3d7074ea') in 0.000892 seconds
Number of updated asset objects reloaded before import = 0
Number of asset objects unloaded after import = 2
========================================================================
Received Prepare
Begin MonoManager ReloadAssembly
- Loaded All Assemblies, in  0.536 seconds
Refreshing native plugins compatible for Editor in 4.17 ms, found 3 plugins.
Native extension for WindowsStandalone target not found
Native extension for Android target not found
[Package Manager] Server::EnsureServerProcessIsRunning -- launch failed, reason: Unity was launched with the -noUpm command-line argument
[Package Manager] UpmClient::Send -- Unable to send message (not connected to UPM process).
[Package Manager] Cannot connect to Unity Package Manager local server
Mono: successfully reloaded assembly
- Finished resetting the current domain, in  1.101 seconds
Domain Reload Profiling: 1634ms
	BeginReloadAssembly (168ms)
		ExecutionOrderSort (0ms)
		DisableScriptedObjects (7ms)
		BackupInstance (0ms)
		ReleaseScriptingObjects (0ms)
		CreateAndSetChildDomain (47ms)
	RebuildCommonClasses (32ms)
	RebuildNativeTypeToScriptingClass (12ms)
	initialDomainReloadingComplete (39ms)
	LoadAllAssembliesAndSetupDomain (282ms)
		LoadAssemblies (344ms)
		RebuildTransferFunctionScriptingTraits (0ms)
		AnalyzeDomain (28ms)
			TypeCache.Refresh (11ms)
				TypeCache.ScanAssembly (0ms)
			ScanForSourceGeneratedMonoScriptInfo (8ms)
			ResolveRequiredComponents (8ms)
	FinalizeReload (1102ms)
		ReleaseScriptCaches (0ms)
		RebuildScriptCaches (0ms)
		SetupLoadedEditorAssemblies (471ms)
			LogAssemblyErrors (0ms)
			InitializePlatformSupportModulesInManaged (35ms)
			SetLoadedEditorAssemblies (4ms)
			RefreshPlugins (0ms)
			BeforeProcessingInitializeOnLoad (76ms)
			ProcessInitializeOnLoadAttributes (325ms)
			ProcessInitializeOnLoadMethodAttributes (20ms)
			AfterProcessingInitializeOnLoad (10ms)
			EditorAssembliesLoaded (0ms)
		ExecutionOrderSort2 (0ms)
		AwakeInstancesAfterBackupRestoration (9ms)
Refreshing native plugins compatible for Editor in 3.88 ms, found 3 plugins.
Preloading 0 native plugins for Editor in 0.00 ms.
Unloading 3306 Unused Serialized files (Serialized files now loaded: 0)
Unloading 25 unused Assets / (102.8 KB). Loaded Objects now: 3855.
Memory consumption went from 132.5 MB to 132.4 MB.
Total: 2.936400 ms (FindLiveObjects: 0.236200 ms CreateObjectMapping: 0.079900 ms MarkObjects: 2.560000 ms  DeleteObjects: 0.059200 ms)

Prepare: number of updated asset objects reloaded= 0
AssetImportParameters requested are different than current active one (requested -> active):
  custom:container-demuxer-ogg: 62fdf1f143b41e24485cea50d1cbac27 -> 
  custom:video-codec-MediaFoundation-h265: 746d11721c4dcdbdad8f713fa42b33f4 -> 
  custom:video-decoder-ogg-theora: a1e56fd34408186e4bbccfd4996cb3dc -> 
  custom:framework-win-MediaFoundation: 216162199b28c13a410421893ffa2e32 -> 
  custom:scripting/monoscript/fileName/SelectedUnitStats.cs: 2dc25e54b1a2e768eeb9ef9cfa0179c3 -> 
  custom:CustomObjectIndexerAttribute: 9a22284fe3817be447336de3de66b15e -> 
  custom:container-demuxer-webm: 4f35f7cbe854078d1ac9338744f61a02 -> 
  custom:container-muxer-webm: aa71ff27fc2769a1b78a27578f13a17b -> 
  custom:video-decoder-webm-vp8: 9c59270c3fd7afecdb556c50c9e8de78 -> 
  custom:SearchIndexIgnoredProperties: e643bd26f0fe6173181afceb89e7c659 -> 
  custom:AudioImporter_EditorPlatform: d09bf68614088b80899f8185d706f6e7 -> 
  custom:video-encoder-webm-vp8: eb34c28f22e8b96e1ab97ce403110664 -> 
  custom:audio-decoder-ogg-vorbis: bf7c407c2cedff20999df2af8eb42d56 -> 
  custom:audio-encoder-webm-vorbis: bf7c407c2cedff20999df2af8eb42d56 -> 
========================================================================
Received Import Request.
  Time since last request: 784.878530 seconds.
  path: Assets/Images/Temp Images/2Pilot.jpg
  artifactKey: Guid(17794fe1a0946d244be94820857808db) Importer(815301076,1909f56bfc062723c751e8b465ee728b)
Start importing Assets/Images/Temp Images/2Pilot.jpg using Guid(17794fe1a0946d244be94820857808db) Importer(815301076,1909f56bfc062723c751e8b465ee728b)  -> (artifact id: 'af6e933fde17c434052f05d6d3d8dbfd') in 0.063127 seconds
Number of updated asset objects reloaded before import = 0
Number of asset objects unloaded after import = 2
========================================================================
Received Import Request.
  Time since last request: 0.000051 seconds.
  path: Assets/Images/Temp Images/14Pilot.jpg
  artifactKey: Guid(eb89580de0f54154b84d181a28493c2c) Importer(815301076,1909f56bfc062723c751e8b465ee728b)
Start importing Assets/Images/Temp Images/14Pilot.jpg using Guid(eb89580de0f54154b84d181a28493c2c) Importer(815301076,1909f56bfc062723c751e8b465ee728b)  -> (artifact id: 'db1a23a0d3df447c4f50a58827498edd') in 0.015254 seconds
Number of updated asset objects reloaded before import = 0
Number of asset objects unloaded after import = 2
========================================================================
Received Import Request.
  Time since last request: 0.000017 seconds.
  path: Assets/Images/Temp Images/6Pilot.jpg
  artifactKey: Guid(aa73ac900c246ea478480a468c112a5f) Importer(815301076,1909f56bfc062723c751e8b465ee728b)
Start importing Assets/Images/Temp Images/6Pilot.jpg using Guid(aa73ac900c246ea478480a468c112a5f) Importer(815301076,1909f56bfc062723c751e8b465ee728b)  -> (artifact id: '2117bb3a495af76ee0365e285d0af15f') in 0.010420 seconds
Number of updated asset objects reloaded before import = 0
Number of asset objects unloaded after import = 2
========================================================================
Received Import Request.
  Time since last request: 0.000019 seconds.
  path: Assets/Images/Temp Images/9Pilot.jpg
  artifactKey: Guid(35db593487455e449b8335ba7c96ef23) Importer(815301076,1909f56bfc062723c751e8b465ee728b)
Start importing Assets/Images/Temp Images/9Pilot.jpg using Guid(35db593487455e449b8335ba7c96ef23) Importer(815301076,1909f56bfc062723c751e8b465ee728b)  -> (artifact id: 'f843f3e39d73f7e77e78da7dd698d18a') in 0.010333 seconds
Number of updated asset objects reloaded before import = 0
Number of asset objects unloaded after import = 2
========================================================================
Received Import Request.
  Time since last request: 0.000012 seconds.
  path: Assets/Images/Temp Images/12Pilot.jpg
  artifactKey: Guid(93f21137a5d1abd4ba4bf8f84c2b3d1c) Importer(815301076,1909f56bfc062723c751e8b465ee728b)
Start importing Assets/Images/Temp Images/12Pilot.jpg using Guid(93f21137a5d1abd4ba4bf8f84c2b3d1c) Importer(815301076,1909f56bfc062723c751e8b465ee728b)  -> (artifact id: '1c3e4ab6f6a3ad7aeef0f024ed826deb') in 0.013019 seconds
Number of updated asset objects reloaded before import = 0
Number of asset objects unloaded after import = 2
========================================================================
Received Import Request.
  Time since last request: 0.000017 seconds.
  path: Assets/Images/Temp Images/11Pilot.jpg
  artifactKey: Guid(a467af587c4a1824e8e1f0e1477fc1a9) Importer(815301076,1909f56bfc062723c751e8b465ee728b)
Start importing Assets/Images/Temp Images/11Pilot.jpg using Guid(a467af587c4a1824e8e1f0e1477fc1a9) Importer(815301076,1909f56bfc062723c751e8b465ee728b)  -> (artifact id: '2ea68c30fd79213d38c210f3860fd646') in 0.012763 seconds
Number of updated asset objects reloaded before import = 0
Number of asset objects unloaded after import = 2
========================================================================
Received Import Request.
  Time since last request: 0.000014 seconds.
  path: Assets/Images/Temp Images/5Pilot.jpg
  artifactKey: Guid(0c0db09670089b847a82a9b431d85e54) Importer(815301076,1909f56bfc062723c751e8b465ee728b)
Start importing Assets/Images/Temp Images/5Pilot.jpg using Guid(0c0db09670089b847a82a9b431d85e54) Importer(815301076,1909f56bfc062723c751e8b465ee728b)  -> (artifact id: 'b9ec6d841194648a7bfb7b28bc48c922') in 0.013523 seconds
Number of updated asset objects reloaded before import = 0
Number of asset objects unloaded after import = 2
========================================================================
Received Import Request.
  Time since last request: 0.000017 seconds.
  path: Assets/Images/Temp Images/10Pilot.jpg
  artifactKey: Guid(2b6b5289f720de844967c38cbe715154) Importer(815301076,1909f56bfc062723c751e8b465ee728b)
Start importing Assets/Images/Temp Images/10Pilot.jpg using Guid(2b6b5289f720de844967c38cbe715154) Importer(815301076,1909f56bfc062723c751e8b465ee728b)  -> (artifact id: 'a6fc9c77d8e050c119178309a14116e4') in 0.010554 seconds
Number of updated asset objects reloaded before import = 0
Number of asset objects unloaded after import = 2
========================================================================
Received Import Request.
  Time since last request: 30.753908 seconds.
  path: Assets/Images/Temp Images/3Pilot.jpg
  artifactKey: Guid(66542a0bb7b8bf048851164bb285bed6) Importer(815301076,1909f56bfc062723c751e8b465ee728b)
Start importing Assets/Images/Temp Images/3Pilot.jpg using Guid(66542a0bb7b8bf048851164bb285bed6) Importer(815301076,1909f56bfc062723c751e8b465ee728b)  -> (artifact id: '946ddf44fbe06d5b119fb12d473ed7fe') in 0.005524 seconds
Number of updated asset objects reloaded before import = 0
Number of asset objects unloaded after import = 2
========================================================================
Received Import Request.
  Time since last request: 0.000011 seconds.
  path: Assets/Images/Temp Images/14Pilot.jpg
  artifactKey: Guid(eb89580de0f54154b84d181a28493c2c) Importer(815301076,1909f56bfc062723c751e8b465ee728b)
Start importing Assets/Images/Temp Images/14Pilot.jpg using Guid(eb89580de0f54154b84d181a28493c2c) Importer(815301076,1909f56bfc062723c751e8b465ee728b)  -> (artifact id: '03dc69e61902b84f3d8ddfe46590738c') in 0.006639 seconds
Number of updated asset objects reloaded before import = 0
Number of asset objects unloaded after import = 2
========================================================================
Received Import Request.
  Time since last request: 0.000010 seconds.
  path: Assets/Images/Temp Images/9Pilot.jpg
  artifactKey: Guid(35db593487455e449b8335ba7c96ef23) Importer(815301076,1909f56bfc062723c751e8b465ee728b)
Start importing Assets/Images/Temp Images/9Pilot.jpg using Guid(35db593487455e449b8335ba7c96ef23) Importer(815301076,1909f56bfc062723c751e8b465ee728b)  -> (artifact id: '390ccf6a302809db04c7defb922c6a83') in 0.006840 seconds
Number of updated asset objects reloaded before import = 0
Number of asset objects unloaded after import = 2
========================================================================
Received Import Request.
  Time since last request: 0.000018 seconds.
  path: Assets/Images/Temp Images/12Pilot.jpg
  artifactKey: Guid(93f21137a5d1abd4ba4bf8f84c2b3d1c) Importer(815301076,1909f56bfc062723c751e8b465ee728b)
Start importing Assets/Images/Temp Images/12Pilot.jpg using Guid(93f21137a5d1abd4ba4bf8f84c2b3d1c) Importer(815301076,1909f56bfc062723c751e8b465ee728b)  -> (artifact id: '04d53c76abff8fb1528723cae9360890') in 0.006973 seconds
Number of updated asset objects reloaded before import = 0
Number of asset objects unloaded after import = 2
========================================================================
Received Import Request.
  Time since last request: 0.000013 seconds.
  path: Assets/Images/Temp Images/8Pilot.jpg
  artifactKey: Guid(bb0a7747b18ebfe44ba321d567015fb6) Importer(815301076,1909f56bfc062723c751e8b465ee728b)
Start importing Assets/Images/Temp Images/8Pilot.jpg using Guid(bb0a7747b18ebfe44ba321d567015fb6) Importer(815301076,1909f56bfc062723c751e8b465ee728b)  -> (artifact id: '8d79fc65f6cddb14931f17a1fada6e58') in 0.004427 seconds
Number of updated asset objects reloaded before import = 0
Number of asset objects unloaded after import = 2
Editor requested this worker to shutdown with reason: Scaling down because of idle timeout
TcpMessagingSession - receive error: operation aborted. errorcode: 995, details: The I/O operation has been aborted because of either a thread exit or an application request.
AssetImportWorker is now disconnected from the server
Process exiting
Exiting without the bug reporter. Application will terminate with return code 0