Using pre-set license
Built from '2022.3/staging' branch; Version is '2022.3.28f1 (6bae5ce6b222) revision 7056988'; Using compiler version '192829333'; Build Type 'Release'
OS: 'Windows 11  (10.0.22631) 64bit Core' Language: 'en' Physical Memory: 32602 MB
BatchMode: 1, IsHumanControllingUs: 0, StartBugReporterOnCrash: 0, Is64bit: 1, IsPro: 1

COMMAND LINE ARGUMENTS:
C:\Program Files\Unity\Hub\Editor\2022.3.28f1\Editor\Unity.exe
-adb2
-batchMode
-noUpm
-name
AssetImportWorker29
-projectPath
C:/Users/Admin/Downloads/School WOrk (TEMP)_/Specilization-Project/My project
-logFile
Logs/AssetImportWorker29.log
-srvPort
50728
Successfully changed project path to: C:/Users/Admin/Downloads/School WOrk (TEMP)_/Specilization-Project/My project
C:/Users/Admin/Downloads/School WOrk (TEMP)_/Specilization-Project/My project
[UnityMemory] Configuration Parameters - Can be set up in boot.config
    "memorysetup-bucket-allocator-granularity=16"
    "memorysetup-bucket-allocator-bucket-count=8"
    "memorysetup-bucket-allocator-block-size=33554432"
    "memorysetup-bucket-allocator-block-count=8"
    "memorysetup-main-allocator-block-size=16777216"
    "memorysetup-thread-allocator-block-size=16777216"
    "memorysetup-gfx-main-allocator-block-size=16777216"
    "memorysetup-gfx-thread-allocator-block-size=16777216"
    "memorysetup-cache-allocator-block-size=4194304"
    "memorysetup-typetree-allocator-block-size=2097152"
    "memorysetup-profiler-bucket-allocator-granularity=16"
    "memorysetup-profiler-bucket-allocator-bucket-count=8"
    "memorysetup-profiler-bucket-allocator-block-size=33554432"
    "memorysetup-profiler-bucket-allocator-block-count=8"
    "memorysetup-profiler-allocator-block-size=16777216"
    "memorysetup-profiler-editor-allocator-block-size=1048576"
    "memorysetup-temp-allocator-size-main=16777216"
    "memorysetup-job-temp-allocator-block-size=2097152"
    "memorysetup-job-temp-allocator-block-size-background=1048576"
    "memorysetup-job-temp-allocator-reduction-small-platforms=262144"
    "memorysetup-allocator-temp-initial-block-size-main=262144"
    "memorysetup-allocator-temp-initial-block-size-worker=262144"
    "memorysetup-temp-allocator-size-background-worker=32768"
    "memorysetup-temp-allocator-size-job-worker=262144"
    "memorysetup-temp-allocator-size-preload-manager=33554432"
    "memorysetup-temp-allocator-size-nav-mesh-worker=65536"
    "memorysetup-temp-allocator-size-audio-worker=65536"
    "memorysetup-temp-allocator-size-cloud-worker=32768"
    "memorysetup-temp-allocator-size-gi-baking-worker=262144"
    "memorysetup-temp-allocator-size-gfx=262144"
Player connection [51908] Host "[IP] 192.168.86.36 [Port] 0 [Flags] 2 [Guid] 4284481325 [EditorId] 4284481325 [Version] 1048832 [Id] WindowsEditor(7,DESKTOP-NRH17A1) [Debug] 1 [PackageName] WindowsEditor [ProjectName] Editor" joined multi-casting on [225.0.0.222:54997]...

Player connection [51908] Host "[IP] 192.168.86.36 [Port] 0 [Flags] 2 [Guid] 4284481325 [EditorId] 4284481325 [Version] 1048832 [Id] WindowsEditor(7,DESKTOP-NRH17A1) [Debug] 1 [PackageName] WindowsEditor [ProjectName] Editor" joined alternative multi-casting on [225.0.0.222:34997]...

[Physics::Module] Initialized MultithreadedJobDispatcher with 31 workers.
Refreshing native plugins compatible for Editor in 6.27 ms, found 3 plugins.
Preloading 0 native plugins for Editor in 0.00 ms.
Initialize engine version: 2022.3.28f1 (6bae5ce6b222)
[Subsystems] Discovering subsystems at path C:/Program Files/Unity/Hub/Editor/2022.3.28f1/Editor/Data/Resources/UnitySubsystems
[Subsystems] Discovering subsystems at path C:/Users/Admin/Downloads/School WOrk (TEMP)_/Specilization-Project/My project/Assets
GfxDevice: creating device client; threaded=0; jobified=0
Direct3D:
    Version:  Direct3D 11.0 [level 11.1]
    Renderer: NVIDIA GeForce RTX 4090 (ID=0x2684)
    Vendor:   NVIDIA
    VRAM:     24142 MB
    Driver:   31.0.15.5123
Initialize mono
Mono path[0] = 'C:/Program Files/Unity/Hub/Editor/2022.3.28f1/Editor/Data/Managed'
Mono path[1] = 'C:/Program Files/Unity/Hub/Editor/2022.3.28f1/Editor/Data/MonoBleedingEdge/lib/mono/unityjit-win32'
Mono config path = 'C:/Program Files/Unity/Hub/Editor/2022.3.28f1/Editor/Data/MonoBleedingEdge/etc'
Using monoOptions --debugger-agent=transport=dt_socket,embedding=1,server=y,suspend=n,address=127.0.0.1:56052
Begin MonoManager ReloadAssembly
Registering precompiled unity dll's ...
Register platform support module: C:/Program Files/Unity/Hub/Editor/2022.3.28f1/Editor/Data/PlaybackEngines/AndroidPlayer/UnityEditor.Android.Extensions.dll
Register platform support module: C:/Program Files/Unity/Hub/Editor/2022.3.28f1/Editor/Data/PlaybackEngines/WindowsStandaloneSupport/UnityEditor.WindowsStandalone.Extensions.dll
Registered in 0.004980 seconds.
- Loaded All Assemblies, in  0.219 seconds
Native extension for WindowsStandalone target not found
Native extension for Android target not found
Android Extension - Scanning For ADB Devices 325 ms
Mono: successfully reloaded assembly
- Finished resetting the current domain, in  0.513 seconds
Domain Reload Profiling: 731ms
	BeginReloadAssembly (71ms)
		ExecutionOrderSort (0ms)
		DisableScriptedObjects (0ms)
		BackupInstance (0ms)
		ReleaseScriptingObjects (0ms)
		CreateAndSetChildDomain (1ms)
	RebuildCommonClasses (19ms)
	RebuildNativeTypeToScriptingClass (6ms)
	initialDomainReloadingComplete (34ms)
	LoadAllAssembliesAndSetupDomain (88ms)
		LoadAssemblies (69ms)
		RebuildTransferFunctionScriptingTraits (0ms)
		AnalyzeDomain (86ms)
			TypeCache.Refresh (86ms)
				TypeCache.ScanAssembly (77ms)
			ScanForSourceGeneratedMonoScriptInfo (0ms)
			ResolveRequiredComponents (0ms)
	FinalizeReload (513ms)
		ReleaseScriptCaches (0ms)
		RebuildScriptCaches (0ms)
		SetupLoadedEditorAssemblies (480ms)
			LogAssemblyErrors (0ms)
			InitializePlatformSupportModulesInManaged (388ms)
			SetLoadedEditorAssemblies (2ms)
			RefreshPlugins (0ms)
			BeforeProcessingInitializeOnLoad (1ms)
			ProcessInitializeOnLoadAttributes (64ms)
			ProcessInitializeOnLoadMethodAttributes (24ms)
			AfterProcessingInitializeOnLoad (0ms)
			EditorAssembliesLoaded (0ms)
		ExecutionOrderSort2 (0ms)
		AwakeInstancesAfterBackupRestoration (0ms)
========================================================================
Worker process is ready to serve import requests
Begin MonoManager ReloadAssembly
- Loaded All Assemblies, in  0.390 seconds
Refreshing native plugins compatible for Editor in 2.48 ms, found 3 plugins.
Native extension for WindowsStandalone target not found
Native extension for Android target not found
Package Manager log level set to [2]
[Package Manager] Server::EnsureServerProcessIsRunning -- launch failed, reason: Unity was launched with the -noUpm command-line argument
[Package Manager] UpmClient::Send -- Unable to send message (not connected to UPM process).
[Package Manager] Cannot connect to Unity Package Manager local server
Mono: successfully reloaded assembly
- Finished resetting the current domain, in  0.331 seconds
Domain Reload Profiling: 718ms
	BeginReloadAssembly (86ms)
		ExecutionOrderSort (0ms)
		DisableScriptedObjects (3ms)
		BackupInstance (0ms)
		ReleaseScriptingObjects (0ms)
		CreateAndSetChildDomain (14ms)
	RebuildCommonClasses (18ms)
	RebuildNativeTypeToScriptingClass (6ms)
	initialDomainReloadingComplete (26ms)
	LoadAllAssembliesAndSetupDomain (251ms)
		LoadAssemblies (194ms)
		RebuildTransferFunctionScriptingTraits (0ms)
		AnalyzeDomain (107ms)
			TypeCache.Refresh (94ms)
				TypeCache.ScanAssembly (83ms)
			ScanForSourceGeneratedMonoScriptInfo (9ms)
			ResolveRequiredComponents (3ms)
	FinalizeReload (331ms)
		ReleaseScriptCaches (0ms)
		RebuildScriptCaches (0ms)
		SetupLoadedEditorAssemblies (243ms)
			LogAssemblyErrors (0ms)
			InitializePlatformSupportModulesInManaged (14ms)
			SetLoadedEditorAssemblies (2ms)
			RefreshPlugins (0ms)
			BeforeProcessingInitializeOnLoad (34ms)
			ProcessInitializeOnLoadAttributes (178ms)
			ProcessInitializeOnLoadMethodAttributes (11ms)
			AfterProcessingInitializeOnLoad (4ms)
			EditorAssembliesLoaded (0ms)
		ExecutionOrderSort2 (0ms)
		AwakeInstancesAfterBackupRestoration (5ms)
Launched and connected shader compiler UnityShaderCompiler.exe after 0.07 seconds
Refreshing native plugins compatible for Editor in 3.07 ms, found 3 plugins.
Preloading 0 native plugins for Editor in 0.00 ms.
Unloading 3329 Unused Serialized files (Serialized files now loaded: 0)
Unloading 46 unused Assets / (131.3 KB). Loaded Objects now: 3794.
Memory consumption went from 137.7 MB to 137.6 MB.
Total: 1.940600 ms (FindLiveObjects: 0.146800 ms CreateObjectMapping: 0.048100 ms MarkObjects: 1.664900 ms  DeleteObjects: 0.080000 ms)

AssetImportParameters requested are different than current active one (requested -> active):
  custom:container-demuxer-ogg: 62fdf1f143b41e24485cea50d1cbac27 -> 
  custom:video-codec-MediaFoundation-h265: 746d11721c4dcdbdad8f713fa42b33f4 -> 
  custom:video-decoder-ogg-theora: a1e56fd34408186e4bbccfd4996cb3dc -> 
  custom:framework-win-MediaFoundation: 216162199b28c13a410421893ffa2e32 -> 
  custom:scripting/monoscript/fileName/SelectedUnitStats.cs: 2dc25e54b1a2e768eeb9ef9cfa0179c3 -> 
  custom:CustomObjectIndexerAttribute: 9a22284fe3817be447336de3de66b15e -> 
  custom:container-demuxer-webm: 4f35f7cbe854078d1ac9338744f61a02 -> 
  custom:container-muxer-webm: aa71ff27fc2769a1b78a27578f13a17b -> 
  custom:video-decoder-webm-vp8: 9c59270c3fd7afecdb556c50c9e8de78 -> 
  custom:SearchIndexIgnoredProperties: e643bd26f0fe6173181afceb89e7c659 -> 
  custom:AudioImporter_EditorPlatform: d09bf68614088b80899f8185d706f6e7 -> 
  custom:video-encoder-webm-vp8: eb34c28f22e8b96e1ab97ce403110664 -> 
  custom:audio-decoder-ogg-vorbis: bf7c407c2cedff20999df2af8eb42d56 -> 
  custom:audio-encoder-webm-vorbis: bf7c407c2cedff20999df2af8eb42d56 -> 
========================================================================
Received Import Request.
  Time since last request: 35145.742824 seconds.
  path: Assets/Images/Temp Images/Mech1.png
  artifactKey: Guid(0e34ca5b63c8d024b88df584d9192a0e) Importer(815301076,1909f56bfc062723c751e8b465ee728b)
Start importing Assets/Images/Temp Images/Mech1.png using Guid(0e34ca5b63c8d024b88df584d9192a0e) Importer(815301076,1909f56bfc062723c751e8b465ee728b)  -> (artifact id: 'df4ec5cd79b523950248c3a7e0acb8d1') in 0.062671 seconds
Number of updated asset objects reloaded before import = 0
Number of asset objects unloaded after import = 3
========================================================================
Received Import Request.
  Time since last request: 13.022695 seconds.
  path: Assets/Images/Temp Images/1Pilot.jpg
  artifactKey: Guid(d6309139614b1a0428557f0c5fbf228e) Importer(815301076,1909f56bfc062723c751e8b465ee728b)
Start importing Assets/Images/Temp Images/1Pilot.jpg using Guid(d6309139614b1a0428557f0c5fbf228e) Importer(815301076,1909f56bfc062723c751e8b465ee728b)  -> (artifact id: '43de820f12e9931c1910805edd5a3514') in 0.007249 seconds
Number of updated asset objects reloaded before import = 0
Number of asset objects unloaded after import = 2
========================================================================
Received Import Request.
  Time since last request: 77.601534 seconds.
  path: Assets/Images/Temp Images/1Pilot.jpg
  artifactKey: Guid(d6309139614b1a0428557f0c5fbf228e) Importer(815301076,1909f56bfc062723c751e8b465ee728b)
Start importing Assets/Images/Temp Images/1Pilot.jpg using Guid(d6309139614b1a0428557f0c5fbf228e) Importer(815301076,1909f56bfc062723c751e8b465ee728b)  -> (artifact id: '6db6f71eb505e883cf2bb299ea2448d3') in 0.011745 seconds
Number of updated asset objects reloaded before import = 0
Number of asset objects unloaded after import = 3
========================================================================
Received Import Request.
  Time since last request: 9.347587 seconds.
  path: Assets/Images/Temp Images/New Folder
  artifactKey: Guid(b152bdfaf96779d4ab629f220268d40c) Importer(815301076,1909f56bfc062723c751e8b465ee728b)
Start importing Assets/Images/Temp Images/New Folder using Guid(b152bdfaf96779d4ab629f220268d40c) Importer(815301076,1909f56bfc062723c751e8b465ee728b)  -> (artifact id: '5e78ae905105669a84585f68b95be384') in 0.000642 seconds
Number of updated asset objects reloaded before import = 0
Number of asset objects unloaded after import = 0
========================================================================
Received Import Request.
  Time since last request: 6.017432 seconds.
  path: Assets/Images/Temp Images/New Folder/2Pilot.jpg
  artifactKey: Guid(d207d7f512bbffb4da672b51bdb31fac) Importer(815301076,1909f56bfc062723c751e8b465ee728b)
Start importing Assets/Images/Temp Images/New Folder/2Pilot.jpg using Guid(d207d7f512bbffb4da672b51bdb31fac) Importer(815301076,1909f56bfc062723c751e8b465ee728b)  -> (artifact id: 'b42c2d9f038e897928835e473fd8fd40') in 0.011731 seconds
Number of updated asset objects reloaded before import = 0
Number of asset objects unloaded after import = 2
========================================================================
Received Import Request.
  Time since last request: 0.001138 seconds.
  path: Assets/Images/Temp Images/New Folder/6Pilot.jpg
  artifactKey: Guid(634b9d41530acdb4d975fd9f26d3ee6f) Importer(815301076,1909f56bfc062723c751e8b465ee728b)
Start importing Assets/Images/Temp Images/New Folder/6Pilot.jpg using Guid(634b9d41530acdb4d975fd9f26d3ee6f) Importer(815301076,1909f56bfc062723c751e8b465ee728b)  -> (artifact id: '57af6f298003060116783bc84e6017e6') in 0.004963 seconds
Number of updated asset objects reloaded before import = 0
Number of asset objects unloaded after import = 2
========================================================================
Received Import Request.
  Time since last request: 0.001330 seconds.
  path: Assets/Images/Temp Images/New Folder/9Pilot.jpg
  artifactKey: Guid(983e13302989b3f458896fab90aed120) Importer(815301076,1909f56bfc062723c751e8b465ee728b)
Start importing Assets/Images/Temp Images/New Folder/9Pilot.jpg using Guid(983e13302989b3f458896fab90aed120) Importer(815301076,1909f56bfc062723c751e8b465ee728b)  -> (artifact id: 'efb34407f587b6869d18638148410a30') in 0.005573 seconds
Number of updated asset objects reloaded before import = 0
Number of asset objects unloaded after import = 2
========================================================================
Received Import Request.
  Time since last request: 0.001037 seconds.
  path: Assets/Images/Temp Images/New Folder/11Pilot.jpg
  artifactKey: Guid(dacfad0987f681b4e9ccbcddd1731562) Importer(815301076,1909f56bfc062723c751e8b465ee728b)
Start importing Assets/Images/Temp Images/New Folder/11Pilot.jpg using Guid(dacfad0987f681b4e9ccbcddd1731562) Importer(815301076,1909f56bfc062723c751e8b465ee728b)  -> (artifact id: '96650755a7544b7c8d21a9584ff99f28') in 0.005605 seconds
Number of updated asset objects reloaded before import = 0
Number of asset objects unloaded after import = 2
========================================================================
Received Import Request.
  Time since last request: 0.000013 seconds.
  path: Assets/Images/Temp Images/New Folder/12Pilot.jpg
  artifactKey: Guid(c0cd545957ae5024dbf02fd6b3fd72f4) Importer(815301076,1909f56bfc062723c751e8b465ee728b)
Start importing Assets/Images/Temp Images/New Folder/12Pilot.jpg using Guid(c0cd545957ae5024dbf02fd6b3fd72f4) Importer(815301076,1909f56bfc062723c751e8b465ee728b)  -> (artifact id: '92028caaecff95b2df0cff4a5d4863c1') in 0.005604 seconds
Number of updated asset objects reloaded before import = 0
Number of asset objects unloaded after import = 2
========================================================================
Received Import Request.
  Time since last request: 0.000016 seconds.
  path: Assets/Images/Temp Images/New Folder/15Pilot.jpg
  artifactKey: Guid(5266d0f0124fa984ebfe6e9e94eb3a76) Importer(815301076,1909f56bfc062723c751e8b465ee728b)
Start importing Assets/Images/Temp Images/New Folder/15Pilot.jpg using Guid(5266d0f0124fa984ebfe6e9e94eb3a76) Importer(815301076,1909f56bfc062723c751e8b465ee728b)  -> (artifact id: '4eefca073a82bbebd7aa307a5fb81c2f') in 0.007315 seconds
Number of updated asset objects reloaded before import = 0
Number of asset objects unloaded after import = 2
========================================================================
Received Import Request.
  Time since last request: 0.000017 seconds.
  path: Assets/Images/Temp Images/New Folder/16Pilot.jpg
  artifactKey: Guid(905ed26c0b0a0bd40a8b984f017c9a45) Importer(815301076,1909f56bfc062723c751e8b465ee728b)
Start importing Assets/Images/Temp Images/New Folder/16Pilot.jpg using Guid(905ed26c0b0a0bd40a8b984f017c9a45) Importer(815301076,1909f56bfc062723c751e8b465ee728b)  -> (artifact id: '3187cee9af4147ffc1bc717cd63a5008') in 0.004457 seconds
Number of updated asset objects reloaded before import = 0
Number of asset objects unloaded after import = 2
========================================================================
Received Import Request.
  Time since last request: 0.000024 seconds.
  path: Assets/Images/Temp Images/New Folder/8Pilot.jpg
  artifactKey: Guid(39097f5a7338bca4ab69ddacd1fac0da) Importer(815301076,1909f56bfc062723c751e8b465ee728b)
Start importing Assets/Images/Temp Images/New Folder/8Pilot.jpg using Guid(39097f5a7338bca4ab69ddacd1fac0da) Importer(815301076,1909f56bfc062723c751e8b465ee728b)  -> (artifact id: 'f7bfd21492f43cacb4af9f1fe77c1c46') in 0.006685 seconds
Number of updated asset objects reloaded before import = 0
Number of asset objects unloaded after import = 2
========================================================================
Received Import Request.
  Time since last request: 5.432219 seconds.
  path: Assets/Images/Temp Images/New Folder/4Pilot.jpg
  artifactKey: Guid(deb55523528396f4a9ae919aba824c89) Importer(815301076,1909f56bfc062723c751e8b465ee728b)
Start importing Assets/Images/Temp Images/New Folder/4Pilot.jpg using Guid(deb55523528396f4a9ae919aba824c89) Importer(815301076,1909f56bfc062723c751e8b465ee728b)  -> (artifact id: '9156efbd46cce8c75508b573a75616d4') in 0.016422 seconds
Number of updated asset objects reloaded before import = 0
Number of asset objects unloaded after import = 3
========================================================================
Received Import Request.
  Time since last request: 0.000014 seconds.
  path: Assets/Images/Temp Images/New Folder/10Pilot.jpg
  artifactKey: Guid(7407273758744be49a082b16cfeb1c30) Importer(815301076,1909f56bfc062723c751e8b465ee728b)
Start importing Assets/Images/Temp Images/New Folder/10Pilot.jpg using Guid(7407273758744be49a082b16cfeb1c30) Importer(815301076,1909f56bfc062723c751e8b465ee728b)  -> (artifact id: 'dace6be382111c969b64f53d7d47213d') in 0.011894 seconds
Number of updated asset objects reloaded before import = 0
Number of asset objects unloaded after import = 3
========================================================================
Received Import Request.
  Time since last request: 0.000014 seconds.
  path: Assets/Images/Temp Images/New Folder/11Pilot.jpg
  artifactKey: Guid(dacfad0987f681b4e9ccbcddd1731562) Importer(815301076,1909f56bfc062723c751e8b465ee728b)
Start importing Assets/Images/Temp Images/New Folder/11Pilot.jpg using Guid(dacfad0987f681b4e9ccbcddd1731562) Importer(815301076,1909f56bfc062723c751e8b465ee728b)  -> (artifact id: 'f92a4067d68c1b70d1d7753eea75a032') in 0.016236 seconds
Number of updated asset objects reloaded before import = 0
Number of asset objects unloaded after import = 3
========================================================================
Received Import Request.
  Time since last request: 0.000011 seconds.
  path: Assets/Images/Temp Images/New Folder/15Pilot.jpg
  artifactKey: Guid(5266d0f0124fa984ebfe6e9e94eb3a76) Importer(815301076,1909f56bfc062723c751e8b465ee728b)
Start importing Assets/Images/Temp Images/New Folder/15Pilot.jpg using Guid(5266d0f0124fa984ebfe6e9e94eb3a76) Importer(815301076,1909f56bfc062723c751e8b465ee728b)  -> (artifact id: '0e5ab2428a6bb9ca3ead89dd125eafff') in 0.010693 seconds
Number of updated asset objects reloaded before import = 0
Number of asset objects unloaded after import = 3
========================================================================
Received Import Request.
  Time since last request: 0.000012 seconds.
  path: Assets/Images/Temp Images/New Folder/8Pilot.jpg
  artifactKey: Guid(39097f5a7338bca4ab69ddacd1fac0da) Importer(815301076,1909f56bfc062723c751e8b465ee728b)
Start importing Assets/Images/Temp Images/New Folder/8Pilot.jpg using Guid(39097f5a7338bca4ab69ddacd1fac0da) Importer(815301076,1909f56bfc062723c751e8b465ee728b)  -> (artifact id: '752e6a0b5e7fa9c65a27bdd9176f5d91') in 0.010363 seconds
Number of updated asset objects reloaded before import = 0
Number of asset objects unloaded after import = 3
========================================================================
Received Prepare
Begin MonoManager ReloadAssembly
- Loaded All Assemblies, in  0.293 seconds
Refreshing native plugins compatible for Editor in 1.73 ms, found 3 plugins.
Native extension for WindowsStandalone target not found
Native extension for Android target not found
[Package Manager] Server::EnsureServerProcessIsRunning -- launch failed, reason: Unity was launched with the -noUpm command-line argument
[Package Manager] UpmClient::Send -- Unable to send message (not connected to UPM process).
[Package Manager] Cannot connect to Unity Package Manager local server
Mono: successfully reloaded assembly
- Finished resetting the current domain, in  0.747 seconds
Domain Reload Profiling: 1039ms
	BeginReloadAssembly (114ms)
		ExecutionOrderSort (0ms)
		DisableScriptedObjects (3ms)
		BackupInstance (0ms)
		ReleaseScriptingObjects (0ms)
		CreateAndSetChildDomain (26ms)
	RebuildCommonClasses (20ms)
	RebuildNativeTypeToScriptingClass (6ms)
	initialDomainReloadingComplete (19ms)
	LoadAllAssembliesAndSetupDomain (133ms)
		LoadAssemblies (185ms)
		RebuildTransferFunctionScriptingTraits (0ms)
		AnalyzeDomain (9ms)
			TypeCache.Refresh (4ms)
				TypeCache.ScanAssembly (0ms)
			ScanForSourceGeneratedMonoScriptInfo (0ms)
			ResolveRequiredComponents (4ms)
	FinalizeReload (748ms)
		ReleaseScriptCaches (0ms)
		RebuildScriptCaches (0ms)
		SetupLoadedEditorAssemblies (309ms)
			LogAssemblyErrors (0ms)
			InitializePlatformSupportModulesInManaged (20ms)
			SetLoadedEditorAssemblies (2ms)
			RefreshPlugins (0ms)
			BeforeProcessingInitializeOnLoad (48ms)
			ProcessInitializeOnLoadAttributes (216ms)
			ProcessInitializeOnLoadMethodAttributes (17ms)
			AfterProcessingInitializeOnLoad (6ms)
			EditorAssembliesLoaded (0ms)
		ExecutionOrderSort2 (0ms)
		AwakeInstancesAfterBackupRestoration (5ms)
Refreshing native plugins compatible for Editor in 3.51 ms, found 3 plugins.
Preloading 0 native plugins for Editor in 0.00 ms.
Unloading 3306 Unused Serialized files (Serialized files now loaded: 0)
Unloading 25 unused Assets / (102.8 KB). Loaded Objects now: 3817.
Memory consumption went from 132.5 MB to 132.4 MB.
Total: 2.364600 ms (FindLiveObjects: 0.269700 ms CreateObjectMapping: 0.082700 ms MarkObjects: 1.966400 ms  DeleteObjects: 0.044600 ms)

Prepare: number of updated asset objects reloaded= 0
AssetImportParameters requested are different than current active one (requested -> active):
  custom:container-demuxer-ogg: 62fdf1f143b41e24485cea50d1cbac27 -> 
  custom:video-codec-MediaFoundation-h265: 746d11721c4dcdbdad8f713fa42b33f4 -> 
  custom:video-decoder-ogg-theora: a1e56fd34408186e4bbccfd4996cb3dc -> 
  custom:framework-win-MediaFoundation: 216162199b28c13a410421893ffa2e32 -> 
  custom:scripting/monoscript/fileName/SelectedUnitStats.cs: 2dc25e54b1a2e768eeb9ef9cfa0179c3 -> 
  custom:CustomObjectIndexerAttribute: 9a22284fe3817be447336de3de66b15e -> 
  custom:container-demuxer-webm: 4f35f7cbe854078d1ac9338744f61a02 -> 
  custom:container-muxer-webm: aa71ff27fc2769a1b78a27578f13a17b -> 
  custom:video-decoder-webm-vp8: 9c59270c3fd7afecdb556c50c9e8de78 -> 
  custom:SearchIndexIgnoredProperties: e643bd26f0fe6173181afceb89e7c659 -> 
  custom:AudioImporter_EditorPlatform: d09bf68614088b80899f8185d706f6e7 -> 
  custom:video-encoder-webm-vp8: eb34c28f22e8b96e1ab97ce403110664 -> 
  custom:audio-decoder-ogg-vorbis: bf7c407c2cedff20999df2af8eb42d56 -> 
  custom:audio-encoder-webm-vorbis: bf7c407c2cedff20999df2af8eb42d56 -> 
Editor requested this worker to shutdown with reason: Scaling down because of idle timeout
TcpMessagingSession - receive error: operation aborted. errorcode: 995, details: The I/O operation has been aborted because of either a thread exit or an application request.
AssetImportWorker is now disconnected from the server
Process exiting
Exiting without the bug reporter. Application will terminate with return code 0