Using pre-set license
Built from '2022.3/staging' branch; Version is '2022.3.28f1 (6bae5ce6b222) revision 7056988'; Using compiler version '192829333'; Build Type 'Release'
OS: 'Windows 11  (10.0.22631) 64bit Core' Language: 'en' Physical Memory: 32602 MB
BatchMode: 1, IsHumanControllingUs: 0, StartBugReporterOnCrash: 0, Is64bit: 1, IsPro: 1

COMMAND LINE ARGUMENTS:
C:\Program Files\Unity\Hub\Editor\2022.3.28f1\Editor\Unity.exe
-adb2
-batchMode
-noUpm
-name
AssetImportWorker40
-projectPath
C:/Users/Admin/Downloads/School WOrk (TEMP)_/Specilization-Project/My project
-logFile
Logs/AssetImportWorker40.log
-srvPort
50728
Successfully changed project path to: C:/Users/Admin/Downloads/School WOrk (TEMP)_/Specilization-Project/My project
C:/Users/Admin/Downloads/School WOrk (TEMP)_/Specilization-Project/My project
[UnityMemory] Configuration Parameters - Can be set up in boot.config
    "memorysetup-bucket-allocator-granularity=16"
    "memorysetup-bucket-allocator-bucket-count=8"
    "memorysetup-bucket-allocator-block-size=33554432"
    "memorysetup-bucket-allocator-block-count=8"
    "memorysetup-main-allocator-block-size=16777216"
    "memorysetup-thread-allocator-block-size=16777216"
    "memorysetup-gfx-main-allocator-block-size=16777216"
    "memorysetup-gfx-thread-allocator-block-size=16777216"
    "memorysetup-cache-allocator-block-size=4194304"
    "memorysetup-typetree-allocator-block-size=2097152"
    "memorysetup-profiler-bucket-allocator-granularity=16"
    "memorysetup-profiler-bucket-allocator-bucket-count=8"
    "memorysetup-profiler-bucket-allocator-block-size=33554432"
    "memorysetup-profiler-bucket-allocator-block-count=8"
    "memorysetup-profiler-allocator-block-size=16777216"
    "memorysetup-profiler-editor-allocator-block-size=1048576"
    "memorysetup-temp-allocator-size-main=16777216"
    "memorysetup-job-temp-allocator-block-size=2097152"
    "memorysetup-job-temp-allocator-block-size-background=1048576"
    "memorysetup-job-temp-allocator-reduction-small-platforms=262144"
    "memorysetup-allocator-temp-initial-block-size-main=262144"
    "memorysetup-allocator-temp-initial-block-size-worker=262144"
    "memorysetup-temp-allocator-size-background-worker=32768"
    "memorysetup-temp-allocator-size-job-worker=262144"
    "memorysetup-temp-allocator-size-preload-manager=33554432"
    "memorysetup-temp-allocator-size-nav-mesh-worker=65536"
    "memorysetup-temp-allocator-size-audio-worker=65536"
    "memorysetup-temp-allocator-size-cloud-worker=32768"
    "memorysetup-temp-allocator-size-gi-baking-worker=262144"
    "memorysetup-temp-allocator-size-gfx=262144"
Player connection [38704] Host "[IP] 192.168.86.36 [Port] 0 [Flags] 2 [Guid] 350709632 [EditorId] 350709632 [Version] 1048832 [Id] WindowsEditor(7,DESKTOP-NRH17A1) [Debug] 1 [PackageName] WindowsEditor [ProjectName] Editor" joined multi-casting on [225.0.0.222:54997]...

Player connection [38704] Host "[IP] 192.168.86.36 [Port] 0 [Flags] 2 [Guid] 350709632 [EditorId] 350709632 [Version] 1048832 [Id] WindowsEditor(7,DESKTOP-NRH17A1) [Debug] 1 [PackageName] WindowsEditor [ProjectName] Editor" joined alternative multi-casting on [225.0.0.222:34997]...

[Physics::Module] Initialized MultithreadedJobDispatcher with 31 workers.
Refreshing native plugins compatible for Editor in 6.25 ms, found 3 plugins.
Preloading 0 native plugins for Editor in 0.00 ms.
Initialize engine version: 2022.3.28f1 (6bae5ce6b222)
[Subsystems] Discovering subsystems at path C:/Program Files/Unity/Hub/Editor/2022.3.28f1/Editor/Data/Resources/UnitySubsystems
[Subsystems] Discovering subsystems at path C:/Users/Admin/Downloads/School WOrk (TEMP)_/Specilization-Project/My project/Assets
GfxDevice: creating device client; threaded=0; jobified=0
Direct3D:
    Version:  Direct3D 11.0 [level 11.1]
    Renderer: NVIDIA GeForce RTX 4090 (ID=0x2684)
    Vendor:   NVIDIA
    VRAM:     24142 MB
    Driver:   31.0.15.5123
Initialize mono
Mono path[0] = 'C:/Program Files/Unity/Hub/Editor/2022.3.28f1/Editor/Data/Managed'
Mono path[1] = 'C:/Program Files/Unity/Hub/Editor/2022.3.28f1/Editor/Data/MonoBleedingEdge/lib/mono/unityjit-win32'
Mono config path = 'C:/Program Files/Unity/Hub/Editor/2022.3.28f1/Editor/Data/MonoBleedingEdge/etc'
Using monoOptions --debugger-agent=transport=dt_socket,embedding=1,server=y,suspend=n,address=127.0.0.1:56824
Begin MonoManager ReloadAssembly
Registering precompiled unity dll's ...
Register platform support module: C:/Program Files/Unity/Hub/Editor/2022.3.28f1/Editor/Data/PlaybackEngines/AndroidPlayer/UnityEditor.Android.Extensions.dll
Register platform support module: C:/Program Files/Unity/Hub/Editor/2022.3.28f1/Editor/Data/PlaybackEngines/WindowsStandaloneSupport/UnityEditor.WindowsStandalone.Extensions.dll
Registered in 0.005207 seconds.
- Loaded All Assemblies, in  0.417 seconds
Native extension for WindowsStandalone target not found
Native extension for Android target not found
Android Extension - Scanning For ADB Devices 245 ms
Mono: successfully reloaded assembly
- Finished resetting the current domain, in  0.470 seconds
Domain Reload Profiling: 886ms
	BeginReloadAssembly (176ms)
		ExecutionOrderSort (0ms)
		DisableScriptedObjects (0ms)
		BackupInstance (0ms)
		ReleaseScriptingObjects (0ms)
		CreateAndSetChildDomain (1ms)
	RebuildCommonClasses (28ms)
	RebuildNativeTypeToScriptingClass (6ms)
	initialDomainReloadingComplete (50ms)
	LoadAllAssembliesAndSetupDomain (156ms)
		LoadAssemblies (177ms)
		RebuildTransferFunctionScriptingTraits (0ms)
		AnalyzeDomain (152ms)
			TypeCache.Refresh (151ms)
				TypeCache.ScanAssembly (134ms)
			ScanForSourceGeneratedMonoScriptInfo (0ms)
			ResolveRequiredComponents (1ms)
	FinalizeReload (470ms)
		ReleaseScriptCaches (0ms)
		RebuildScriptCaches (0ms)
		SetupLoadedEditorAssemblies (435ms)
			LogAssemblyErrors (0ms)
			InitializePlatformSupportModulesInManaged (316ms)
			SetLoadedEditorAssemblies (2ms)
			RefreshPlugins (0ms)
			BeforeProcessingInitializeOnLoad (2ms)
			ProcessInitializeOnLoadAttributes (83ms)
			ProcessInitializeOnLoadMethodAttributes (32ms)
			AfterProcessingInitializeOnLoad (0ms)
			EditorAssembliesLoaded (0ms)
		ExecutionOrderSort2 (0ms)
		AwakeInstancesAfterBackupRestoration (0ms)
========================================================================
Worker process is ready to serve import requests
Begin MonoManager ReloadAssembly
- Loaded All Assemblies, in  0.361 seconds
Refreshing native plugins compatible for Editor in 1.97 ms, found 3 plugins.
Native extension for WindowsStandalone target not found
Native extension for Android target not found
Package Manager log level set to [2]
[Package Manager] Server::EnsureServerProcessIsRunning -- launch failed, reason: Unity was launched with the -noUpm command-line argument
[Package Manager] UpmClient::Send -- Unable to send message (not connected to UPM process).
[Package Manager] Cannot connect to Unity Package Manager local server
Mono: successfully reloaded assembly
- Finished resetting the current domain, in  0.321 seconds
Domain Reload Profiling: 681ms
	BeginReloadAssembly (84ms)
		ExecutionOrderSort (0ms)
		DisableScriptedObjects (3ms)
		BackupInstance (0ms)
		ReleaseScriptingObjects (0ms)
		CreateAndSetChildDomain (11ms)
	RebuildCommonClasses (22ms)
	RebuildNativeTypeToScriptingClass (5ms)
	initialDomainReloadingComplete (23ms)
	LoadAllAssembliesAndSetupDomain (224ms)
		LoadAssemblies (168ms)
		RebuildTransferFunctionScriptingTraits (0ms)
		AnalyzeDomain (103ms)
			TypeCache.Refresh (90ms)
				TypeCache.ScanAssembly (80ms)
			ScanForSourceGeneratedMonoScriptInfo (9ms)
			ResolveRequiredComponents (3ms)
	FinalizeReload (322ms)
		ReleaseScriptCaches (0ms)
		RebuildScriptCaches (0ms)
		SetupLoadedEditorAssemblies (236ms)
			LogAssemblyErrors (0ms)
			InitializePlatformSupportModulesInManaged (14ms)
			SetLoadedEditorAssemblies (2ms)
			RefreshPlugins (0ms)
			BeforeProcessingInitializeOnLoad (33ms)
			ProcessInitializeOnLoadAttributes (172ms)
			ProcessInitializeOnLoadMethodAttributes (11ms)
			AfterProcessingInitializeOnLoad (4ms)
			EditorAssembliesLoaded (0ms)
		ExecutionOrderSort2 (0ms)
		AwakeInstancesAfterBackupRestoration (4ms)
Launched and connected shader compiler UnityShaderCompiler.exe after 0.03 seconds
Refreshing native plugins compatible for Editor in 1.87 ms, found 3 plugins.
Preloading 0 native plugins for Editor in 0.00 ms.
Unloading 3329 Unused Serialized files (Serialized files now loaded: 0)
Unloading 46 unused Assets / (131.3 KB). Loaded Objects now: 3794.
Memory consumption went from 137.7 MB to 137.6 MB.
Total: 2.063100 ms (FindLiveObjects: 0.141000 ms CreateObjectMapping: 0.048900 ms MarkObjects: 1.778600 ms  DeleteObjects: 0.093800 ms)

AssetImportParameters requested are different than current active one (requested -> active):
  custom:container-demuxer-ogg: 62fdf1f143b41e24485cea50d1cbac27 -> 
  custom:video-codec-MediaFoundation-h265: 746d11721c4dcdbdad8f713fa42b33f4 -> 
  custom:video-decoder-ogg-theora: a1e56fd34408186e4bbccfd4996cb3dc -> 
  custom:framework-win-MediaFoundation: 216162199b28c13a410421893ffa2e32 -> 
  custom:scripting/monoscript/fileName/SelectedUnitStats.cs: 2dc25e54b1a2e768eeb9ef9cfa0179c3 -> 
  custom:CustomObjectIndexerAttribute: 9a22284fe3817be447336de3de66b15e -> 
  custom:container-demuxer-webm: 4f35f7cbe854078d1ac9338744f61a02 -> 
  custom:container-muxer-webm: aa71ff27fc2769a1b78a27578f13a17b -> 
  custom:video-decoder-webm-vp8: 9c59270c3fd7afecdb556c50c9e8de78 -> 
  custom:SearchIndexIgnoredProperties: e643bd26f0fe6173181afceb89e7c659 -> 
  custom:AudioImporter_EditorPlatform: d09bf68614088b80899f8185d706f6e7 -> 
  custom:video-encoder-webm-vp8: eb34c28f22e8b96e1ab97ce403110664 -> 
  custom:audio-decoder-ogg-vorbis: bf7c407c2cedff20999df2af8eb42d56 -> 
  custom:audio-encoder-webm-vorbis: bf7c407c2cedff20999df2af8eb42d56 -> 
========================================================================
Received Import Request.
  Time since last request: 45044.860491 seconds.
  path: Assets/Images/BaseImage/ability4.JPG
  artifactKey: Guid(bc04859b0cb367841b0878176c72bcea) Importer(815301076,1909f56bfc062723c751e8b465ee728b)
Start importing Assets/Images/BaseImage/ability4.JPG using Guid(bc04859b0cb367841b0878176c72bcea) Importer(815301076,1909f56bfc062723c751e8b465ee728b)  -> (artifact id: '5c5bc08e0f432b11c5ca6d4ca05bab6b') in 0.051750 seconds
Number of updated asset objects reloaded before import = 0
Number of asset objects unloaded after import = 3
========================================================================
Received Import Request.
  Time since last request: 1698.125495 seconds.
  path: Assets/Scripatable Objects/Mech2.asset
  artifactKey: Guid(6c50faa7d20923d4abe263d0dc151b3c) Importer(815301076,1909f56bfc062723c751e8b465ee728b)
Start importing Assets/Scripatable Objects/Mech2.asset using Guid(6c50faa7d20923d4abe263d0dc151b3c) Importer(815301076,1909f56bfc062723c751e8b465ee728b)  -> (artifact id: '59bf4a3a4471038995ca2a24e85946ab') in 0.001700 seconds
Number of updated asset objects reloaded before import = 0
Number of asset objects unloaded after import = 2
========================================================================
Received Import Request.
  Time since last request: 0.000015 seconds.
  path: Assets/Scripatable Objects/Mech4.asset
  artifactKey: Guid(d3a9cf273ace4ba43803023e47ec4e33) Importer(815301076,1909f56bfc062723c751e8b465ee728b)
Start importing Assets/Scripatable Objects/Mech4.asset using Guid(d3a9cf273ace4ba43803023e47ec4e33) Importer(815301076,1909f56bfc062723c751e8b465ee728b)  -> (artifact id: '5189df4c8fe720d1b39f255dae22a9d3') in 0.000638 seconds
Number of updated asset objects reloaded before import = 0
Number of asset objects unloaded after import = 2
========================================================================
Received Import Request.
  Time since last request: 0.005790 seconds.
  path: Assets/Scripatable Objects/Mech15.asset
  artifactKey: Guid(f5984874d31901e489217e9671474c56) Importer(815301076,1909f56bfc062723c751e8b465ee728b)
Start importing Assets/Scripatable Objects/Mech15.asset using Guid(f5984874d31901e489217e9671474c56) Importer(815301076,1909f56bfc062723c751e8b465ee728b)  -> (artifact id: 'e01dec1baaba3ccf500f8693806600cb') in 0.001021 seconds
Number of updated asset objects reloaded before import = 0
Number of asset objects unloaded after import = 2
========================================================================
Received Import Request.
  Time since last request: 0.000017 seconds.
  path: Assets/Scripatable Objects/Pilot3.asset
  artifactKey: Guid(b3d4e12673bae1f449bf2e5c05b9474b) Importer(815301076,1909f56bfc062723c751e8b465ee728b)
Start importing Assets/Scripatable Objects/Pilot3.asset using Guid(b3d4e12673bae1f449bf2e5c05b9474b) Importer(815301076,1909f56bfc062723c751e8b465ee728b)  -> (artifact id: '7fe54da2aab4776657e94705e28e2363') in 0.000792 seconds
Number of updated asset objects reloaded before import = 0
Number of asset objects unloaded after import = 2
========================================================================
Received Import Request.
  Time since last request: 0.004690 seconds.
  path: Assets/Scripatable Objects/Pilot5.asset
  artifactKey: Guid(dd4bd5b6c7455354995f64724d0cd6e7) Importer(815301076,1909f56bfc062723c751e8b465ee728b)
Start importing Assets/Scripatable Objects/Pilot5.asset using Guid(dd4bd5b6c7455354995f64724d0cd6e7) Importer(815301076,1909f56bfc062723c751e8b465ee728b)  -> (artifact id: '8402db207aa10a67632e930d47478ad9') in 0.001201 seconds
Number of updated asset objects reloaded before import = 0
Number of asset objects unloaded after import = 2
========================================================================
Received Import Request.
  Time since last request: 0.000007 seconds.
  path: Assets/Scripatable Objects/Pilot8.asset
  artifactKey: Guid(06d302f3dc9b9c848ae005d795424b13) Importer(815301076,1909f56bfc062723c751e8b465ee728b)
Start importing Assets/Scripatable Objects/Pilot8.asset using Guid(06d302f3dc9b9c848ae005d795424b13) Importer(815301076,1909f56bfc062723c751e8b465ee728b)  -> (artifact id: 'cb2e585756504fada588949243de5a2a') in 0.000786 seconds
Number of updated asset objects reloaded before import = 0
Number of asset objects unloaded after import = 2
========================================================================
Received Import Request.
  Time since last request: 0.007244 seconds.
  path: Assets/Scripatable Objects/Pilot13.asset
  artifactKey: Guid(15350e1d3c7eb4c4485c6ca10959fa00) Importer(815301076,1909f56bfc062723c751e8b465ee728b)
Start importing Assets/Scripatable Objects/Pilot13.asset using Guid(15350e1d3c7eb4c4485c6ca10959fa00) Importer(815301076,1909f56bfc062723c751e8b465ee728b)  -> (artifact id: 'ac098a6ebf16722db25c839e9737df6e') in 0.001178 seconds
Number of updated asset objects reloaded before import = 0
Number of asset objects unloaded after import = 2
========================================================================
Received Import Request.
  Time since last request: 0.000021 seconds.
  path: Assets/Scripatable Objects/Pilot14.asset
  artifactKey: Guid(747f40468af6012448ceebe1ee2e0e6d) Importer(815301076,1909f56bfc062723c751e8b465ee728b)
Start importing Assets/Scripatable Objects/Pilot14.asset using Guid(747f40468af6012448ceebe1ee2e0e6d) Importer(815301076,1909f56bfc062723c751e8b465ee728b)  -> (artifact id: 'c79d86921358ee799d67cde38ebfd411') in 0.000834 seconds
Number of updated asset objects reloaded before import = 0
Number of asset objects unloaded after import = 2
========================================================================
Received Import Request.
  Time since last request: 0.000030 seconds.
  path: Assets/Scripatable Objects/Pilot11.asset
  artifactKey: Guid(e1d9dc11eaf12f84fad709a0b8981925) Importer(815301076,1909f56bfc062723c751e8b465ee728b)
Start importing Assets/Scripatable Objects/Pilot11.asset using Guid(e1d9dc11eaf12f84fad709a0b8981925) Importer(815301076,1909f56bfc062723c751e8b465ee728b)  -> (artifact id: 'dfdb804aa73af8c7b46a9ae723e44b4e') in 0.000624 seconds
Number of updated asset objects reloaded before import = 0
Number of asset objects unloaded after import = 2
========================================================================
Received Import Request.
  Time since last request: 0.000006 seconds.
  path: Assets/Scripatable Objects/Pilot9.asset
  artifactKey: Guid(13367e48d9f4fb54ab89a5f0fbc69be4) Importer(815301076,1909f56bfc062723c751e8b465ee728b)
Start importing Assets/Scripatable Objects/Pilot9.asset using Guid(13367e48d9f4fb54ab89a5f0fbc69be4) Importer(815301076,1909f56bfc062723c751e8b465ee728b)  -> (artifact id: '84d0b09a8ff7dbd2fd60b488f3a11f5b') in 0.000570 seconds
Number of updated asset objects reloaded before import = 0
Number of asset objects unloaded after import = 2
========================================================================
Received Import Request.
  Time since last request: 0.000009 seconds.
  path: Assets/Scripatable Objects/Pilot7.asset
  artifactKey: Guid(60039fcabd8f6584e94cd2606c3a5b38) Importer(815301076,1909f56bfc062723c751e8b465ee728b)
Start importing Assets/Scripatable Objects/Pilot7.asset using Guid(60039fcabd8f6584e94cd2606c3a5b38) Importer(815301076,1909f56bfc062723c751e8b465ee728b)  -> (artifact id: 'b6437649c418aca028760d08984f5053') in 0.000857 seconds
Number of updated asset objects reloaded before import = 0
Number of asset objects unloaded after import = 2
Editor requested this worker to shutdown with reason: Scaling down because of idle timeout
TcpMessagingSession - receive error
AssetImportWorkerClient::OnTransportError - code=2 error=End of file
AssetImportWorker is now disconnected from the server
Process exiting
Exiting without the bug reporter. Application will terminate with return code 0