Using pre-set license
Built from '2022.3/staging' branch; Version is '2022.3.28f1 (6bae5ce6b222) revision 7056988'; Using compiler version '192829333'; Build Type 'Release'
OS: 'Windows 11  (10.0.22631) 64bit Core' Language: 'en' Physical Memory: 32602 MB
BatchMode: 1, IsHumanControllingUs: 0, StartBugReporterOnCrash: 0, Is64bit: 1, IsPro: 1

COMMAND LINE ARGUMENTS:
C:\Program Files\Unity\Hub\Editor\2022.3.28f1\Editor\Unity.exe
-adb2
-batchMode
-noUpm
-name
AssetImportWorker22
-projectPath
C:/Users/Admin/Downloads/School WOrk (TEMP)_/Specilization-Project/My project
-logFile
Logs/AssetImportWorker22.log
-srvPort
52455
Successfully changed project path to: C:/Users/Admin/Downloads/School WOrk (TEMP)_/Specilization-Project/My project
C:/Users/Admin/Downloads/School WOrk (TEMP)_/Specilization-Project/My project
[UnityMemory] Configuration Parameters - Can be set up in boot.config
    "memorysetup-bucket-allocator-granularity=16"
    "memorysetup-bucket-allocator-bucket-count=8"
    "memorysetup-bucket-allocator-block-size=33554432"
    "memorysetup-bucket-allocator-block-count=8"
    "memorysetup-main-allocator-block-size=16777216"
    "memorysetup-thread-allocator-block-size=16777216"
    "memorysetup-gfx-main-allocator-block-size=16777216"
    "memorysetup-gfx-thread-allocator-block-size=16777216"
    "memorysetup-cache-allocator-block-size=4194304"
    "memorysetup-typetree-allocator-block-size=2097152"
    "memorysetup-profiler-bucket-allocator-granularity=16"
    "memorysetup-profiler-bucket-allocator-bucket-count=8"
    "memorysetup-profiler-bucket-allocator-block-size=33554432"
    "memorysetup-profiler-bucket-allocator-block-count=8"
    "memorysetup-profiler-allocator-block-size=16777216"
    "memorysetup-profiler-editor-allocator-block-size=1048576"
    "memorysetup-temp-allocator-size-main=16777216"
    "memorysetup-job-temp-allocator-block-size=2097152"
    "memorysetup-job-temp-allocator-block-size-background=1048576"
    "memorysetup-job-temp-allocator-reduction-small-platforms=262144"
    "memorysetup-allocator-temp-initial-block-size-main=262144"
    "memorysetup-allocator-temp-initial-block-size-worker=262144"
    "memorysetup-temp-allocator-size-background-worker=32768"
    "memorysetup-temp-allocator-size-job-worker=262144"
    "memorysetup-temp-allocator-size-preload-manager=33554432"
    "memorysetup-temp-allocator-size-nav-mesh-worker=65536"
    "memorysetup-temp-allocator-size-audio-worker=65536"
    "memorysetup-temp-allocator-size-cloud-worker=32768"
    "memorysetup-temp-allocator-size-gi-baking-worker=262144"
    "memorysetup-temp-allocator-size-gfx=262144"
Player connection [11752] Host "[IP] 192.168.86.36 [Port] 0 [Flags] 2 [Guid] 165299850 [EditorId] 165299850 [Version] 1048832 [Id] WindowsEditor(7,DESKTOP-NRH17A1) [Debug] 1 [PackageName] WindowsEditor [ProjectName] Editor" joined multi-casting on [225.0.0.222:54997]...

Player connection [11752] Host "[IP] 192.168.86.36 [Port] 0 [Flags] 2 [Guid] 165299850 [EditorId] 165299850 [Version] 1048832 [Id] WindowsEditor(7,DESKTOP-NRH17A1) [Debug] 1 [PackageName] WindowsEditor [ProjectName] Editor" joined alternative multi-casting on [225.0.0.222:34997]...

[Physics::Module] Initialized MultithreadedJobDispatcher with 31 workers.
Refreshing native plugins compatible for Editor in 6.58 ms, found 3 plugins.
Preloading 0 native plugins for Editor in 0.00 ms.
Initialize engine version: 2022.3.28f1 (6bae5ce6b222)
[Subsystems] Discovering subsystems at path C:/Program Files/Unity/Hub/Editor/2022.3.28f1/Editor/Data/Resources/UnitySubsystems
[Subsystems] Discovering subsystems at path C:/Users/Admin/Downloads/School WOrk (TEMP)_/Specilization-Project/My project/Assets
GfxDevice: creating device client; threaded=0; jobified=0
Direct3D:
    Version:  Direct3D 11.0 [level 11.1]
    Renderer: NVIDIA GeForce RTX 4090 (ID=0x2684)
    Vendor:   NVIDIA
    VRAM:     24142 MB
    Driver:   31.0.15.5123
Initialize mono
Mono path[0] = 'C:/Program Files/Unity/Hub/Editor/2022.3.28f1/Editor/Data/Managed'
Mono path[1] = 'C:/Program Files/Unity/Hub/Editor/2022.3.28f1/Editor/Data/MonoBleedingEdge/lib/mono/unityjit-win32'
Mono config path = 'C:/Program Files/Unity/Hub/Editor/2022.3.28f1/Editor/Data/MonoBleedingEdge/etc'
Using monoOptions --debugger-agent=transport=dt_socket,embedding=1,server=y,suspend=n,address=127.0.0.1:56240
Begin MonoManager ReloadAssembly
Registering precompiled unity dll's ...
Register platform support module: C:/Program Files/Unity/Hub/Editor/2022.3.28f1/Editor/Data/PlaybackEngines/AndroidPlayer/UnityEditor.Android.Extensions.dll
Register platform support module: C:/Program Files/Unity/Hub/Editor/2022.3.28f1/Editor/Data/PlaybackEngines/WindowsStandaloneSupport/UnityEditor.WindowsStandalone.Extensions.dll
Registered in 0.005131 seconds.
- Loaded All Assemblies, in  0.243 seconds
Native extension for WindowsStandalone target not found
Native extension for Android target not found
Android Extension - Scanning For ADB Devices 372 ms
Mono: successfully reloaded assembly
- Finished resetting the current domain, in  0.578 seconds
Domain Reload Profiling: 820ms
	BeginReloadAssembly (73ms)
		ExecutionOrderSort (0ms)
		DisableScriptedObjects (0ms)
		BackupInstance (0ms)
		ReleaseScriptingObjects (0ms)
		CreateAndSetChildDomain (0ms)
	RebuildCommonClasses (24ms)
	RebuildNativeTypeToScriptingClass (6ms)
	initialDomainReloadingComplete (40ms)
	LoadAllAssembliesAndSetupDomain (99ms)
		LoadAssemblies (71ms)
		RebuildTransferFunctionScriptingTraits (0ms)
		AnalyzeDomain (97ms)
			TypeCache.Refresh (97ms)
				TypeCache.ScanAssembly (88ms)
			ScanForSourceGeneratedMonoScriptInfo (0ms)
			ResolveRequiredComponents (0ms)
	FinalizeReload (578ms)
		ReleaseScriptCaches (0ms)
		RebuildScriptCaches (0ms)
		SetupLoadedEditorAssemblies (537ms)
			LogAssemblyErrors (0ms)
			InitializePlatformSupportModulesInManaged (443ms)
			SetLoadedEditorAssemblies (2ms)
			RefreshPlugins (0ms)
			BeforeProcessingInitializeOnLoad (1ms)
			ProcessInitializeOnLoadAttributes (64ms)
			ProcessInitializeOnLoadMethodAttributes (27ms)
			AfterProcessingInitializeOnLoad (0ms)
			EditorAssembliesLoaded (0ms)
		ExecutionOrderSort2 (0ms)
		AwakeInstancesAfterBackupRestoration (0ms)
========================================================================
Worker process is ready to serve import requests
Begin MonoManager ReloadAssembly
- Loaded All Assemblies, in  0.442 seconds
Refreshing native plugins compatible for Editor in 2.09 ms, found 3 plugins.
Native extension for WindowsStandalone target not found
Native extension for Android target not found
Package Manager log level set to [2]
[Package Manager] Server::EnsureServerProcessIsRunning -- launch failed, reason: Unity was launched with the -noUpm command-line argument
[Package Manager] UpmClient::Send -- Unable to send message (not connected to UPM process).
[Package Manager] Cannot connect to Unity Package Manager local server
Mono: successfully reloaded assembly
- Finished resetting the current domain, in  0.446 seconds
Domain Reload Profiling: 886ms
	BeginReloadAssembly (104ms)
		ExecutionOrderSort (0ms)
		DisableScriptedObjects (3ms)
		BackupInstance (0ms)
		ReleaseScriptingObjects (0ms)
		CreateAndSetChildDomain (14ms)
	RebuildCommonClasses (25ms)
	RebuildNativeTypeToScriptingClass (6ms)
	initialDomainReloadingComplete (34ms)
	LoadAllAssembliesAndSetupDomain (271ms)
		LoadAssemblies (223ms)
		RebuildTransferFunctionScriptingTraits (0ms)
		AnalyzeDomain (111ms)
			TypeCache.Refresh (96ms)
				TypeCache.ScanAssembly (85ms)
			ScanForSourceGeneratedMonoScriptInfo (10ms)
			ResolveRequiredComponents (3ms)
	FinalizeReload (446ms)
		ReleaseScriptCaches (0ms)
		RebuildScriptCaches (0ms)
		SetupLoadedEditorAssemblies (332ms)
			LogAssemblyErrors (0ms)
			InitializePlatformSupportModulesInManaged (15ms)
			SetLoadedEditorAssemblies (2ms)
			RefreshPlugins (0ms)
			BeforeProcessingInitializeOnLoad (37ms)
			ProcessInitializeOnLoadAttributes (249ms)
			ProcessInitializeOnLoadMethodAttributes (20ms)
			AfterProcessingInitializeOnLoad (8ms)
			EditorAssembliesLoaded (0ms)
		ExecutionOrderSort2 (0ms)
		AwakeInstancesAfterBackupRestoration (8ms)
Launched and connected shader compiler UnityShaderCompiler.exe after 0.07 seconds
Refreshing native plugins compatible for Editor in 4.49 ms, found 3 plugins.
Preloading 0 native plugins for Editor in 0.00 ms.
Unloading 3464 Unused Serialized files (Serialized files now loaded: 0)
Unloading 57 unused Assets / (1.8 MB). Loaded Objects now: 3940.
Memory consumption went from 164.3 MB to 162.4 MB.
Total: 4.771800 ms (FindLiveObjects: 0.309000 ms CreateObjectMapping: 0.153000 ms MarkObjects: 3.910000 ms  DeleteObjects: 0.398700 ms)

AssetImportParameters requested are different than current active one (requested -> active):
  custom:container-demuxer-ogg: 62fdf1f143b41e24485cea50d1cbac27 -> 
  custom:video-codec-MediaFoundation-h265: 746d11721c4dcdbdad8f713fa42b33f4 -> 
  custom:video-decoder-ogg-theora: a1e56fd34408186e4bbccfd4996cb3dc -> 
  custom:framework-win-MediaFoundation: 216162199b28c13a410421893ffa2e32 -> 
  custom:CustomObjectIndexerAttribute: 9a22284fe3817be447336de3de66b15e -> 
  custom:container-demuxer-webm: 4f35f7cbe854078d1ac9338744f61a02 -> 
  custom:container-muxer-webm: aa71ff27fc2769a1b78a27578f13a17b -> 
  custom:video-decoder-webm-vp8: 9c59270c3fd7afecdb556c50c9e8de78 -> 
  custom:SearchIndexIgnoredProperties: e643bd26f0fe6173181afceb89e7c659 -> 
  custom:AudioImporter_EditorPlatform: d09bf68614088b80899f8185d706f6e7 -> 
  custom:video-encoder-webm-vp8: eb34c28f22e8b96e1ab97ce403110664 -> 
  custom:audio-decoder-ogg-vorbis: bf7c407c2cedff20999df2af8eb42d56 -> 
  custom:audio-encoder-webm-vorbis: bf7c407c2cedff20999df2af8eb42d56 -> 
========================================================================
Received Import Request.
  Time since last request: 184348.591481 seconds.
  path: Assets/_Heathen Engineering/Assets/UX/Icons/Flat Icons [Free]/Free Flat Menu 3 Icon.png
  artifactKey: Guid(80e352140f72c1a46925fdcd2fc5fb28) Importer(815301076,1909f56bfc062723c751e8b465ee728b)
Start importing Assets/_Heathen Engineering/Assets/UX/Icons/Flat Icons [Free]/Free Flat Menu 3 Icon.png using Guid(80e352140f72c1a46925fdcd2fc5fb28) Importer(815301076,1909f56bfc062723c751e8b465ee728b)  -> (artifact id: 'ea74cdf43aae39d8236196bab56d8111') in 0.060304 seconds
Number of updated asset objects reloaded before import = 0
Number of asset objects unloaded after import = 3
========================================================================
Received Import Request.
  Time since last request: 0.000014 seconds.
  path: Assets/_Heathen Engineering/Assets/UX/Icons/Flat Icons [Free]/Free Flat Signal Up 1 Icon.png
  artifactKey: Guid(01eead9d665b57646bca62095606183a) Importer(815301076,1909f56bfc062723c751e8b465ee728b)
Start importing Assets/_Heathen Engineering/Assets/UX/Icons/Flat Icons [Free]/Free Flat Signal Up 1 Icon.png using Guid(01eead9d665b57646bca62095606183a) Importer(815301076,1909f56bfc062723c751e8b465ee728b)  -> (artifact id: 'bf732779a1e6bb38f7a947c1252e0710') in 0.011696 seconds
Number of updated asset objects reloaded before import = 0
Number of asset objects unloaded after import = 3
========================================================================
Received Import Request.
  Time since last request: 0.000010 seconds.
  path: Assets/_Heathen Engineering/Assets/UX/Icons/Flat Icons [Free]/Free Flat Upload Cloud Icon.png
  artifactKey: Guid(5a20439d7b6619c40a0ef94f13d18bc5) Importer(815301076,1909f56bfc062723c751e8b465ee728b)
Start importing Assets/_Heathen Engineering/Assets/UX/Icons/Flat Icons [Free]/Free Flat Upload Cloud Icon.png using Guid(5a20439d7b6619c40a0ef94f13d18bc5) Importer(815301076,1909f56bfc062723c751e8b465ee728b)  -> (artifact id: '342343c520d513ffca4fe50ba80317c6') in 0.012918 seconds
Number of updated asset objects reloaded before import = 0
Number of asset objects unloaded after import = 3
========================================================================
Received Import Request.
  Time since last request: 0.000012 seconds.
  path: Assets/_Heathen Engineering/Assets/UX/Icons/Flat Icons [Free]/Free Flat Signal Up 101 Icon.png
  artifactKey: Guid(b5d747335d1bafb43915c028619955af) Importer(815301076,1909f56bfc062723c751e8b465ee728b)
Start importing Assets/_Heathen Engineering/Assets/UX/Icons/Flat Icons [Free]/Free Flat Signal Up 101 Icon.png using Guid(b5d747335d1bafb43915c028619955af) Importer(815301076,1909f56bfc062723c751e8b465ee728b)  -> (artifact id: 'd3ed2dae292dfee951093cbc8ba3fdae') in 0.012500 seconds
Number of updated asset objects reloaded before import = 0
Number of asset objects unloaded after import = 3
========================================================================
Received Import Request.
  Time since last request: 0.000017 seconds.
  path: Assets/_Heathen Engineering/Assets/UX/Icons/Flat Icons [Free]/Free Flat Music No Dashless Icon.png
  artifactKey: Guid(547bb804169b8084a8523d172c156a03) Importer(815301076,1909f56bfc062723c751e8b465ee728b)
Start importing Assets/_Heathen Engineering/Assets/UX/Icons/Flat Icons [Free]/Free Flat Music No Dashless Icon.png using Guid(547bb804169b8084a8523d172c156a03) Importer(815301076,1909f56bfc062723c751e8b465ee728b)  -> (artifact id: 'a7f63d0d3226e7c3d23b4b7c1889abbf') in 0.010712 seconds
Number of updated asset objects reloaded before import = 0
Number of asset objects unloaded after import = 3
========================================================================
Received Import Request.
  Time since last request: 0.000016 seconds.
  path: Assets/_Heathen Engineering/Assets/UX/Icons/Flat Icons [Free]/Free Flat Move In Icon.png
  artifactKey: Guid(fb23ae9c9c616a34a808b7e87e761a4b) Importer(815301076,1909f56bfc062723c751e8b465ee728b)
Start importing Assets/_Heathen Engineering/Assets/UX/Icons/Flat Icons [Free]/Free Flat Move In Icon.png using Guid(fb23ae9c9c616a34a808b7e87e761a4b) Importer(815301076,1909f56bfc062723c751e8b465ee728b)  -> (artifact id: 'd3231ac83ba701b46859721e60e3ea8c') in 0.011202 seconds
Number of updated asset objects reloaded before import = 0
Number of asset objects unloaded after import = 3
========================================================================
Received Import Request.
  Time since last request: 0.000011 seconds.
  path: Assets/_Heathen Engineering/Assets/UX/Icons/Flat Icons [Free]/Free Flat Toggle Cage Icon.png
  artifactKey: Guid(c94014c28c49aed4ab93b4d5bedad6a5) Importer(815301076,1909f56bfc062723c751e8b465ee728b)
Start importing Assets/_Heathen Engineering/Assets/UX/Icons/Flat Icons [Free]/Free Flat Toggle Cage Icon.png using Guid(c94014c28c49aed4ab93b4d5bedad6a5) Importer(815301076,1909f56bfc062723c751e8b465ee728b)  -> (artifact id: '3435782b21b06b01e54c3fa7d157a34f') in 0.011867 seconds
Number of updated asset objects reloaded before import = 0
Number of asset objects unloaded after import = 3
========================================================================
Received Import Request.
  Time since last request: 697.240684 seconds.
  path: Assets/SkymonIconPackFree/skymon-icons-white/quest.png
  artifactKey: Guid(d3bfd50179e07554095fc5523326c21e) Importer(815301076,1909f56bfc062723c751e8b465ee728b)
Start importing Assets/SkymonIconPackFree/skymon-icons-white/quest.png using Guid(d3bfd50179e07554095fc5523326c21e) Importer(815301076,1909f56bfc062723c751e8b465ee728b)  -> (artifact id: '43b04953d579bd6bbd6d3f40d3c73558') in 0.014350 seconds
Number of updated asset objects reloaded before import = 0
Number of asset objects unloaded after import = 3
========================================================================
Received Import Request.
  Time since last request: 0.004385 seconds.
  path: Assets/SkymonIconPackFree/skymon-icons-white/round-info.png
  artifactKey: Guid(69d6e839a745f6b41a00d3e84063956b) Importer(815301076,1909f56bfc062723c751e8b465ee728b)
Start importing Assets/SkymonIconPackFree/skymon-icons-white/round-info.png using Guid(69d6e839a745f6b41a00d3e84063956b) Importer(815301076,1909f56bfc062723c751e8b465ee728b)  -> (artifact id: '04e78608ba1da369a6dc4ab456ce7492') in 0.011781 seconds
Number of updated asset objects reloaded before import = 0
Number of asset objects unloaded after import = 3
========================================================================
Received Import Request.
  Time since last request: 0.000012 seconds.
  path: Assets/SkymonIconPackFree/skymon-icons-white/select-icon3.png
  artifactKey: Guid(e9426e5a33e4e2c41b4fb4eeb7b9b79f) Importer(815301076,1909f56bfc062723c751e8b465ee728b)
Start importing Assets/SkymonIconPackFree/skymon-icons-white/select-icon3.png using Guid(e9426e5a33e4e2c41b4fb4eeb7b9b79f) Importer(815301076,1909f56bfc062723c751e8b465ee728b)  -> (artifact id: '8183b1daa016cf5c990b4ac5ac54a417') in 0.011673 seconds
Number of updated asset objects reloaded before import = 0
Number of asset objects unloaded after import = 3
========================================================================
Received Import Request.
  Time since last request: 0.000015 seconds.
  path: Assets/SkymonIconPackFree/skymon-icons-white/settings-tool.png
  artifactKey: Guid(a7534d871a232ca488876ff0d10ff69e) Importer(815301076,1909f56bfc062723c751e8b465ee728b)
Start importing Assets/SkymonIconPackFree/skymon-icons-white/settings-tool.png using Guid(a7534d871a232ca488876ff0d10ff69e) Importer(815301076,1909f56bfc062723c751e8b465ee728b)  -> (artifact id: 'a0729f22563f9fe3ee16bcae611a2d38') in 0.013888 seconds
Number of updated asset objects reloaded before import = 0
Number of asset objects unloaded after import = 3
========================================================================
Received Import Request.
  Time since last request: 2.027116 seconds.
  path: Assets/SkymonIconPackFree/skymon-icons-white/shield.png
  artifactKey: Guid(e6d2c6cbebc8694408a471255d33123e) Importer(815301076,1909f56bfc062723c751e8b465ee728b)
Start importing Assets/SkymonIconPackFree/skymon-icons-white/shield.png using Guid(e6d2c6cbebc8694408a471255d33123e) Importer(815301076,1909f56bfc062723c751e8b465ee728b)  -> (artifact id: '660284e2a7b426c494ffece1bc838be7') in 0.010694 seconds
Number of updated asset objects reloaded before import = 0
Number of asset objects unloaded after import = 3
========================================================================
Received Import Request.
  Time since last request: 0.000013 seconds.
  path: Assets/SkymonIconPackFree/skymon-icons-white/trash-bin.png
  artifactKey: Guid(e55977f8f66a33340ab51cac6cc79b0c) Importer(815301076,1909f56bfc062723c751e8b465ee728b)
Start importing Assets/SkymonIconPackFree/skymon-icons-white/trash-bin.png using Guid(e55977f8f66a33340ab51cac6cc79b0c) Importer(815301076,1909f56bfc062723c751e8b465ee728b)  -> (artifact id: '9e39f153b3ddf466dc3c0eec2a57c83c') in 0.012237 seconds
Number of updated asset objects reloaded before import = 0
Number of asset objects unloaded after import = 3
========================================================================
Received Import Request.
  Time since last request: 2849.700319 seconds.
  path: Assets/Images/MechImages/mech1.jpg
  artifactKey: Guid(a925378cfea52bb4083138eb7d1d65d2) Importer(815301076,1909f56bfc062723c751e8b465ee728b)
Start importing Assets/Images/MechImages/mech1.jpg using Guid(a925378cfea52bb4083138eb7d1d65d2) Importer(815301076,1909f56bfc062723c751e8b465ee728b)  -> (artifact id: 'f3d8164693c25b6aa0539ce79e28e38c') in 0.024317 seconds
Number of updated asset objects reloaded before import = 0
Number of asset objects unloaded after import = 3
========================================================================
Received Import Request.
  Time since last request: 0.000022 seconds.
  path: Assets/Images/MechImages/mech4.jpg
  artifactKey: Guid(8df10d197fc401a44ab38855829a63b9) Importer(815301076,1909f56bfc062723c751e8b465ee728b)
Start importing Assets/Images/MechImages/mech4.jpg using Guid(8df10d197fc401a44ab38855829a63b9) Importer(815301076,1909f56bfc062723c751e8b465ee728b)  -> (artifact id: '7b4b3669a29c4e017236f29edbd3fd62') in 0.015281 seconds
Number of updated asset objects reloaded before import = 0
Number of asset objects unloaded after import = 3
========================================================================
Received Import Request.
  Time since last request: 0.168604 seconds.
  path: Assets/Images/MechImages/mech10.png
  artifactKey: Guid(e90999934c31f8a40a809241bcb59258) Importer(815301076,1909f56bfc062723c751e8b465ee728b)
Start importing Assets/Images/MechImages/mech10.png using Guid(e90999934c31f8a40a809241bcb59258) Importer(815301076,1909f56bfc062723c751e8b465ee728b)  -> (artifact id: 'f456ed720db92ad0fb6ce9acd1990906') in 0.014138 seconds
Number of updated asset objects reloaded before import = 0
Number of asset objects unloaded after import = 3
========================================================================
Received Import Request.
  Time since last request: 0.000011 seconds.
  path: Assets/Images/MechImages/mech12.png
  artifactKey: Guid(8caeec8411c028146821f42c9d608cc5) Importer(815301076,1909f56bfc062723c751e8b465ee728b)
Start importing Assets/Images/MechImages/mech12.png using Guid(8caeec8411c028146821f42c9d608cc5) Importer(815301076,1909f56bfc062723c751e8b465ee728b)  -> (artifact id: '9a4e2a1bf572f171285609c5fc2010f1') in 0.015200 seconds
Number of updated asset objects reloaded before import = 0
Number of asset objects unloaded after import = 3
========================================================================
Received Import Request.
  Time since last request: 0.000012 seconds.
  path: Assets/Images/MechImages/mech15.jpg
  artifactKey: Guid(e9dc4ddadd402ac489e2922d013b37b6) Importer(815301076,1909f56bfc062723c751e8b465ee728b)
Start importing Assets/Images/MechImages/mech15.jpg using Guid(e9dc4ddadd402ac489e2922d013b37b6) Importer(815301076,1909f56bfc062723c751e8b465ee728b)  -> (artifact id: '9b5d6e5bf409398ef24f025cb3ec74e1') in 0.020164 seconds
Number of updated asset objects reloaded before import = 0
Number of asset objects unloaded after import = 3
========================================================================
Received Import Request.
  Time since last request: 1178.819197 seconds.
  path: Assets/Images/Untitled Diagram.jpg
  artifactKey: Guid(a6481e80e3b7a4b4ca10b21117eb07d5) Importer(815301076,1909f56bfc062723c751e8b465ee728b)
Start importing Assets/Images/Untitled Diagram.jpg using Guid(a6481e80e3b7a4b4ca10b21117eb07d5) Importer(815301076,1909f56bfc062723c751e8b465ee728b)  -> (artifact id: '8b82f7cc939444a41d1e65f651a5d95e') in 0.013130 seconds
Number of updated asset objects reloaded before import = 0
Number of asset objects unloaded after import = 2
========================================================================
Received Import Request.
  Time since last request: 42.378223 seconds.
  path: Assets/Images/Enemy Info.jpg
  artifactKey: Guid(a6481e80e3b7a4b4ca10b21117eb07d5) Importer(815301076,1909f56bfc062723c751e8b465ee728b)
Start importing Assets/Images/Enemy Info.jpg using Guid(a6481e80e3b7a4b4ca10b21117eb07d5) Importer(815301076,1909f56bfc062723c751e8b465ee728b)  -> (artifact id: '5d0b6a294e29126ba8b8ca95c9c2fc18') in 0.003902 seconds
Number of updated asset objects reloaded before import = 0
Number of asset objects unloaded after import = 2
========================================================================
Received Import Request.
  Time since last request: 13.156329 seconds.
  path: Assets/Images/Enemy Info.jpg
  artifactKey: Guid(a6481e80e3b7a4b4ca10b21117eb07d5) Importer(815301076,1909f56bfc062723c751e8b465ee728b)
Start importing Assets/Images/Enemy Info.jpg using Guid(a6481e80e3b7a4b4ca10b21117eb07d5) Importer(815301076,1909f56bfc062723c751e8b465ee728b)  -> (artifact id: '39906f519fde6bf278ff36aa5577baba') in 0.012495 seconds
Number of updated asset objects reloaded before import = 0
Number of asset objects unloaded after import = 3
========================================================================
Received Import Request.
  Time since last request: 485.893661 seconds.
  path: Assets/_Heathen Engineering/Assets/UX/Icons/Flat Icons [Free]/Source
  artifactKey: Guid(c7cbedb64ad63d645bb479a8de7c745a) Importer(815301076,1909f56bfc062723c751e8b465ee728b)
Start importing Assets/_Heathen Engineering/Assets/UX/Icons/Flat Icons [Free]/Source using Guid(c7cbedb64ad63d645bb479a8de7c745a) Importer(815301076,1909f56bfc062723c751e8b465ee728b)  -> (artifact id: 'debd977f9416dc794524fd4f8cb9acca') in 0.000649 seconds
Number of updated asset objects reloaded before import = 0
Number of asset objects unloaded after import = 0
========================================================================
Received Import Request.
  Time since last request: 36.329606 seconds.
  path: Assets/Images/question.jpg
  artifactKey: Guid(d624155f43e58474eaa21336ba43f3b7) Importer(815301076,1909f56bfc062723c751e8b465ee728b)
Start importing Assets/Images/question.jpg using Guid(d624155f43e58474eaa21336ba43f3b7) Importer(815301076,1909f56bfc062723c751e8b465ee728b)  -> (artifact id: '108f1d0101f288617ede596e15a9c4bb') in 0.013872 seconds
Number of updated asset objects reloaded before import = 0
Number of asset objects unloaded after import = 2
========================================================================
Received Import Request.
  Time since last request: 4.247108 seconds.
  path: Assets/Images/question.jpg
  artifactKey: Guid(d624155f43e58474eaa21336ba43f3b7) Importer(815301076,1909f56bfc062723c751e8b465ee728b)
Start importing Assets/Images/question.jpg using Guid(d624155f43e58474eaa21336ba43f3b7) Importer(815301076,1909f56bfc062723c751e8b465ee728b)  -> (artifact id: 'cfc19be1a2dfadb5a46e8c9a456e1335') in 0.010417 seconds
Number of updated asset objects reloaded before import = 0
Number of asset objects unloaded after import = 3
========================================================================
Received Import Request.
  Time since last request: 1037.374119 seconds.
  path: Assets/SkymonIconPackFree/skymon-icons-white/pouch.png
  artifactKey: Guid(e8e00495370d7a9479493d1a56c190c9) Importer(815301076,1909f56bfc062723c751e8b465ee728b)
Start importing Assets/SkymonIconPackFree/skymon-icons-white/pouch.png using Guid(e8e00495370d7a9479493d1a56c190c9) Importer(815301076,1909f56bfc062723c751e8b465ee728b)  -> (artifact id: '73489f0b55b3a64973e2b16dc3392eff') in 0.016759 seconds
Number of updated asset objects reloaded before import = 0
Number of asset objects unloaded after import = 3
========================================================================
Received Import Request.
  Time since last request: 11.613771 seconds.
  path: Assets/SkymonIconPackFree/skymon-icons-white/log-in.png
  artifactKey: Guid(e37c6e1828878b645a9dee94121de318) Importer(815301076,1909f56bfc062723c751e8b465ee728b)
Start importing Assets/SkymonIconPackFree/skymon-icons-white/log-in.png using Guid(e37c6e1828878b645a9dee94121de318) Importer(815301076,1909f56bfc062723c751e8b465ee728b)  -> (artifact id: 'c3eb73b7e6ea4b238a8c930f03244512') in 0.009745 seconds
Number of updated asset objects reloaded before import = 0
Number of asset objects unloaded after import = 3
========================================================================
Received Import Request.
  Time since last request: 0.000010 seconds.
  path: Assets/SkymonIconPackFree/skymon-icons-white/map1.png
  artifactKey: Guid(c6e7c202f05ab5540b77239101217338) Importer(815301076,1909f56bfc062723c751e8b465ee728b)
Start importing Assets/SkymonIconPackFree/skymon-icons-white/map1.png using Guid(c6e7c202f05ab5540b77239101217338) Importer(815301076,1909f56bfc062723c751e8b465ee728b)  -> (artifact id: 'be2b70993d899cb669057a43d6bac86c') in 0.013513 seconds
Number of updated asset objects reloaded before import = 0
Number of asset objects unloaded after import = 3
========================================================================
Received Import Request.
  Time since last request: 1762.118109 seconds.
  path: Assets/Images/map.jpg
  artifactKey: Guid(e034e3601276e324c8ce1e5b38ee7e36) Importer(815301076,1909f56bfc062723c751e8b465ee728b)
Start importing Assets/Images/map.jpg using Guid(e034e3601276e324c8ce1e5b38ee7e36) Importer(815301076,1909f56bfc062723c751e8b465ee728b)  -> (artifact id: '90ffda41bca277ce19a78eb28f1bc004') in 0.012389 seconds
Number of updated asset objects reloaded before import = 0
Number of asset objects unloaded after import = 2
========================================================================
Received Import Request.
  Time since last request: 6.047365 seconds.
  path: Assets/Images/map.jpg
  artifactKey: Guid(e034e3601276e324c8ce1e5b38ee7e36) Importer(815301076,1909f56bfc062723c751e8b465ee728b)
Start importing Assets/Images/map.jpg using Guid(e034e3601276e324c8ce1e5b38ee7e36) Importer(815301076,1909f56bfc062723c751e8b465ee728b)  -> (artifact id: 'bcdaf09b81e86f6b822ee9666254b03b') in 0.012360 seconds
Number of updated asset objects reloaded before import = 0
Number of asset objects unloaded after import = 3
========================================================================
Received Import Request.
  Time since last request: 992.327717 seconds.
  path: Assets/SkymonIconPackFree/skymon-icons-white/zselect-icon.png
  artifactKey: Guid(d9df7fd12a0674f4f80b6b466208935a) Importer(815301076,1909f56bfc062723c751e8b465ee728b)
Start importing Assets/SkymonIconPackFree/skymon-icons-white/zselect-icon.png using Guid(d9df7fd12a0674f4f80b6b466208935a) Importer(815301076,1909f56bfc062723c751e8b465ee728b)  -> (artifact id: '551e7cb1d65a30e0a02ac8953a446f60') in 0.013097 seconds
Number of updated asset objects reloaded before import = 0
Number of asset objects unloaded after import = 3
========================================================================
Received Import Request.
  Time since last request: 0.000506 seconds.
  path: Assets/SkymonIconPackFree/skymon-icons-white/zselect-arrow.png
  artifactKey: Guid(a39174595da33ad4f938d982556c7f9a) Importer(815301076,1909f56bfc062723c751e8b465ee728b)
Start importing Assets/SkymonIconPackFree/skymon-icons-white/zselect-arrow.png using Guid(a39174595da33ad4f938d982556c7f9a) Importer(815301076,1909f56bfc062723c751e8b465ee728b)  -> (artifact id: 'b982e88c84492490f61dac1c42d674b0') in 0.013109 seconds
Number of updated asset objects reloaded before import = 0
Number of asset objects unloaded after import = 3
========================================================================
Received Import Request.
  Time since last request: 0.004914 seconds.
  path: Assets/SkymonIconPackFree/skymon-icons-white/up-arrow-1.png
  artifactKey: Guid(15241c4bc95ccf244b06e4b4b0e63400) Importer(815301076,1909f56bfc062723c751e8b465ee728b)
Start importing Assets/SkymonIconPackFree/skymon-icons-white/up-arrow-1.png using Guid(15241c4bc95ccf244b06e4b4b0e63400) Importer(815301076,1909f56bfc062723c751e8b465ee728b)  -> (artifact id: '30d6c8057520fa7e275b09a10940f3fb') in 0.009560 seconds
Number of updated asset objects reloaded before import = 0
Number of asset objects unloaded after import = 3
========================================================================
Received Import Request.
  Time since last request: 0.000012 seconds.
  path: Assets/SkymonIconPackFree/skymon-icons-white/user.png
  artifactKey: Guid(0e760844fd68df941aaa15e720527071) Importer(815301076,1909f56bfc062723c751e8b465ee728b)
Start importing Assets/SkymonIconPackFree/skymon-icons-white/user.png using Guid(0e760844fd68df941aaa15e720527071) Importer(815301076,1909f56bfc062723c751e8b465ee728b)  -> (artifact id: '66daeab3d4b41ab2794656f9849846c2') in 0.010605 seconds
Number of updated asset objects reloaded before import = 0
Number of asset objects unloaded after import = 3
========================================================================
Received Import Request.
  Time since last request: 0.000011 seconds.
  path: Assets/SkymonIconPackFree/skymon-icons-white/wall-clock.png
  artifactKey: Guid(5b7e0702032789e4e9aac23e78e2a5a8) Importer(815301076,1909f56bfc062723c751e8b465ee728b)
Start importing Assets/SkymonIconPackFree/skymon-icons-white/wall-clock.png using Guid(5b7e0702032789e4e9aac23e78e2a5a8) Importer(815301076,1909f56bfc062723c751e8b465ee728b)  -> (artifact id: 'faa4fda2f45103a9e691cbde48db28a3') in 0.011279 seconds
Number of updated asset objects reloaded before import = 0
Number of asset objects unloaded after import = 3
========================================================================
Received Import Request.
  Time since last request: 0.002854 seconds.
  path: Assets/SkymonIconPackFree/skymon-icons-white/zoom-minus.png
  artifactKey: Guid(6c268fc0d313d5d4ba5bcacceeeb1e32) Importer(815301076,1909f56bfc062723c751e8b465ee728b)
Start importing Assets/SkymonIconPackFree/skymon-icons-white/zoom-minus.png using Guid(6c268fc0d313d5d4ba5bcacceeeb1e32) Importer(815301076,1909f56bfc062723c751e8b465ee728b)  -> (artifact id: 'f2b5cc973ff95871a27587af78386d51') in 0.015545 seconds
Number of updated asset objects reloaded before import = 0
Number of asset objects unloaded after import = 3
========================================================================
Received Import Request.
  Time since last request: 0.065705 seconds.
  path: Assets/SkymonIconPackFree/skymon-icons-white/coin.png
  artifactKey: Guid(0b6ba6a8ab04194498edeafa3c23dad3) Importer(815301076,1909f56bfc062723c751e8b465ee728b)
Start importing Assets/SkymonIconPackFree/skymon-icons-white/coin.png using Guid(0b6ba6a8ab04194498edeafa3c23dad3) Importer(815301076,1909f56bfc062723c751e8b465ee728b)  -> (artifact id: 'ec98733bc05078aae8ccc43d7a61c86c') in 0.012338 seconds
Number of updated asset objects reloaded before import = 0
Number of asset objects unloaded after import = 3
========================================================================
Received Import Request.
  Time since last request: 0.000011 seconds.
  path: Assets/SkymonIconPackFree/skymon-icons-white/diamond.png
  artifactKey: Guid(ad4f0495bda3d01418c589e71f5afba1) Importer(815301076,1909f56bfc062723c751e8b465ee728b)
Start importing Assets/SkymonIconPackFree/skymon-icons-white/diamond.png using Guid(ad4f0495bda3d01418c589e71f5afba1) Importer(815301076,1909f56bfc062723c751e8b465ee728b)  -> (artifact id: 'f0acbfa3d2d1257d3174a078037b730f') in 0.012036 seconds
Number of updated asset objects reloaded before import = 0
Number of asset objects unloaded after import = 3
========================================================================
Received Import Request.
  Time since last request: 0.000013 seconds.
  path: Assets/SkymonIconPackFree/skymon-icons-white/fairy-wand.png
  artifactKey: Guid(b6dff2a3895b38441ae4e419a1f153b0) Importer(815301076,1909f56bfc062723c751e8b465ee728b)
Start importing Assets/SkymonIconPackFree/skymon-icons-white/fairy-wand.png using Guid(b6dff2a3895b38441ae4e419a1f153b0) Importer(815301076,1909f56bfc062723c751e8b465ee728b)  -> (artifact id: '9468ac0d5cb3870a13b3e9dfbe77d8cc') in 0.011996 seconds
Number of updated asset objects reloaded before import = 0
Number of asset objects unloaded after import = 3
========================================================================
Received Import Request.
  Time since last request: 0.000026 seconds.
  path: Assets/SkymonIconPackFree/skymon-icons-white/fire.png
  artifactKey: Guid(3d470df9a9c7dba4396105716b8737ff) Importer(815301076,1909f56bfc062723c751e8b465ee728b)
Start importing Assets/SkymonIconPackFree/skymon-icons-white/fire.png using Guid(3d470df9a9c7dba4396105716b8737ff) Importer(815301076,1909f56bfc062723c751e8b465ee728b)  -> (artifact id: '5587716937dda63355ea8349cf1c932b') in 0.012790 seconds
Number of updated asset objects reloaded before import = 0
Number of asset objects unloaded after import = 3
Editor requested this worker to shutdown with reason: Scaling down because of idle timeout
TcpMessagingSession - receive error: operation aborted. errorcode: 995, details: The I/O operation has been aborted because of either a thread exit or an application request.
AssetImportWorker is now disconnected from the server
Process exiting
Exiting without the bug reporter. Application will terminate with return code 0