Using pre-set license
Built from '2022.3/staging' branch; Version is '2022.3.28f1 (6bae5ce6b222) revision 7056988'; Using compiler version '192829333'; Build Type 'Release'
OS: 'Windows 11  (10.0.22631) 64bit Core' Language: 'en' Physical Memory: 16163 MB
BatchMode: 1, IsHumanControllingUs: 0, StartBugReporterOnCrash: 0, Is64bit: 1, IsPro: 1

COMMAND LINE ARGUMENTS:
C:\Program Files\Unity\Hub\Editor\2022.3.28f1\Editor\Unity.exe
-adb2
-batchMode
-noUpm
-name
AssetImportWorker4
-projectPath
C:/Users/richy/OneDrive/Documents/Richard School Files/2024 NYP/Specilization-Project/My project
-logFile
Logs/AssetImportWorker4.log
-srvPort
49752
Successfully changed project path to: C:/Users/richy/OneDrive/Documents/Richard School Files/2024 NYP/Specilization-Project/My project
C:/Users/richy/OneDrive/Documents/Richard School Files/2024 NYP/Specilization-Project/My project
[UnityMemory] Configuration Parameters - Can be set up in boot.config
    "memorysetup-bucket-allocator-granularity=16"
    "memorysetup-bucket-allocator-bucket-count=8"
    "memorysetup-bucket-allocator-block-size=33554432"
    "memorysetup-bucket-allocator-block-count=8"
    "memorysetup-main-allocator-block-size=16777216"
    "memorysetup-thread-allocator-block-size=16777216"
    "memorysetup-gfx-main-allocator-block-size=16777216"
    "memorysetup-gfx-thread-allocator-block-size=16777216"
    "memorysetup-cache-allocator-block-size=4194304"
    "memorysetup-typetree-allocator-block-size=2097152"
    "memorysetup-profiler-bucket-allocator-granularity=16"
    "memorysetup-profiler-bucket-allocator-bucket-count=8"
    "memorysetup-profiler-bucket-allocator-block-size=33554432"
    "memorysetup-profiler-bucket-allocator-block-count=8"
    "memorysetup-profiler-allocator-block-size=16777216"
    "memorysetup-profiler-editor-allocator-block-size=1048576"
    "memorysetup-temp-allocator-size-main=16777216"
    "memorysetup-job-temp-allocator-block-size=2097152"
    "memorysetup-job-temp-allocator-block-size-background=1048576"
    "memorysetup-job-temp-allocator-reduction-small-platforms=262144"
    "memorysetup-allocator-temp-initial-block-size-main=262144"
    "memorysetup-allocator-temp-initial-block-size-worker=262144"
    "memorysetup-temp-allocator-size-background-worker=32768"
    "memorysetup-temp-allocator-size-job-worker=262144"
    "memorysetup-temp-allocator-size-preload-manager=33554432"
    "memorysetup-temp-allocator-size-nav-mesh-worker=65536"
    "memorysetup-temp-allocator-size-audio-worker=65536"
    "memorysetup-temp-allocator-size-cloud-worker=32768"
    "memorysetup-temp-allocator-size-gi-baking-worker=262144"
    "memorysetup-temp-allocator-size-gfx=262144"
Player connection [28212] Host "[IP] 192.168.35.1 [Port] 0 [Flags] 2 [Guid] 3237184804 [EditorId] 3237184804 [Version] 1048832 [Id] WindowsEditor(7,Richy) [Debug] 1 [PackageName] WindowsEditor [ProjectName] Editor" joined multi-casting on [225.0.0.222:54997]...

Player connection [28212] Host "[IP] 192.168.35.1 [Port] 0 [Flags] 2 [Guid] 3237184804 [EditorId] 3237184804 [Version] 1048832 [Id] WindowsEditor(7,Richy) [Debug] 1 [PackageName] WindowsEditor [ProjectName] Editor" joined alternative multi-casting on [225.0.0.222:34997]...

[Physics::Module] Initialized MultithreadedJobDispatcher with 11 workers.
Refreshing native plugins compatible for Editor in 8.19 ms, found 3 plugins.
Preloading 0 native plugins for Editor in 0.00 ms.
Initialize engine version: 2022.3.28f1 (6bae5ce6b222)
[Subsystems] Discovering subsystems at path C:/Program Files/Unity/Hub/Editor/2022.3.28f1/Editor/Data/Resources/UnitySubsystems
[Subsystems] Discovering subsystems at path C:/Users/richy/OneDrive/Documents/Richard School Files/2024 NYP/Specilization-Project/My project/Assets
GfxDevice: creating device client; threaded=0; jobified=0
Direct3D:
    Version:  Direct3D 11.0 [level 11.1]
    Renderer: NVIDIA GeForce RTX 3060 Laptop GPU (ID=0x2520)
    Vendor:   NVIDIA
    VRAM:     6009 MB
    Driver:   31.0.15.3623
Initialize mono
Mono path[0] = 'C:/Program Files/Unity/Hub/Editor/2022.3.28f1/Editor/Data/Managed'
Mono path[1] = 'C:/Program Files/Unity/Hub/Editor/2022.3.28f1/Editor/Data/MonoBleedingEdge/lib/mono/unityjit-win32'
Mono config path = 'C:/Program Files/Unity/Hub/Editor/2022.3.28f1/Editor/Data/MonoBleedingEdge/etc'
Using monoOptions --debugger-agent=transport=dt_socket,embedding=1,server=y,suspend=n,address=127.0.0.1:56612
Begin MonoManager ReloadAssembly
Registering precompiled unity dll's ...
Register platform support module: C:/Program Files/Unity/Hub/Editor/2022.3.28f1/Editor/Data/PlaybackEngines/AndroidPlayer/UnityEditor.Android.Extensions.dll
Register platform support module: C:/Program Files/Unity/Hub/Editor/2022.3.28f1/Editor/Data/PlaybackEngines/WindowsStandaloneSupport/UnityEditor.WindowsStandalone.Extensions.dll
Registered in 0.005015 seconds.
- Loaded All Assemblies, in  0.408 seconds
Native extension for WindowsStandalone target not found
Native extension for Android target not found
Android Extension - Scanning For ADB Devices 316 ms
Mono: successfully reloaded assembly
- Finished resetting the current domain, in  0.678 seconds
Domain Reload Profiling: 1085ms
	BeginReloadAssembly (124ms)
		ExecutionOrderSort (0ms)
		DisableScriptedObjects (0ms)
		BackupInstance (0ms)
		ReleaseScriptingObjects (0ms)
		CreateAndSetChildDomain (1ms)
	RebuildCommonClasses (42ms)
	RebuildNativeTypeToScriptingClass (15ms)
	initialDomainReloadingComplete (53ms)
	LoadAllAssembliesAndSetupDomain (173ms)
		LoadAssemblies (123ms)
		RebuildTransferFunctionScriptingTraits (0ms)
		AnalyzeDomain (170ms)
			TypeCache.Refresh (169ms)
				TypeCache.ScanAssembly (154ms)
			ScanForSourceGeneratedMonoScriptInfo (0ms)
			ResolveRequiredComponents (0ms)
	FinalizeReload (678ms)
		ReleaseScriptCaches (0ms)
		RebuildScriptCaches (0ms)
		SetupLoadedEditorAssemblies (620ms)
			LogAssemblyErrors (0ms)
			InitializePlatformSupportModulesInManaged (439ms)
			SetLoadedEditorAssemblies (3ms)
			RefreshPlugins (0ms)
			BeforeProcessingInitializeOnLoad (2ms)
			ProcessInitializeOnLoadAttributes (128ms)
			ProcessInitializeOnLoadMethodAttributes (48ms)
			AfterProcessingInitializeOnLoad (0ms)
			EditorAssembliesLoaded (0ms)
		ExecutionOrderSort2 (0ms)
		AwakeInstancesAfterBackupRestoration (0ms)
========================================================================
Worker process is ready to serve import requests
Begin MonoManager ReloadAssembly
- Loaded All Assemblies, in  1.134 seconds
Refreshing native plugins compatible for Editor in 3.28 ms, found 3 plugins.
Native extension for WindowsStandalone target not found
Native extension for Android target not found
Package Manager log level set to [2]
[Package Manager] Server::EnsureServerProcessIsRunning -- launch failed, reason: Unity was launched with the -noUpm command-line argument
[Package Manager] UpmClient::Send -- Unable to send message (not connected to UPM process).
[Package Manager] Cannot connect to Unity Package Manager local server
Mono: successfully reloaded assembly
- Finished resetting the current domain, in  0.719 seconds
Domain Reload Profiling: 1639ms
	BeginReloadAssembly (180ms)
		ExecutionOrderSort (0ms)
		DisableScriptedObjects (5ms)
		BackupInstance (0ms)
		ReleaseScriptingObjects (0ms)
		CreateAndSetChildDomain (37ms)
	RebuildCommonClasses (48ms)
	RebuildNativeTypeToScriptingClass (14ms)
	initialDomainReloadingComplete (41ms)
	LoadAllAssembliesAndSetupDomain (635ms)
		LoadAssemblies (492ms)
		RebuildTransferFunctionScriptingTraits (0ms)
		AnalyzeDomain (241ms)
			TypeCache.Refresh (215ms)
				TypeCache.ScanAssembly (193ms)
			ScanForSourceGeneratedMonoScriptInfo (18ms)
			ResolveRequiredComponents (5ms)
	FinalizeReload (720ms)
		ReleaseScriptCaches (0ms)
		RebuildScriptCaches (0ms)
		SetupLoadedEditorAssemblies (518ms)
			LogAssemblyErrors (0ms)
			InitializePlatformSupportModulesInManaged (27ms)
			SetLoadedEditorAssemblies (6ms)
			RefreshPlugins (0ms)
			BeforeProcessingInitializeOnLoad (68ms)
			ProcessInitializeOnLoadAttributes (379ms)
			ProcessInitializeOnLoadMethodAttributes (31ms)
			AfterProcessingInitializeOnLoad (7ms)
			EditorAssembliesLoaded (0ms)
		ExecutionOrderSort2 (0ms)
		AwakeInstancesAfterBackupRestoration (11ms)
Launched and connected shader compiler UnityShaderCompiler.exe after 0.06 seconds
Refreshing native plugins compatible for Editor in 8.10 ms, found 3 plugins.
Preloading 0 native plugins for Editor in 0.00 ms.
Unloading 3158 Unused Serialized files (Serialized files now loaded: 0)
Unloading 33 unused Assets / (57.7 KB). Loaded Objects now: 3624.
Memory consumption went from 132.5 MB to 132.5 MB.
Total: 10.820800 ms (FindLiveObjects: 1.943800 ms CreateObjectMapping: 0.588500 ms MarkObjects: 8.128600 ms  DeleteObjects: 0.157300 ms)

AssetImportParameters requested are different than current active one (requested -> active):
  custom:container-demuxer-ogg: 62fdf1f143b41e24485cea50d1cbac27 -> 
  custom:video-codec-MediaFoundation-h265: 746d11721c4dcdbdad8f713fa42b33f4 -> 
  custom:video-decoder-ogg-theora: a1e56fd34408186e4bbccfd4996cb3dc -> 
  custom:framework-win-MediaFoundation: 216162199b28c13a410421893ffa2e32 -> 
  custom:CustomObjectIndexerAttribute: 9a22284fe3817be447336de3de66b15e -> 
  custom:container-demuxer-webm: 4f35f7cbe854078d1ac9338744f61a02 -> 
  custom:container-muxer-webm: aa71ff27fc2769a1b78a27578f13a17b -> 
  custom:video-decoder-webm-vp8: 9c59270c3fd7afecdb556c50c9e8de78 -> 
  custom:SearchIndexIgnoredProperties: e643bd26f0fe6173181afceb89e7c659 -> 
  custom:AudioImporter_EditorPlatform: d09bf68614088b80899f8185d706f6e7 -> 
  custom:video-encoder-webm-vp8: eb34c28f22e8b96e1ab97ce403110664 -> 
  custom:audio-decoder-ogg-vorbis: bf7c407c2cedff20999df2af8eb42d56 -> 
  custom:audio-encoder-webm-vorbis: bf7c407c2cedff20999df2af8eb42d56 -> 
========================================================================
Received Import Request.
  Time since last request: 255853.556175 seconds.
  path: Assets/InfinityPBR - Magic Pig Games/Projectile Factory/Asset Store Integrations/Archanor Sci-Fi Arsenal/Particles/Bullet/Sci-Fi Arsenal - Bullet Impact Blue.prefab
  artifactKey: Guid(ea80908338dbc4b6c87e6bee3aec071c) Importer(815301076,1909f56bfc062723c751e8b465ee728b)
Start importing Assets/InfinityPBR - Magic Pig Games/Projectile Factory/Asset Store Integrations/Archanor Sci-Fi Arsenal/Particles/Bullet/Sci-Fi Arsenal - Bullet Impact Blue.prefab using Guid(ea80908338dbc4b6c87e6bee3aec071c) Importer(815301076,1909f56bfc062723c751e8b465ee728b)  -> (artifact id: 'd2124006652f622b810154079f87d5a4') in 0.090280 seconds
Number of updated asset objects reloaded before import = 0
Number of asset objects unloaded after import = 22
========================================================================
Received Import Request.
  Time since last request: 7.884008 seconds.
  path: Assets/InfinityPBR - Magic Pig Games/Projectile Factory/Asset Store Integrations/Archanor Sci-Fi Arsenal/Particles/Other/Big Nova Explosion.prefab
  artifactKey: Guid(25ba7e14c2f144908b131941f011deeb) Importer(815301076,1909f56bfc062723c751e8b465ee728b)
Start importing Assets/InfinityPBR - Magic Pig Games/Projectile Factory/Asset Store Integrations/Archanor Sci-Fi Arsenal/Particles/Other/Big Nova Explosion.prefab using Guid(25ba7e14c2f144908b131941f011deeb) Importer(815301076,1909f56bfc062723c751e8b465ee728b)  -> (artifact id: '76cfe9e9134884c37b3189ad001486e4') in 0.001910 seconds
Number of updated asset objects reloaded before import = 0
Number of asset objects unloaded after import = 20
========================================================================
Received Import Request.
  Time since last request: 0.004394 seconds.
  path: Assets/InfinityPBR - Magic Pig Games/Projectile Factory/Asset Store Integrations/Archanor Sci-Fi Arsenal/Particles/Other/Sci-Fi Arsenal - YellowSparkleShield.prefab
  artifactKey: Guid(d94abc9e87a4f4425a8b00c097c57273) Importer(815301076,1909f56bfc062723c751e8b465ee728b)
Start importing Assets/InfinityPBR - Magic Pig Games/Projectile Factory/Asset Store Integrations/Archanor Sci-Fi Arsenal/Particles/Other/Sci-Fi Arsenal - YellowSparkleShield.prefab using Guid(d94abc9e87a4f4425a8b00c097c57273) Importer(815301076,1909f56bfc062723c751e8b465ee728b)  -> (artifact id: 'ed9f98707d6900ee8b6af567595eae5a') in 0.015472 seconds
Number of updated asset objects reloaded before import = 0
Number of asset objects unloaded after import = 18
========================================================================
Received Import Request.
  Time since last request: 11.147406 seconds.
  path: Assets/InfinityPBR - Magic Pig Games/Projectile Factory/Asset Store Integrations/Archanor Sci-Fi Arsenal/Particles/Laser Bullet/Sci-Fi Arsenal - Laser Bullet Impact Blue.prefab
  artifactKey: Guid(19b2f207803cf41849925e20b2233f43) Importer(815301076,1909f56bfc062723c751e8b465ee728b)
Start importing Assets/InfinityPBR - Magic Pig Games/Projectile Factory/Asset Store Integrations/Archanor Sci-Fi Arsenal/Particles/Laser Bullet/Sci-Fi Arsenal - Laser Bullet Impact Blue.prefab using Guid(19b2f207803cf41849925e20b2233f43) Importer(815301076,1909f56bfc062723c751e8b465ee728b)  -> (artifact id: '73d6008dc0907ce5e037ecc1999d2444') in 0.015734 seconds
Number of updated asset objects reloaded before import = 0
Number of asset objects unloaded after import = 18
========================================================================
Received Import Request.
  Time since last request: 0.003753 seconds.
  path: Assets/InfinityPBR - Magic Pig Games/Projectile Factory/Asset Store Integrations/Archanor Sci-Fi Arsenal/Particles/Laser Bullet/Sci-Fi Arsenal - Laser Bullet Impact Red.prefab
  artifactKey: Guid(b7c07d31bd092427196b5a36d2706f84) Importer(815301076,1909f56bfc062723c751e8b465ee728b)
Start importing Assets/InfinityPBR - Magic Pig Games/Projectile Factory/Asset Store Integrations/Archanor Sci-Fi Arsenal/Particles/Laser Bullet/Sci-Fi Arsenal - Laser Bullet Impact Red.prefab using Guid(b7c07d31bd092427196b5a36d2706f84) Importer(815301076,1909f56bfc062723c751e8b465ee728b)  -> (artifact id: '3ee83a76f799c5991923f2251ed132a0') in 0.015817 seconds
Number of updated asset objects reloaded before import = 0
Number of asset objects unloaded after import = 18
========================================================================
Received Import Request.
  Time since last request: 0.004923 seconds.
  path: Assets/InfinityPBR - Magic Pig Games/Projectile Factory/Asset Store Integrations/Archanor Sci-Fi Arsenal/Particles/Laser Bullet/Sci-Fi Arsenal - Laser Bullet Muzzle Green.prefab
  artifactKey: Guid(f8425bf9fd8b8474eb7c5444311d47aa) Importer(815301076,1909f56bfc062723c751e8b465ee728b)
Start importing Assets/InfinityPBR - Magic Pig Games/Projectile Factory/Asset Store Integrations/Archanor Sci-Fi Arsenal/Particles/Laser Bullet/Sci-Fi Arsenal - Laser Bullet Muzzle Green.prefab using Guid(f8425bf9fd8b8474eb7c5444311d47aa) Importer(815301076,1909f56bfc062723c751e8b465ee728b)  -> (artifact id: '9324a661409793ffaf8fd5b004e599a3') in 0.014541 seconds
Number of updated asset objects reloaded before import = 0
Number of asset objects unloaded after import = 19
========================================================================
Received Import Request.
  Time since last request: 0.007619 seconds.
  path: Assets/InfinityPBR - Magic Pig Games/Projectile Factory/Asset Store Integrations/Archanor Sci-Fi Arsenal/Particles/Laser Bullet/Sci-Fi Arsenal - Laser Bullet Muzzle Yellow.prefab
  artifactKey: Guid(a88244f014c7f4ab89a4836c4123bef6) Importer(815301076,1909f56bfc062723c751e8b465ee728b)
Start importing Assets/InfinityPBR - Magic Pig Games/Projectile Factory/Asset Store Integrations/Archanor Sci-Fi Arsenal/Particles/Laser Bullet/Sci-Fi Arsenal - Laser Bullet Muzzle Yellow.prefab using Guid(a88244f014c7f4ab89a4836c4123bef6) Importer(815301076,1909f56bfc062723c751e8b465ee728b)  -> (artifact id: '1b24e03499e6812e9911f39bbf1eb20a') in 0.014978 seconds
Number of updated asset objects reloaded before import = 0
Number of asset objects unloaded after import = 19
========================================================================
Received Import Request.
  Time since last request: 0.365569 seconds.
  path: Assets/InfinityPBR - Magic Pig Games/Projectile Factory/Asset Store Integrations/Archanor Sci-Fi Arsenal/Particles/Lightning/Sci-Fi Arsenal - Lightning Impact Blue.prefab
  artifactKey: Guid(805cb15a801414c1ba3b4e911ae60f0b) Importer(815301076,1909f56bfc062723c751e8b465ee728b)
Start importing Assets/InfinityPBR - Magic Pig Games/Projectile Factory/Asset Store Integrations/Archanor Sci-Fi Arsenal/Particles/Lightning/Sci-Fi Arsenal - Lightning Impact Blue.prefab using Guid(805cb15a801414c1ba3b4e911ae60f0b) Importer(815301076,1909f56bfc062723c751e8b465ee728b)  -> (artifact id: 'f0f95e1ef9be13008e538e6efb82ba39') in 0.014433 seconds
Number of updated asset objects reloaded before import = 0
Number of asset objects unloaded after import = 26
========================================================================
Received Import Request.
  Time since last request: 0.000235 seconds.
  path: Assets/InfinityPBR - Magic Pig Games/Projectile Factory/Asset Store Integrations/Archanor Sci-Fi Arsenal/Particles/Lightning/Sci-Fi Arsenal - Lightning Impact Purple.prefab
  artifactKey: Guid(e7a0d887370da43288a4bf166ebe4118) Importer(815301076,1909f56bfc062723c751e8b465ee728b)
Start importing Assets/InfinityPBR - Magic Pig Games/Projectile Factory/Asset Store Integrations/Archanor Sci-Fi Arsenal/Particles/Lightning/Sci-Fi Arsenal - Lightning Impact Purple.prefab using Guid(e7a0d887370da43288a4bf166ebe4118) Importer(815301076,1909f56bfc062723c751e8b465ee728b)  -> (artifact id: 'be88d69e0222704e2a62049ff58906e6') in 0.014036 seconds
Number of updated asset objects reloaded before import = 0
Number of asset objects unloaded after import = 26
========================================================================
Received Import Request.
  Time since last request: 0.006294 seconds.
  path: Assets/InfinityPBR - Magic Pig Games/Projectile Factory/Asset Store Integrations/Archanor Sci-Fi Arsenal/Particles/Lightning/Sci-Fi Arsenal - Lightning Muzzle Blue.prefab
  artifactKey: Guid(af2e5d28bc603472c9e83f0bf80859db) Importer(815301076,1909f56bfc062723c751e8b465ee728b)
Start importing Assets/InfinityPBR - Magic Pig Games/Projectile Factory/Asset Store Integrations/Archanor Sci-Fi Arsenal/Particles/Lightning/Sci-Fi Arsenal - Lightning Muzzle Blue.prefab using Guid(af2e5d28bc603472c9e83f0bf80859db) Importer(815301076,1909f56bfc062723c751e8b465ee728b)  -> (artifact id: '323edf92f204b10e28f9f22365166112') in 0.013354 seconds
Number of updated asset objects reloaded before import = 0
Number of asset objects unloaded after import = 11
========================================================================
Received Import Request.
  Time since last request: 0.006701 seconds.
  path: Assets/InfinityPBR - Magic Pig Games/Projectile Factory/Asset Store Integrations/Archanor Sci-Fi Arsenal/Particles/Lightning/Sci-Fi Arsenal - Lightning Muzzle Red.prefab
  artifactKey: Guid(ef2f41643cfac40db8613df228fb6b7c) Importer(815301076,1909f56bfc062723c751e8b465ee728b)
Start importing Assets/InfinityPBR - Magic Pig Games/Projectile Factory/Asset Store Integrations/Archanor Sci-Fi Arsenal/Particles/Lightning/Sci-Fi Arsenal - Lightning Muzzle Red.prefab using Guid(ef2f41643cfac40db8613df228fb6b7c) Importer(815301076,1909f56bfc062723c751e8b465ee728b)  -> (artifact id: '2ca1f96b3d79482195a65859ee23afb9') in 0.014823 seconds
Number of updated asset objects reloaded before import = 0
Number of asset objects unloaded after import = 11
========================================================================
Received Import Request.
  Time since last request: 0.405813 seconds.
  path: Assets/InfinityPBR - Magic Pig Games/Projectile Factory/Asset Store Integrations/Archanor Sci-Fi Arsenal/Particles/Liquid/Sci-Fi Arsenal - Liquid Impact Blue.prefab
  artifactKey: Guid(0b56042d899914862ad09287691bfa2a) Importer(815301076,1909f56bfc062723c751e8b465ee728b)
Start importing Assets/InfinityPBR - Magic Pig Games/Projectile Factory/Asset Store Integrations/Archanor Sci-Fi Arsenal/Particles/Liquid/Sci-Fi Arsenal - Liquid Impact Blue.prefab using Guid(0b56042d899914862ad09287691bfa2a) Importer(815301076,1909f56bfc062723c751e8b465ee728b)  -> (artifact id: 'f45655cd62dc6156fca84eb432a38b97') in 0.013625 seconds
Number of updated asset objects reloaded before import = 0
Number of asset objects unloaded after import = 17
========================================================================
Received Import Request.
  Time since last request: 0.007690 seconds.
  path: Assets/InfinityPBR - Magic Pig Games/Projectile Factory/Asset Store Integrations/Archanor Sci-Fi Arsenal/Particles/Liquid/Sci-Fi Arsenal - Liquid Impact Purple.prefab
  artifactKey: Guid(71e0a277908884daabcb94368c541278) Importer(815301076,1909f56bfc062723c751e8b465ee728b)
Start importing Assets/InfinityPBR - Magic Pig Games/Projectile Factory/Asset Store Integrations/Archanor Sci-Fi Arsenal/Particles/Liquid/Sci-Fi Arsenal - Liquid Impact Purple.prefab using Guid(71e0a277908884daabcb94368c541278) Importer(815301076,1909f56bfc062723c751e8b465ee728b)  -> (artifact id: 'd65622316680d81dfd4c7b3c30229ef9') in 0.016354 seconds
Number of updated asset objects reloaded before import = 0
Number of asset objects unloaded after import = 17
========================================================================
Received Import Request.
  Time since last request: 0.005303 seconds.
  path: Assets/InfinityPBR - Magic Pig Games/Projectile Factory/Asset Store Integrations/Archanor Sci-Fi Arsenal/Particles/Liquid/Sci-Fi Arsenal - Liquid Muzzle Blue.prefab
  artifactKey: Guid(1a871595500d14fd5b7e4b0af549cfea) Importer(815301076,1909f56bfc062723c751e8b465ee728b)
Start importing Assets/InfinityPBR - Magic Pig Games/Projectile Factory/Asset Store Integrations/Archanor Sci-Fi Arsenal/Particles/Liquid/Sci-Fi Arsenal - Liquid Muzzle Blue.prefab using Guid(1a871595500d14fd5b7e4b0af549cfea) Importer(815301076,1909f56bfc062723c751e8b465ee728b)  -> (artifact id: '482be47a8a6eed2f83afe606099af463') in 0.016571 seconds
Number of updated asset objects reloaded before import = 0
Number of asset objects unloaded after import = 15
========================================================================
Received Import Request.
  Time since last request: 0.004627 seconds.
  path: Assets/InfinityPBR - Magic Pig Games/Projectile Factory/Asset Store Integrations/Archanor Sci-Fi Arsenal/Particles/Liquid/Sci-Fi Arsenal - Liquid Muzzle Purple.prefab
  artifactKey: Guid(94aafbd6ddcf24fee93ceb63c7b59934) Importer(815301076,1909f56bfc062723c751e8b465ee728b)
Start importing Assets/InfinityPBR - Magic Pig Games/Projectile Factory/Asset Store Integrations/Archanor Sci-Fi Arsenal/Particles/Liquid/Sci-Fi Arsenal - Liquid Muzzle Purple.prefab using Guid(94aafbd6ddcf24fee93ceb63c7b59934) Importer(815301076,1909f56bfc062723c751e8b465ee728b)  -> (artifact id: '9b3a9d141c67d8b609e5b4cdbeccea91') in 0.017926 seconds
Number of updated asset objects reloaded before import = 0
Number of asset objects unloaded after import = 15
========================================================================
Received Import Request.
  Time since last request: 5.327400 seconds.
  path: Assets/InfinityPBR - Magic Pig Games/Projectile Factory/Asset Store Integrations/Archanor Sci-Fi Arsenal/Data Objects
  artifactKey: Guid(cbb033e67458e49f0a3998cc1d3d8fe7) Importer(815301076,1909f56bfc062723c751e8b465ee728b)
Start importing Assets/InfinityPBR - Magic Pig Games/Projectile Factory/Asset Store Integrations/Archanor Sci-Fi Arsenal/Data Objects using Guid(cbb033e67458e49f0a3998cc1d3d8fe7) Importer(815301076,1909f56bfc062723c751e8b465ee728b)  -> (artifact id: 'c8364e77d119f58e8057e23a115d7242') in 0.000586 seconds
Number of updated asset objects reloaded before import = 0
Number of asset objects unloaded after import = 0
========================================================================
Received Import Request.
  Time since last request: 6.505978 seconds.
  path: Assets/Images/Mech1.png
  artifactKey: Guid(0e34ca5b63c8d024b88df584d9192a0e) Importer(815301076,1909f56bfc062723c751e8b465ee728b)
Start importing Assets/Images/Mech1.png using Guid(0e34ca5b63c8d024b88df584d9192a0e) Importer(815301076,1909f56bfc062723c751e8b465ee728b)  -> (artifact id: '83e550f73fd8aac99a6e6fb2f5e6ad89') in 0.047864 seconds
Number of updated asset objects reloaded before import = 0
Number of asset objects unloaded after import = 3
========================================================================
Received Import Request.
  Time since last request: 142.329032 seconds.
  path: Assets/Prefabs/nave.prefab
  artifactKey: Guid(92bef5ab3696efe4e81b47284a28bc07) Importer(815301076,1909f56bfc062723c751e8b465ee728b)
Start importing Assets/Prefabs/nave.prefab using Guid(92bef5ab3696efe4e81b47284a28bc07) Importer(815301076,1909f56bfc062723c751e8b465ee728b)  -> (artifact id: 'ba2ed47c5a51c034053f4ea9ed4db2b4') in 0.191733 seconds
Number of updated asset objects reloaded before import = 0
Number of asset objects unloaded after import = 11
========================================================================
Received Import Request.
  Time since last request: 0.000020 seconds.
  path: Assets/Prefabs/turret_1_1.prefab
  artifactKey: Guid(4063295e4c703164a899864faf273f02) Importer(815301076,1909f56bfc062723c751e8b465ee728b)
Start importing Assets/Prefabs/turret_1_1.prefab using Guid(4063295e4c703164a899864faf273f02) Importer(815301076,1909f56bfc062723c751e8b465ee728b)  -> (artifact id: '691c1f7ae32b37eecc1e3d34bb306757') in 0.353240 seconds
Number of updated asset objects reloaded before import = 0
Number of asset objects unloaded after import = 64
========================================================================
Received Import Request.
  Time since last request: 8.408966 seconds.
  path: Assets/Scripts/LazerProjectile.cs
  artifactKey: Guid(732d22e3c52a69642aed29e21260c532) Importer(815301076,1909f56bfc062723c751e8b465ee728b)
Start importing Assets/Scripts/LazerProjectile.cs using Guid(732d22e3c52a69642aed29e21260c532) Importer(815301076,1909f56bfc062723c751e8b465ee728b)  -> (artifact id: 'eba53a7db89e098c9708df98f718f5cf') in 0.000800 seconds
Number of updated asset objects reloaded before import = 0
Number of asset objects unloaded after import = 0
========================================================================
Received Prepare
Begin MonoManager ReloadAssembly
- Loaded All Assemblies, in  0.427 seconds
Refreshing native plugins compatible for Editor in 2.42 ms, found 3 plugins.
Native extension for WindowsStandalone target not found
Native extension for Android target not found
[Package Manager] Server::EnsureServerProcessIsRunning -- launch failed, reason: Unity was launched with the -noUpm command-line argument
[Package Manager] UpmClient::Send -- Unable to send message (not connected to UPM process).
[Package Manager] Cannot connect to Unity Package Manager local server
Mono: successfully reloaded assembly
- Finished resetting the current domain, in  1.389 seconds
Domain Reload Profiling: 1815ms
	BeginReloadAssembly (147ms)
		ExecutionOrderSort (0ms)
		DisableScriptedObjects (4ms)
		BackupInstance (0ms)
		ReleaseScriptingObjects (0ms)
		CreateAndSetChildDomain (38ms)
	RebuildCommonClasses (34ms)
	RebuildNativeTypeToScriptingClass (10ms)
	initialDomainReloadingComplete (30ms)
	LoadAllAssembliesAndSetupDomain (204ms)
		LoadAssemblies (256ms)
		RebuildTransferFunctionScriptingTraits (0ms)
		AnalyzeDomain (21ms)
			TypeCache.Refresh (8ms)
				TypeCache.ScanAssembly (0ms)
			ScanForSourceGeneratedMonoScriptInfo (6ms)
			ResolveRequiredComponents (5ms)
	FinalizeReload (1389ms)
		ReleaseScriptCaches (0ms)
		RebuildScriptCaches (0ms)
		SetupLoadedEditorAssemblies (390ms)
			LogAssemblyErrors (0ms)
			InitializePlatformSupportModulesInManaged (22ms)
			SetLoadedEditorAssemblies (3ms)
			RefreshPlugins (0ms)
			BeforeProcessingInitializeOnLoad (53ms)
			ProcessInitializeOnLoadAttributes (286ms)
			ProcessInitializeOnLoadMethodAttributes (23ms)
			AfterProcessingInitializeOnLoad (4ms)
			EditorAssembliesLoaded (0ms)
		ExecutionOrderSort2 (0ms)
		AwakeInstancesAfterBackupRestoration (7ms)
Refreshing native plugins compatible for Editor in 3.63 ms, found 3 plugins.
Preloading 0 native plugins for Editor in 0.00 ms.
Unloading 3137 Unused Serialized files (Serialized files now loaded: 0)
Unloading 24 unused Assets / (31.7 KB). Loaded Objects now: 3638.
Memory consumption went from 127.8 MB to 127.8 MB.
Total: 3.376600 ms (FindLiveObjects: 0.300700 ms CreateObjectMapping: 0.124200 ms MarkObjects: 2.883900 ms  DeleteObjects: 0.066500 ms)

Prepare: number of updated asset objects reloaded= 0
AssetImportParameters requested are different than current active one (requested -> active):
  custom:container-demuxer-ogg: 62fdf1f143b41e24485cea50d1cbac27 -> 
  custom:video-codec-MediaFoundation-h265: 746d11721c4dcdbdad8f713fa42b33f4 -> 
  custom:video-decoder-ogg-theora: a1e56fd34408186e4bbccfd4996cb3dc -> 
  custom:framework-win-MediaFoundation: 216162199b28c13a410421893ffa2e32 -> 
  custom:CustomObjectIndexerAttribute: 9a22284fe3817be447336de3de66b15e -> 
  custom:container-demuxer-webm: 4f35f7cbe854078d1ac9338744f61a02 -> 
  custom:container-muxer-webm: aa71ff27fc2769a1b78a27578f13a17b -> 
  custom:video-decoder-webm-vp8: 9c59270c3fd7afecdb556c50c9e8de78 -> 
  custom:SearchIndexIgnoredProperties: e643bd26f0fe6173181afceb89e7c659 -> 
  custom:AudioImporter_EditorPlatform: d09bf68614088b80899f8185d706f6e7 -> 
  custom:video-encoder-webm-vp8: eb34c28f22e8b96e1ab97ce403110664 -> 
  custom:audio-decoder-ogg-vorbis: bf7c407c2cedff20999df2af8eb42d56 -> 
  custom:audio-encoder-webm-vorbis: bf7c407c2cedff20999df2af8eb42d56 -> 
========================================================================
Received Import Request.
  Time since last request: 6.762400 seconds.
  path: Assets/Scripts/LazerProjectile.cs
  artifactKey: Guid(732d22e3c52a69642aed29e21260c532) Importer(815301076,1909f56bfc062723c751e8b465ee728b)
Start importing Assets/Scripts/LazerProjectile.cs using Guid(732d22e3c52a69642aed29e21260c532) Importer(815301076,1909f56bfc062723c751e8b465ee728b)  -> (artifact id: 'cb7476a108278ce19a1df9caa7195963') in 0.003112 seconds
Number of updated asset objects reloaded before import = 0
Number of asset objects unloaded after import = 0
========================================================================
Received Import Request.
  Time since last request: 175.904097 seconds.
  path: Assets/Materials/Turret Materials/turret1_base1.mat
  artifactKey: Guid(02069f9cde99c2c4dacc4040f0db47f3) Importer(815301076,1909f56bfc062723c751e8b465ee728b)
Start importing Assets/Materials/Turret Materials/turret1_base1.mat using Guid(02069f9cde99c2c4dacc4040f0db47f3) Importer(815301076,1909f56bfc062723c751e8b465ee728b)  -> (artifact id: '8928d42e1726359b9551eb0a114c560c') in 0.109124 seconds
Number of updated asset objects reloaded before import = 0
Number of asset objects unloaded after import = 5
========================================================================
Received Import Request.
  Time since last request: 0.000034 seconds.
  path: Assets/Materials/Turret Materials/turret1_base3.mat
  artifactKey: Guid(717f87458af64dc4dadf652ea686c5df) Importer(815301076,1909f56bfc062723c751e8b465ee728b)
Start importing Assets/Materials/Turret Materials/turret1_base3.mat using Guid(717f87458af64dc4dadf652ea686c5df) Importer(815301076,1909f56bfc062723c751e8b465ee728b)  -> (artifact id: '092115c4c2de24ff07806125a523de9b') in 0.030439 seconds
Number of updated asset objects reloaded before import = 0
Number of asset objects unloaded after import = 5
========================================================================
Received Import Request.
  Time since last request: 0.806670 seconds.
  path: Assets/Materials/DefaultBlue.mat
  artifactKey: Guid(c33baea2b8c3a0c4e8cbac4301e2efc1) Importer(815301076,1909f56bfc062723c751e8b465ee728b)
Start importing Assets/Materials/DefaultBlue.mat using Guid(c33baea2b8c3a0c4e8cbac4301e2efc1) Importer(815301076,1909f56bfc062723c751e8b465ee728b)  -> (artifact id: '43ec1e64f214a3076992c09adb04c556') in 0.110037 seconds
Number of updated asset objects reloaded before import = 0
Number of asset objects unloaded after import = 1
========================================================================
Received Import Request.
  Time since last request: 15.050900 seconds.
  path: Assets/Materials/DefaultRed.mat
  artifactKey: Guid(eeaca0a3de9e85444a54721e105acc31) Importer(815301076,1909f56bfc062723c751e8b465ee728b)
Start importing Assets/Materials/DefaultRed.mat using Guid(eeaca0a3de9e85444a54721e105acc31) Importer(815301076,1909f56bfc062723c751e8b465ee728b)  -> (artifact id: 'df4b7207082c3ff780acda4be329658c') in 0.021433 seconds
Number of updated asset objects reloaded before import = 0
Number of asset objects unloaded after import = 1
========================================================================
Received Import Request.
  Time since last request: 11.560563 seconds.
  path: Assets/Prefabs/PlaceHolder Projectile Team 2.prefab
  artifactKey: Guid(15805dccb6c959d46a7a967adfe28a89) Importer(815301076,1909f56bfc062723c751e8b465ee728b)
Start importing Assets/Prefabs/PlaceHolder Projectile Team 2.prefab using Guid(15805dccb6c959d46a7a967adfe28a89) Importer(815301076,1909f56bfc062723c751e8b465ee728b)  -> (artifact id: 'b50d217df3a1f6681773dd653d029ad1') in 0.026576 seconds
Number of updated asset objects reloaded before import = 0
Number of asset objects unloaded after import = 9
========================================================================
Received Import Request.
  Time since last request: 0.007673 seconds.
  path: Assets/Prefabs/PlaceHolder Projectile Team 1.prefab
  artifactKey: Guid(ead679153fd10d942a97dddc6cfebbc0) Importer(815301076,1909f56bfc062723c751e8b465ee728b)
Start importing Assets/Prefabs/PlaceHolder Projectile Team 1.prefab using Guid(ead679153fd10d942a97dddc6cfebbc0) Importer(815301076,1909f56bfc062723c751e8b465ee728b)  -> (artifact id: 'a5ed0f1f2ad5fcc3874c6e74a81aee1e') in 0.018718 seconds
Number of updated asset objects reloaded before import = 0
Number of asset objects unloaded after import = 9
========================================================================
Received Import Request.
  Time since last request: 34.151335 seconds.
  path: Assets/Prefabs/PlaceHolder Projectile Team 1.prefab
  artifactKey: Guid(ead679153fd10d942a97dddc6cfebbc0) Importer(815301076,1909f56bfc062723c751e8b465ee728b)
Start importing Assets/Prefabs/PlaceHolder Projectile Team 1.prefab using Guid(ead679153fd10d942a97dddc6cfebbc0) Importer(815301076,1909f56bfc062723c751e8b465ee728b)  -> (artifact id: '174f95e03f3b5907ef64acd68a2605fa') in 0.016038 seconds
Number of updated asset objects reloaded before import = 0
Number of asset objects unloaded after import = 10
========================================================================
Received Prepare
Begin MonoManager ReloadAssembly
- Loaded All Assemblies, in  0.368 seconds
Refreshing native plugins compatible for Editor in 2.69 ms, found 3 plugins.
Native extension for WindowsStandalone target not found
Native extension for Android target not found
[Package Manager] Server::EnsureServerProcessIsRunning -- launch failed, reason: Unity was launched with the -noUpm command-line argument
[Package Manager] UpmClient::Send -- Unable to send message (not connected to UPM process).
[Package Manager] Cannot connect to Unity Package Manager local server
Mono: successfully reloaded assembly
- Finished resetting the current domain, in  0.824 seconds
Domain Reload Profiling: 1191ms
	BeginReloadAssembly (132ms)
		ExecutionOrderSort (0ms)
		DisableScriptedObjects (4ms)
		BackupInstance (0ms)
		ReleaseScriptingObjects (0ms)
		CreateAndSetChildDomain (32ms)
	RebuildCommonClasses (29ms)
	RebuildNativeTypeToScriptingClass (9ms)
	initialDomainReloadingComplete (28ms)
	LoadAllAssembliesAndSetupDomain (169ms)
		LoadAssemblies (224ms)
		RebuildTransferFunctionScriptingTraits (0ms)
		AnalyzeDomain (13ms)
			TypeCache.Refresh (6ms)
				TypeCache.ScanAssembly (0ms)
			ScanForSourceGeneratedMonoScriptInfo (0ms)
			ResolveRequiredComponents (5ms)
	FinalizeReload (824ms)
		ReleaseScriptCaches (0ms)
		RebuildScriptCaches (0ms)
		SetupLoadedEditorAssemblies (396ms)
			LogAssemblyErrors (0ms)
			InitializePlatformSupportModulesInManaged (23ms)
			SetLoadedEditorAssemblies (4ms)
			RefreshPlugins (0ms)
			BeforeProcessingInitializeOnLoad (58ms)
			ProcessInitializeOnLoadAttributes (282ms)
			ProcessInitializeOnLoadMethodAttributes (25ms)
			AfterProcessingInitializeOnLoad (5ms)
			EditorAssembliesLoaded (0ms)
		ExecutionOrderSort2 (0ms)
		AwakeInstancesAfterBackupRestoration (7ms)
Refreshing native plugins compatible for Editor in 4.01 ms, found 3 plugins.
Preloading 0 native plugins for Editor in 0.00 ms.
Unloading 3137 Unused Serialized files (Serialized files now loaded: 0)
Unloading 24 unused Assets / (31.6 KB). Loaded Objects now: 3675.
Memory consumption went from 128.1 MB to 128.0 MB.
Total: 4.206400 ms (FindLiveObjects: 0.405400 ms CreateObjectMapping: 0.217100 ms MarkObjects: 3.508400 ms  DeleteObjects: 0.074100 ms)

Prepare: number of updated asset objects reloaded= 0
AssetImportParameters requested are different than current active one (requested -> active):
  custom:container-demuxer-ogg: 62fdf1f143b41e24485cea50d1cbac27 -> 
  custom:video-codec-MediaFoundation-h265: 746d11721c4dcdbdad8f713fa42b33f4 -> 
  custom:video-decoder-ogg-theora: a1e56fd34408186e4bbccfd4996cb3dc -> 
  custom:framework-win-MediaFoundation: 216162199b28c13a410421893ffa2e32 -> 
  custom:CustomObjectIndexerAttribute: 9a22284fe3817be447336de3de66b15e -> 
  custom:container-demuxer-webm: 4f35f7cbe854078d1ac9338744f61a02 -> 
  custom:container-muxer-webm: aa71ff27fc2769a1b78a27578f13a17b -> 
  custom:video-decoder-webm-vp8: 9c59270c3fd7afecdb556c50c9e8de78 -> 
  custom:SearchIndexIgnoredProperties: e643bd26f0fe6173181afceb89e7c659 -> 
  custom:AudioImporter_EditorPlatform: d09bf68614088b80899f8185d706f6e7 -> 
  custom:video-encoder-webm-vp8: eb34c28f22e8b96e1ab97ce403110664 -> 
  custom:audio-decoder-ogg-vorbis: bf7c407c2cedff20999df2af8eb42d56 -> 
  custom:audio-encoder-webm-vorbis: bf7c407c2cedff20999df2af8eb42d56 -> 
========================================================================
Received Prepare
Begin MonoManager ReloadAssembly
- Loaded All Assemblies, in  0.401 seconds
Refreshing native plugins compatible for Editor in 2.49 ms, found 3 plugins.
Native extension for WindowsStandalone target not found
Native extension for Android target not found
[Package Manager] Server::EnsureServerProcessIsRunning -- launch failed, reason: Unity was launched with the -noUpm command-line argument
[Package Manager] UpmClient::Send -- Unable to send message (not connected to UPM process).
[Package Manager] Cannot connect to Unity Package Manager local server
Mono: successfully reloaded assembly
- Finished resetting the current domain, in  0.789 seconds
Domain Reload Profiling: 1189ms
	BeginReloadAssembly (146ms)
		ExecutionOrderSort (0ms)
		DisableScriptedObjects (4ms)
		BackupInstance (0ms)
		ReleaseScriptingObjects (0ms)
		CreateAndSetChildDomain (33ms)
	RebuildCommonClasses (41ms)
	RebuildNativeTypeToScriptingClass (9ms)
	initialDomainReloadingComplete (24ms)
	LoadAllAssembliesAndSetupDomain (179ms)
		LoadAssemblies (238ms)
		RebuildTransferFunctionScriptingTraits (0ms)
		AnalyzeDomain (21ms)
			TypeCache.Refresh (8ms)
				TypeCache.ScanAssembly (0ms)
			ScanForSourceGeneratedMonoScriptInfo (6ms)
			ResolveRequiredComponents (5ms)
	FinalizeReload (790ms)
		ReleaseScriptCaches (0ms)
		RebuildScriptCaches (0ms)
		SetupLoadedEditorAssemblies (401ms)
			LogAssemblyErrors (0ms)
			InitializePlatformSupportModulesInManaged (24ms)
			SetLoadedEditorAssemblies (6ms)
			RefreshPlugins (0ms)
			BeforeProcessingInitializeOnLoad (62ms)
			ProcessInitializeOnLoadAttributes (284ms)
			ProcessInitializeOnLoadMethodAttributes (20ms)
			AfterProcessingInitializeOnLoad (4ms)
			EditorAssembliesLoaded (0ms)
		ExecutionOrderSort2 (0ms)
		AwakeInstancesAfterBackupRestoration (6ms)
Refreshing native plugins compatible for Editor in 3.07 ms, found 3 plugins.
Preloading 0 native plugins for Editor in 0.00 ms.
Unloading 3138 Unused Serialized files (Serialized files now loaded: 0)
Unloading 24 unused Assets / (31.7 KB). Loaded Objects now: 3678.
Memory consumption went from 128.3 MB to 128.3 MB.
Total: 3.290300 ms (FindLiveObjects: 0.325000 ms CreateObjectMapping: 0.221700 ms MarkObjects: 2.647300 ms  DeleteObjects: 0.093300 ms)

Prepare: number of updated asset objects reloaded= 0
AssetImportParameters requested are different than current active one (requested -> active):
  custom:container-demuxer-ogg: 62fdf1f143b41e24485cea50d1cbac27 -> 
  custom:video-codec-MediaFoundation-h265: 746d11721c4dcdbdad8f713fa42b33f4 -> 
  custom:video-decoder-ogg-theora: a1e56fd34408186e4bbccfd4996cb3dc -> 
  custom:framework-win-MediaFoundation: 216162199b28c13a410421893ffa2e32 -> 
  custom:CustomObjectIndexerAttribute: 9a22284fe3817be447336de3de66b15e -> 
  custom:container-demuxer-webm: 4f35f7cbe854078d1ac9338744f61a02 -> 
  custom:container-muxer-webm: aa71ff27fc2769a1b78a27578f13a17b -> 
  custom:video-decoder-webm-vp8: 9c59270c3fd7afecdb556c50c9e8de78 -> 
  custom:SearchIndexIgnoredProperties: e643bd26f0fe6173181afceb89e7c659 -> 
  custom:AudioImporter_EditorPlatform: d09bf68614088b80899f8185d706f6e7 -> 
  custom:video-encoder-webm-vp8: eb34c28f22e8b96e1ab97ce403110664 -> 
  custom:audio-decoder-ogg-vorbis: bf7c407c2cedff20999df2af8eb42d56 -> 
  custom:audio-encoder-webm-vorbis: bf7c407c2cedff20999df2af8eb42d56 -> 
========================================================================
Received Import Request.
  Time since last request: 336.813063 seconds.
  path: Assets/Prefabs/PlaceHolder Projectile.prefab
  artifactKey: Guid(ecf8860750745c84d88671328ade566b) Importer(815301076,1909f56bfc062723c751e8b465ee728b)
Start importing Assets/Prefabs/PlaceHolder Projectile.prefab using Guid(ecf8860750745c84d88671328ade566b) Importer(815301076,1909f56bfc062723c751e8b465ee728b)  -> (artifact id: 'a620e0128d35f8b95894ae80a2b575fa') in 0.088727 seconds
Number of updated asset objects reloaded before import = 0
Number of asset objects unloaded after import = 10
========================================================================
Received Prepare
Begin MonoManager ReloadAssembly
- Loaded All Assemblies, in  0.422 seconds
Refreshing native plugins compatible for Editor in 2.91 ms, found 3 plugins.
Native extension for WindowsStandalone target not found
Native extension for Android target not found
[Package Manager] Server::EnsureServerProcessIsRunning -- launch failed, reason: Unity was launched with the -noUpm command-line argument
[Package Manager] UpmClient::Send -- Unable to send message (not connected to UPM process).
[Package Manager] Cannot connect to Unity Package Manager local server
Mono: successfully reloaded assembly
- Finished resetting the current domain, in  0.770 seconds
Domain Reload Profiling: 1190ms
	BeginReloadAssembly (148ms)
		ExecutionOrderSort (0ms)
		DisableScriptedObjects (4ms)
		BackupInstance (0ms)
		ReleaseScriptingObjects (0ms)
		CreateAndSetChildDomain (38ms)
	RebuildCommonClasses (41ms)
	RebuildNativeTypeToScriptingClass (11ms)
	initialDomainReloadingComplete (27ms)
	LoadAllAssembliesAndSetupDomain (193ms)
		LoadAssemblies (247ms)
		RebuildTransferFunctionScriptingTraits (0ms)
		AnalyzeDomain (24ms)
			TypeCache.Refresh (9ms)
				TypeCache.ScanAssembly (0ms)
			ScanForSourceGeneratedMonoScriptInfo (6ms)
			ResolveRequiredComponents (7ms)
	FinalizeReload (770ms)
		ReleaseScriptCaches (0ms)
		RebuildScriptCaches (0ms)
		SetupLoadedEditorAssemblies (373ms)
			LogAssemblyErrors (0ms)
			InitializePlatformSupportModulesInManaged (22ms)
			SetLoadedEditorAssemblies (4ms)
			RefreshPlugins (0ms)
			BeforeProcessingInitializeOnLoad (64ms)
			ProcessInitializeOnLoadAttributes (259ms)
			ProcessInitializeOnLoadMethodAttributes (19ms)
			AfterProcessingInitializeOnLoad (4ms)
			EditorAssembliesLoaded (0ms)
		ExecutionOrderSort2 (0ms)
		AwakeInstancesAfterBackupRestoration (6ms)
Refreshing native plugins compatible for Editor in 3.54 ms, found 3 plugins.
Preloading 0 native plugins for Editor in 0.00 ms.
Unloading 3137 Unused Serialized files (Serialized files now loaded: 0)
Unloading 24 unused Assets / (31.7 KB). Loaded Objects now: 3681.
Memory consumption went from 128.1 MB to 128.1 MB.
Total: 3.601700 ms (FindLiveObjects: 0.349400 ms CreateObjectMapping: 0.296900 ms MarkObjects: 2.872100 ms  DeleteObjects: 0.081800 ms)

Prepare: number of updated asset objects reloaded= 0
AssetImportParameters requested are different than current active one (requested -> active):
  custom:container-demuxer-ogg: 62fdf1f143b41e24485cea50d1cbac27 -> 
  custom:video-codec-MediaFoundation-h265: 746d11721c4dcdbdad8f713fa42b33f4 -> 
  custom:video-decoder-ogg-theora: a1e56fd34408186e4bbccfd4996cb3dc -> 
  custom:framework-win-MediaFoundation: 216162199b28c13a410421893ffa2e32 -> 
  custom:CustomObjectIndexerAttribute: 9a22284fe3817be447336de3de66b15e -> 
  custom:container-demuxer-webm: 4f35f7cbe854078d1ac9338744f61a02 -> 
  custom:container-muxer-webm: aa71ff27fc2769a1b78a27578f13a17b -> 
  custom:video-decoder-webm-vp8: 9c59270c3fd7afecdb556c50c9e8de78 -> 
  custom:SearchIndexIgnoredProperties: e643bd26f0fe6173181afceb89e7c659 -> 
  custom:AudioImporter_EditorPlatform: d09bf68614088b80899f8185d706f6e7 -> 
  custom:video-encoder-webm-vp8: eb34c28f22e8b96e1ab97ce403110664 -> 
  custom:audio-decoder-ogg-vorbis: bf7c407c2cedff20999df2af8eb42d56 -> 
  custom:audio-encoder-webm-vorbis: bf7c407c2cedff20999df2af8eb42d56 -> 
========================================================================
Received Import Request.
  Time since last request: 79.691311 seconds.
  path: Assets/Prefabs/PlaceHolder Projectile.prefab
  artifactKey: Guid(ecf8860750745c84d88671328ade566b) Importer(815301076,1909f56bfc062723c751e8b465ee728b)
Start importing Assets/Prefabs/PlaceHolder Projectile.prefab using Guid(ecf8860750745c84d88671328ade566b) Importer(815301076,1909f56bfc062723c751e8b465ee728b)  -> (artifact id: '9cc3d61f6c7af6e7ba53b790b51328c8') in 0.072310 seconds
Number of updated asset objects reloaded before import = 0
Number of asset objects unloaded after import = 10
========================================================================
Received Import Request.
  Time since last request: 2.737113 seconds.
  path: Assets/Images/Mech1.png
  artifactKey: Guid(0e34ca5b63c8d024b88df584d9192a0e) Importer(2089858483,0ecaa5967403d082aa24f35e1b516d23)
Start importing Assets/Images/Mech1.png using Guid(0e34ca5b63c8d024b88df584d9192a0e) Importer(2089858483,0ecaa5967403d082aa24f35e1b516d23)  -> (artifact id: '234c7c7179e24ec5a597e0300a4a0ab9') in 0.201137 seconds
Number of updated asset objects reloaded before import = 0
Number of asset objects unloaded after import = 3
========================================================================
Received Import Request.
  Time since last request: 0.000078 seconds.
  path: Assets/TextMesh Pro/Resources/LineBreaking Leading Characters.txt
  artifactKey: Guid(d82c1b31c7e74239bff1220585707d2b) Importer(2089858483,0ecaa5967403d082aa24f35e1b516d23)
Start importing Assets/TextMesh Pro/Resources/LineBreaking Leading Characters.txt using Guid(d82c1b31c7e74239bff1220585707d2b) Importer(2089858483,0ecaa5967403d082aa24f35e1b516d23)  -> (artifact id: 'f9493f7b6c07a7f0232a8da40a43029d') in 0.025605 seconds
Number of updated asset objects reloaded before import = 0
Number of asset objects unloaded after import = 1
========================================================================
Received Import Request.
  Time since last request: 0.000040 seconds.
  path: Assets/TextMesh Pro/Shaders/TMPro_Mobile.cginc
  artifactKey: Guid(c334973cef89a9840b0b0c507e0377ab) Importer(2089858483,0ecaa5967403d082aa24f35e1b516d23)
Start importing Assets/TextMesh Pro/Shaders/TMPro_Mobile.cginc using Guid(c334973cef89a9840b0b0c507e0377ab) Importer(2089858483,0ecaa5967403d082aa24f35e1b516d23)  -> (artifact id: '0acff5f0dad1bc321ee9f8c8b33d365b') in 0.026641 seconds
Number of updated asset objects reloaded before import = 0
Number of asset objects unloaded after import = 1
========================================================================
Received Import Request.
  Time since last request: 0.000031 seconds.
  path: Assets/Textures/Turret Textures/turret_mount1_D2.png
  artifactKey: Guid(e7b81b8da2974694eb53362ae8032b1c) Importer(2089858483,0ecaa5967403d082aa24f35e1b516d23)
Start importing Assets/Textures/Turret Textures/turret_mount1_D2.png using Guid(e7b81b8da2974694eb53362ae8032b1c) Importer(2089858483,0ecaa5967403d082aa24f35e1b516d23)  -> (artifact id: 'aeb3666844b7f3c405efd152353a931d') in 0.032255 seconds
Number of updated asset objects reloaded before import = 0
Number of asset objects unloaded after import = 1
========================================================================
Received Import Request.
  Time since last request: 0.000089 seconds.
  path: Assets/Materials/Team 1 Ship/nave material.mat
  artifactKey: Guid(61332a8c2257f0944b3fc5b714f01c68) Importer(2089858483,0ecaa5967403d082aa24f35e1b516d23)
Start importing Assets/Materials/Team 1 Ship/nave material.mat using Guid(61332a8c2257f0944b3fc5b714f01c68) Importer(2089858483,0ecaa5967403d082aa24f35e1b516d23)  -> (artifact id: '1168636697098311e203472527431417') in 0.037924 seconds
Number of updated asset objects reloaded before import = 0
Number of asset objects unloaded after import = 3
========================================================================
Received Import Request.
  Time since last request: 0.000029 seconds.
  path: Assets/TextMesh Pro/Shaders/TMPro.cginc
  artifactKey: Guid(407bc68d299748449bbf7f48ee690f8d) Importer(2089858483,0ecaa5967403d082aa24f35e1b516d23)
Start importing Assets/TextMesh Pro/Shaders/TMPro.cginc using Guid(407bc68d299748449bbf7f48ee690f8d) Importer(2089858483,0ecaa5967403d082aa24f35e1b516d23)  -> (artifact id: '43bff2eab869ea135bb20bf9aa46cb77') in 0.030089 seconds
Number of updated asset objects reloaded before import = 0
Number of asset objects unloaded after import = 1
========================================================================
Received Import Request.
  Time since last request: 0.000048 seconds.
  path: Assets/Models/Team 2 Ship/Laser.FBX
  artifactKey: Guid(e5851ba829a27194bb60166828dd388c) Importer(2089858483,0ecaa5967403d082aa24f35e1b516d23)
Start importing Assets/Models/Team 2 Ship/Laser.FBX using Guid(e5851ba829a27194bb60166828dd388c) Importer(2089858483,0ecaa5967403d082aa24f35e1b516d23)  -> (artifact id: '850ccadfb19813146a0035d2ce8453d0') in 0.094625 seconds
Number of updated asset objects reloaded before import = 0
Number of asset objects unloaded after import = 7
========================================================================
Received Import Request.
  Time since last request: 0.000267 seconds.
  path: Assets/TextMesh Pro/Shaders/TMP_SDF-Mobile Overlay.shader
  artifactKey: Guid(a02a7d8c237544f1962732b55a9aebf1) Importer(2089858483,0ecaa5967403d082aa24f35e1b516d23)
Start importing Assets/TextMesh Pro/Shaders/TMP_SDF-Mobile Overlay.shader using Guid(a02a7d8c237544f1962732b55a9aebf1) Importer(2089858483,0ecaa5967403d082aa24f35e1b516d23)  -> (artifact id: '5cc11ea97d8e9f6e43859be1a9bf5fb9') in 0.024865 seconds
Number of updated asset objects reloaded before import = 0
Number of asset objects unloaded after import = 1
========================================================================
Received Import Request.
  Time since last request: 0.000026 seconds.
  path: Assets/Prefabs/PlaceHolder Projectile.prefab
  artifactKey: Guid(ecf8860750745c84d88671328ade566b) Importer(2089858483,0ecaa5967403d082aa24f35e1b516d23)
Start importing Assets/Prefabs/PlaceHolder Projectile.prefab using Guid(ecf8860750745c84d88671328ade566b) Importer(2089858483,0ecaa5967403d082aa24f35e1b516d23)  -> (artifact id: 'a93986d8428d8e241220fda230398d1f') in 0.036904 seconds
Number of updated asset objects reloaded before import = 0
Number of asset objects unloaded after import = 9
========================================================================
Received Import Request.
  Time since last request: 0.000022 seconds.
  path: Assets/Scripts/AI Scripts/DefenderAI.cs
  artifactKey: Guid(80e02126d36b9054fb020adb29b683cc) Importer(2089858483,0ecaa5967403d082aa24f35e1b516d23)
Start importing Assets/Scripts/AI Scripts/DefenderAI.cs using Guid(80e02126d36b9054fb020adb29b683cc) Importer(2089858483,0ecaa5967403d082aa24f35e1b516d23)  -> (artifact id: '1c9014ed86f4c225be32f2cc71bccdd4') in 0.015125 seconds
Number of updated asset objects reloaded before import = 0
Number of asset objects unloaded after import = 1
========================================================================
Received Import Request.
  Time since last request: 0.000021 seconds.
  path: Assets/Textures/Turret Textures/turret_mount1_D1.png
  artifactKey: Guid(7099feb275c9f864c8265edcd700e157) Importer(2089858483,0ecaa5967403d082aa24f35e1b516d23)
Start importing Assets/Textures/Turret Textures/turret_mount1_D1.png using Guid(7099feb275c9f864c8265edcd700e157) Importer(2089858483,0ecaa5967403d082aa24f35e1b516d23)  -> (artifact id: 'd2bbf0e999bb3f4d5561dfa45d449f94') in 0.026408 seconds
Number of updated asset objects reloaded before import = 0
Number of asset objects unloaded after import = 1
========================================================================
Received Import Request.
  Time since last request: 0.000023 seconds.
  path: Assets/Scripts/AI Scripts/BaseAI.cs
  artifactKey: Guid(eaff73780ea1f9b459407ed70fd921c7) Importer(2089858483,0ecaa5967403d082aa24f35e1b516d23)
Start importing Assets/Scripts/AI Scripts/BaseAI.cs using Guid(eaff73780ea1f9b459407ed70fd921c7) Importer(2089858483,0ecaa5967403d082aa24f35e1b516d23)  -> (artifact id: '1aae0f8e32761691fd28291e0b53de69') in 0.012379 seconds
Number of updated asset objects reloaded before import = 0
Number of asset objects unloaded after import = 1
========================================================================
Received Import Request.
  Time since last request: 0.000028 seconds.
  path: Assets/Textures/Team 1 Ship/nave Dif.jpg
  artifactKey: Guid(ebfa990f8bbe9cb4d89795a2be476fde) Importer(2089858483,0ecaa5967403d082aa24f35e1b516d23)
Start importing Assets/Textures/Team 1 Ship/nave Dif.jpg using Guid(ebfa990f8bbe9cb4d89795a2be476fde) Importer(2089858483,0ecaa5967403d082aa24f35e1b516d23)  -> (artifact id: '4a6a9996b96d4ded6e5cd7ef0c59896b') in 0.022277 seconds
Number of updated asset objects reloaded before import = 0
Number of asset objects unloaded after import = 1
========================================================================
Received Import Request.
  Time since last request: 0.000022 seconds.
  path: Assets/Textures/Turret Textures/turret_mount1_D3.png
  artifactKey: Guid(6627f31f870331b4aa057ca7f18490c7) Importer(2089858483,0ecaa5967403d082aa24f35e1b516d23)
Start importing Assets/Textures/Turret Textures/turret_mount1_D3.png using Guid(6627f31f870331b4aa057ca7f18490c7) Importer(2089858483,0ecaa5967403d082aa24f35e1b516d23)  -> (artifact id: '0ac56b031ce2b27539cbbe0b18050f03') in 0.024062 seconds
Number of updated asset objects reloaded before import = 0
Number of asset objects unloaded after import = 1
========================================================================
Received Import Request.
  Time since last request: 0.000023 seconds.
  path: Assets/TextMesh Pro/Shaders/TMP_Bitmap-Custom-Atlas.shader
  artifactKey: Guid(48bb5f55d8670e349b6e614913f9d910) Importer(2089858483,0ecaa5967403d082aa24f35e1b516d23)
Start importing Assets/TextMesh Pro/Shaders/TMP_Bitmap-Custom-Atlas.shader using Guid(48bb5f55d8670e349b6e614913f9d910) Importer(2089858483,0ecaa5967403d082aa24f35e1b516d23)  -> (artifact id: '052fc120cfc5bc1829ea8ef73805bd5d') in 0.016657 seconds
Number of updated asset objects reloaded before import = 0
Number of asset objects unloaded after import = 1
========================================================================
Received Import Request.
  Time since last request: 0.000024 seconds.
  path: Assets/Prefabs/turret_1_3.prefab
  artifactKey: Guid(bcbca6aa0b7bb6c42afce1f1a86c0851) Importer(2089858483,0ecaa5967403d082aa24f35e1b516d23)
Start importing Assets/Prefabs/turret_1_3.prefab using Guid(bcbca6aa0b7bb6c42afce1f1a86c0851) Importer(2089858483,0ecaa5967403d082aa24f35e1b516d23)  -> (artifact id: '23e6ad5a74ca7dbc9671498c29acb8a1') in 0.021952 seconds
Number of updated asset objects reloaded before import = 0
Number of asset objects unloaded after import = 49
========================================================================
Received Import Request.
  Time since last request: 0.000031 seconds.
  path: Assets/Materials/Turret Materials/turret1_mount3.mat
  artifactKey: Guid(5a1465aa38273f1459d2013c51a83f23) Importer(2089858483,0ecaa5967403d082aa24f35e1b516d23)
Start importing Assets/Materials/Turret Materials/turret1_mount3.mat using Guid(5a1465aa38273f1459d2013c51a83f23) Importer(2089858483,0ecaa5967403d082aa24f35e1b516d23)  -> (artifact id: '8c0e1d80fe8005e90f6e5e4e228741ab') in 0.043593 seconds
Number of updated asset objects reloaded before import = 0
Number of asset objects unloaded after import = 5
========================================================================
Received Import Request.
  Time since last request: 0.000028 seconds.
  path: Assets/Textures/Turret Textures/turret_base1_E.png
  artifactKey: Guid(7527a570842d8954d8f0057015606d18) Importer(2089858483,0ecaa5967403d082aa24f35e1b516d23)
Start importing Assets/Textures/Turret Textures/turret_base1_E.png using Guid(7527a570842d8954d8f0057015606d18) Importer(2089858483,0ecaa5967403d082aa24f35e1b516d23)  -> (artifact id: 'b117baf4a3749dba3521b22f223cde98') in 0.037436 seconds
Number of updated asset objects reloaded before import = 0
Number of asset objects unloaded after import = 1
========================================================================
Received Import Request.
  Time since last request: 0.000040 seconds.
  path: Assets/Scenes/MainScene.unity
  artifactKey: Guid(9fc0d4010bbf28b4594072e72b8655ab) Importer(2089858483,0ecaa5967403d082aa24f35e1b516d23)
Start importing Assets/Scenes/MainScene.unity using Guid(9fc0d4010bbf28b4594072e72b8655ab) Importer(2089858483,0ecaa5967403d082aa24f35e1b516d23)  -> (artifact id: '9a378141ca119201f2145978b3ab007a') in 0.012885 seconds
Number of updated asset objects reloaded before import = 0
Number of asset objects unloaded after import = 1
========================================================================
Received Import Request.
  Time since last request: 0.000021 seconds.
  path: Assets/Materials/Team 2 Ship/Nave_D.mat
  artifactKey: Guid(80aee737907c0e44a8938d8a0e3c0dd6) Importer(2089858483,0ecaa5967403d082aa24f35e1b516d23)
Start importing Assets/Materials/Team 2 Ship/Nave_D.mat using Guid(80aee737907c0e44a8938d8a0e3c0dd6) Importer(2089858483,0ecaa5967403d082aa24f35e1b516d23)  -> (artifact id: '922d3b56fc1b9d0f9dfd84fceecfbc8b') in 0.042949 seconds
Number of updated asset objects reloaded before import = 0
Number of asset objects unloaded after import = 4
========================================================================
Received Import Request.
  Time since last request: 0.000025 seconds.
  path: Assets/Textures/Turret Textures/turret_head1_D1.png
  artifactKey: Guid(1f3efd696d9b8be43b276dbb744f20c1) Importer(2089858483,0ecaa5967403d082aa24f35e1b516d23)
Start importing Assets/Textures/Turret Textures/turret_head1_D1.png using Guid(1f3efd696d9b8be43b276dbb744f20c1) Importer(2089858483,0ecaa5967403d082aa24f35e1b516d23)  -> (artifact id: '2675b4f7803327e59966001251c5d97a') in 0.036454 seconds
Number of updated asset objects reloaded before import = 0
Number of asset objects unloaded after import = 1
========================================================================
Received Import Request.
  Time since last request: 0.000114 seconds.
  path: Assets/TextMesh Pro/Shaders/TMP_Sprite.shader
  artifactKey: Guid(cf81c85f95fe47e1a27f6ae460cf182c) Importer(2089858483,0ecaa5967403d082aa24f35e1b516d23)
Start importing Assets/TextMesh Pro/Shaders/TMP_Sprite.shader using Guid(cf81c85f95fe47e1a27f6ae460cf182c) Importer(2089858483,0ecaa5967403d082aa24f35e1b516d23)  -> (artifact id: '83a039405475db4c7686cf434d0e0af5') in 0.018326 seconds
Number of updated asset objects reloaded before import = 0
Number of asset objects unloaded after import = 1
========================================================================
Received Import Request.
  Time since last request: 0.000026 seconds.
  path: Assets/Materials/Turret Materials/turret1_base3.mat
  artifactKey: Guid(717f87458af64dc4dadf652ea686c5df) Importer(2089858483,0ecaa5967403d082aa24f35e1b516d23)
Start importing Assets/Materials/Turret Materials/turret1_base3.mat using Guid(717f87458af64dc4dadf652ea686c5df) Importer(2089858483,0ecaa5967403d082aa24f35e1b516d23)  -> (artifact id: '42faf8a3c8a677ad904b2b87674b1336') in 0.033817 seconds
Number of updated asset objects reloaded before import = 0
Number of asset objects unloaded after import = 5
========================================================================
Received Import Request.
  Time since last request: 0.000368 seconds.
  path: Assets/Models/turret1.fbx
  artifactKey: Guid(3b4b88e49f9445f4c817f97aad4cae88) Importer(2089858483,0ecaa5967403d082aa24f35e1b516d23)
Start importing Assets/Models/turret1.fbx using Guid(3b4b88e49f9445f4c817f97aad4cae88) Importer(2089858483,0ecaa5967403d082aa24f35e1b516d23)  -> (artifact id: '71bb0578d58986701b003426f81ac421') in 0.046851 seconds
Number of updated asset objects reloaded before import = 0
Number of asset objects unloaded after import = 49
========================================================================
Received Import Request.
  Time since last request: 0.000056 seconds.
  path: Assets/TextMesh Pro/Shaders/TMP_SDF-Mobile Masking.shader
  artifactKey: Guid(bc1ede39bf3643ee8e493720e4259791) Importer(2089858483,0ecaa5967403d082aa24f35e1b516d23)
Start importing Assets/TextMesh Pro/Shaders/TMP_SDF-Mobile Masking.shader using Guid(bc1ede39bf3643ee8e493720e4259791) Importer(2089858483,0ecaa5967403d082aa24f35e1b516d23)  -> (artifact id: '4fb225e6da496c320af46e7c90a68b07') in 0.023856 seconds
Number of updated asset objects reloaded before import = 0
Number of asset objects unloaded after import = 1
========================================================================
Received Import Request.
  Time since last request: 0.000027 seconds.
  path: Assets/TextMesh Pro/Resources/Fonts & Materials/LiberationSans SDF - Outline.mat
  artifactKey: Guid(79459efec17a4d00a321bdcc27bbc385) Importer(2089858483,0ecaa5967403d082aa24f35e1b516d23)
Start importing Assets/TextMesh Pro/Resources/Fonts & Materials/LiberationSans SDF - Outline.mat using Guid(79459efec17a4d00a321bdcc27bbc385) Importer(2089858483,0ecaa5967403d082aa24f35e1b516d23)  -> (artifact id: '11391bd9b2da1717a4820286e700b826') in 0.047951 seconds
Number of updated asset objects reloaded before import = 0
Number of asset objects unloaded after import = 2
========================================================================
Received Import Request.
  Time since last request: 0.000222 seconds.
  path: Assets/TextMesh Pro/Shaders/TMP_Bitmap.shader
  artifactKey: Guid(128e987d567d4e2c824d754223b3f3b0) Importer(2089858483,0ecaa5967403d082aa24f35e1b516d23)
Start importing Assets/TextMesh Pro/Shaders/TMP_Bitmap.shader using Guid(128e987d567d4e2c824d754223b3f3b0) Importer(2089858483,0ecaa5967403d082aa24f35e1b516d23)  -> (artifact id: '22269cb3a74f0a08f772d0185d7494aa') in 0.019195 seconds
Number of updated asset objects reloaded before import = 0
Number of asset objects unloaded after import = 1
========================================================================
Received Import Request.
  Time since last request: 0.000021 seconds.
  path: Assets/TextMesh Pro/Shaders/TMP_SDF Overlay.shader
  artifactKey: Guid(dd89cf5b9246416f84610a006f916af7) Importer(2089858483,0ecaa5967403d082aa24f35e1b516d23)
Start importing Assets/TextMesh Pro/Shaders/TMP_SDF Overlay.shader using Guid(dd89cf5b9246416f84610a006f916af7) Importer(2089858483,0ecaa5967403d082aa24f35e1b516d23)  -> (artifact id: '7650aff79904fb591c24b0674c2cc226') in 0.018376 seconds
Number of updated asset objects reloaded before import = 0
Number of asset objects unloaded after import = 1
========================================================================
Received Import Request.
  Time since last request: 0.000023 seconds.
  path: Assets/Scenes/MainScene/NavMesh.asset
  artifactKey: Guid(7bc804e9218655e449204e10ca395428) Importer(2089858483,0ecaa5967403d082aa24f35e1b516d23)
Start importing Assets/Scenes/MainScene/NavMesh.asset using Guid(7bc804e9218655e449204e10ca395428) Importer(2089858483,0ecaa5967403d082aa24f35e1b516d23)  -> (artifact id: 'aceede20453af873975d0a1d68df5550') in 0.031518 seconds
Number of updated asset objects reloaded before import = 0
Number of asset objects unloaded after import = 1
========================================================================
Received Import Request.
  Time since last request: 0.000019 seconds.
  path: Assets/Textures/Turret Textures/turret_mount1_N.png
  artifactKey: Guid(b9d8e32893909344fa53feff8de28f53) Importer(2089858483,0ecaa5967403d082aa24f35e1b516d23)
Start importing Assets/Textures/Turret Textures/turret_mount1_N.png using Guid(b9d8e32893909344fa53feff8de28f53) Importer(2089858483,0ecaa5967403d082aa24f35e1b516d23)  -> (artifact id: '656bb728ce8e7a60d882ad2141d37037') in 0.026208 seconds
Number of updated asset objects reloaded before import = 0
Number of asset objects unloaded after import = 1
========================================================================
Received Import Request.
  Time since last request: 0.000028 seconds.
  path: Assets/Scripts/MechSpawner.cs
  artifactKey: Guid(f60e70fb23ad7374d8812d77e4c81792) Importer(2089858483,0ecaa5967403d082aa24f35e1b516d23)
Start importing Assets/Scripts/MechSpawner.cs using Guid(f60e70fb23ad7374d8812d77e4c81792) Importer(2089858483,0ecaa5967403d082aa24f35e1b516d23)  -> (artifact id: '4b0811bf9732a70bdfa385755df62c46') in 0.014694 seconds
Number of updated asset objects reloaded before import = 0
Number of asset objects unloaded after import = 1
========================================================================
Received Import Request.
  Time since last request: 0.000023 seconds.
  path: Assets/Scripts/ObjectPool.cs
  artifactKey: Guid(7efddc367b0a70c40a26f50d12236030) Importer(2089858483,0ecaa5967403d082aa24f35e1b516d23)
Start importing Assets/Scripts/ObjectPool.cs using Guid(7efddc367b0a70c40a26f50d12236030) Importer(2089858483,0ecaa5967403d082aa24f35e1b516d23)  -> (artifact id: '853dffaca949bcc31dfc09cc385b6172') in 0.014346 seconds
Number of updated asset objects reloaded before import = 0
Number of asset objects unloaded after import = 1
========================================================================
Received Import Request.
  Time since last request: 0.000018 seconds.
  path: Assets/TextMesh Pro/Resources/LineBreaking Following Characters.txt
  artifactKey: Guid(fade42e8bc714b018fac513c043d323b) Importer(2089858483,0ecaa5967403d082aa24f35e1b516d23)
Start importing Assets/TextMesh Pro/Resources/LineBreaking Following Characters.txt using Guid(fade42e8bc714b018fac513c043d323b) Importer(2089858483,0ecaa5967403d082aa24f35e1b516d23)  -> (artifact id: '4279203cf1358b8d60305e0e5540696b') in 0.010160 seconds
Number of updated asset objects reloaded before import = 0
Number of asset objects unloaded after import = 1
========================================================================
Received Import Request.
  Time since last request: 0.000024 seconds.
  path: Assets/Materials/Turret Materials/turret1_head2.mat
  artifactKey: Guid(94a39319ba99ac3479eab8666c59e5b9) Importer(2089858483,0ecaa5967403d082aa24f35e1b516d23)
Start importing Assets/Materials/Turret Materials/turret1_head2.mat using Guid(94a39319ba99ac3479eab8666c59e5b9) Importer(2089858483,0ecaa5967403d082aa24f35e1b516d23)  -> (artifact id: '5233447c2156765f1338cf5e26f2902b') in 0.030746 seconds
Number of updated asset objects reloaded before import = 0
Number of asset objects unloaded after import = 5
========================================================================
Received Import Request.
  Time since last request: 0.000030 seconds.
  path: Assets/Textures/Team 2 Ship/Nave_N.tga
  artifactKey: Guid(fa599ecdb8a00a04282a3481d008c256) Importer(2089858483,0ecaa5967403d082aa24f35e1b516d23)
Start importing Assets/Textures/Team 2 Ship/Nave_N.tga using Guid(fa599ecdb8a00a04282a3481d008c256) Importer(2089858483,0ecaa5967403d082aa24f35e1b516d23)  -> (artifact id: 'f32709d9123d2b3d3e0ac8579404acfe') in 0.024322 seconds
Number of updated asset objects reloaded before import = 0
Number of asset objects unloaded after import = 1
========================================================================
Received Import Request.
  Time since last request: 0.000024 seconds.
  path: Assets/Materials/Turret Materials/turret1_mount1.mat
  artifactKey: Guid(36825ff57d0cdf048b703885400a2dce) Importer(2089858483,0ecaa5967403d082aa24f35e1b516d23)
Start importing Assets/Materials/Turret Materials/turret1_mount1.mat using Guid(36825ff57d0cdf048b703885400a2dce) Importer(2089858483,0ecaa5967403d082aa24f35e1b516d23)  -> (artifact id: '162addcca589bed57a5e2fb850aa7424') in 0.021827 seconds
Number of updated asset objects reloaded before import = 0
Number of asset objects unloaded after import = 5
========================================================================
Received Import Request.
  Time since last request: 0.000026 seconds.
  path: Assets/TextMesh Pro/Resources/Fonts & Materials/LiberationSans SDF - Fallback.asset
  artifactKey: Guid(2e498d1c8094910479dc3e1b768306a4) Importer(2089858483,0ecaa5967403d082aa24f35e1b516d23)
Start importing Assets/TextMesh Pro/Resources/Fonts & Materials/LiberationSans SDF - Fallback.asset using Guid(2e498d1c8094910479dc3e1b768306a4) Importer(2089858483,0ecaa5967403d082aa24f35e1b516d23)  -> (artifact id: 'f6cf35a85442c9c85fe95a06f51ead79') in 0.052915 seconds
Number of updated asset objects reloaded before import = 0
Number of asset objects unloaded after import = 5
========================================================================
Received Import Request.
  Time since last request: 0.000037 seconds.
  path: Assets/Scripts/AI Scripts/BaseDefenceAI.cs
  artifactKey: Guid(4183b48d684a9ca44b4c501d7980e6cc) Importer(2089858483,0ecaa5967403d082aa24f35e1b516d23)
Start importing Assets/Scripts/AI Scripts/BaseDefenceAI.cs using Guid(4183b48d684a9ca44b4c501d7980e6cc) Importer(2089858483,0ecaa5967403d082aa24f35e1b516d23)  -> (artifact id: 'f6f0f58a5331f5f6c2258ab38eb576ee') in 0.013453 seconds
Number of updated asset objects reloaded before import = 0
Number of asset objects unloaded after import = 1
========================================================================
Received Import Request.
  Time since last request: 0.000023 seconds.
  path: Assets/Textures/Turret Textures/turret_head1_D2.png
  artifactKey: Guid(7e57d0dfb5722be458fafb19cf657efa) Importer(2089858483,0ecaa5967403d082aa24f35e1b516d23)
Start importing Assets/Textures/Turret Textures/turret_head1_D2.png using Guid(7e57d0dfb5722be458fafb19cf657efa) Importer(2089858483,0ecaa5967403d082aa24f35e1b516d23)  -> (artifact id: '4161fe6f005809f8623f90aec116aa1a') in 0.023579 seconds
Number of updated asset objects reloaded before import = 0
Number of asset objects unloaded after import = 1
========================================================================
Received Import Request.
  Time since last request: 0.000022 seconds.
  path: Assets/TextMesh Pro/Shaders/TMP_Bitmap-Mobile.shader
  artifactKey: Guid(1e3b057af24249748ff873be7fafee47) Importer(2089858483,0ecaa5967403d082aa24f35e1b516d23)
Start importing Assets/TextMesh Pro/Shaders/TMP_Bitmap-Mobile.shader using Guid(1e3b057af24249748ff873be7fafee47) Importer(2089858483,0ecaa5967403d082aa24f35e1b516d23)  -> (artifact id: '85c417a03f1c1c0c5a8c1bc7b4c4f518') in 0.012091 seconds
Number of updated asset objects reloaded before import = 0
Number of asset objects unloaded after import = 1
========================================================================
Received Import Request.
  Time since last request: 0.000024 seconds.
  path: Assets/TextMesh Pro/Resources/Sprite Assets/EmojiOne.asset
  artifactKey: Guid(c41005c129ba4d66911b75229fd70b45) Importer(2089858483,0ecaa5967403d082aa24f35e1b516d23)
Start importing Assets/TextMesh Pro/Resources/Sprite Assets/EmojiOne.asset using Guid(c41005c129ba4d66911b75229fd70b45) Importer(2089858483,0ecaa5967403d082aa24f35e1b516d23)  -> (artifact id: 'bb1b00f44c6e92654c4d3f6bb2d193ce') in 0.022322 seconds
Number of updated asset objects reloaded before import = 0
Number of asset objects unloaded after import = 3
========================================================================
Received Import Request.
  Time since last request: 0.000024 seconds.
  path: Assets/Models/Team 2 Ship/Cannon.FBX
  artifactKey: Guid(aff4c0d2f4a7f354fbb386fff5d08889) Importer(2089858483,0ecaa5967403d082aa24f35e1b516d23)
Start importing Assets/Models/Team 2 Ship/Cannon.FBX using Guid(aff4c0d2f4a7f354fbb386fff5d08889) Importer(2089858483,0ecaa5967403d082aa24f35e1b516d23)  -> (artifact id: 'bbcae18c4e8e913e00fa767216ae9c7e') in 0.034006 seconds
Number of updated asset objects reloaded before import = 0
Number of asset objects unloaded after import = 7
========================================================================
Received Import Request.
  Time since last request: 0.000094 seconds.
  path: Assets/Textures/Team 2 Ship/Nave_M.tga
  artifactKey: Guid(ff1450e2fc47d2341844798ea078e70e) Importer(2089858483,0ecaa5967403d082aa24f35e1b516d23)
Start importing Assets/Textures/Team 2 Ship/Nave_M.tga using Guid(ff1450e2fc47d2341844798ea078e70e) Importer(2089858483,0ecaa5967403d082aa24f35e1b516d23)  -> (artifact id: '8cce1a075740caa6d0ce30ac09d96857') in 0.026156 seconds
Number of updated asset objects reloaded before import = 0
Number of asset objects unloaded after import = 1
========================================================================
Received Import Request.
  Time since last request: 0.000023 seconds.
  path: Assets/TextMesh Pro/Shaders/TMPro_Properties.cginc
  artifactKey: Guid(3997e2241185407d80309a82f9148466) Importer(2089858483,0ecaa5967403d082aa24f35e1b516d23)
Start importing Assets/TextMesh Pro/Shaders/TMPro_Properties.cginc using Guid(3997e2241185407d80309a82f9148466) Importer(2089858483,0ecaa5967403d082aa24f35e1b516d23)  -> (artifact id: '9d3ce5382f79fc7eb88151ae8fa0d6fc') in 0.018598 seconds
Number of updated asset objects reloaded before import = 0
Number of asset objects unloaded after import = 1
========================================================================
Received Import Request.
  Time since last request: 0.000026 seconds.
  path: Assets/Models/Team 2 Ship/Big_Gun.FBX
  artifactKey: Guid(0df6bc7d158728848be6c760c6806108) Importer(2089858483,0ecaa5967403d082aa24f35e1b516d23)
Start importing Assets/Models/Team 2 Ship/Big_Gun.FBX using Guid(0df6bc7d158728848be6c760c6806108) Importer(2089858483,0ecaa5967403d082aa24f35e1b516d23)  -> (artifact id: '689c258dd9935871f36cdd2946c3453c') in 0.029452 seconds
Number of updated asset objects reloaded before import = 0
Number of asset objects unloaded after import = 7
========================================================================
Received Import Request.
  Time since last request: 0.000024 seconds.
  path: Assets/TextMesh Pro/Fonts/LiberationSans - OFL.txt
  artifactKey: Guid(6e59c59b81ab47f9b6ec5781fa725d2c) Importer(2089858483,0ecaa5967403d082aa24f35e1b516d23)
Start importing Assets/TextMesh Pro/Fonts/LiberationSans - OFL.txt using Guid(6e59c59b81ab47f9b6ec5781fa725d2c) Importer(2089858483,0ecaa5967403d082aa24f35e1b516d23)  -> (artifact id: '6f605a41e477719f62aaa9266707fa92') in 0.019409 seconds
Number of updated asset objects reloaded before import = 0
Number of asset objects unloaded after import = 1
========================================================================
Received Import Request.
  Time since last request: 0.000023 seconds.
  path: Assets/TextMesh Pro/Shaders/TMP_SDF.shader
  artifactKey: Guid(68e6db2ebdc24f95958faec2be5558d6) Importer(2089858483,0ecaa5967403d082aa24f35e1b516d23)
Start importing Assets/TextMesh Pro/Shaders/TMP_SDF.shader using Guid(68e6db2ebdc24f95958faec2be5558d6) Importer(2089858483,0ecaa5967403d082aa24f35e1b516d23)  -> (artifact id: '371d270cf5fb72c687955dab0e094629') in 0.018775 seconds
Number of updated asset objects reloaded before import = 0
Number of asset objects unloaded after import = 1
========================================================================
Received Import Request.
  Time since last request: 0.000031 seconds.
  path: Assets/Models/Team 1 Ship/Ship1.FBX
  artifactKey: Guid(b10dbf1081a91c54d948bfca5f9038ce) Importer(2089858483,0ecaa5967403d082aa24f35e1b516d23)
Start importing Assets/Models/Team 1 Ship/Ship1.FBX using Guid(b10dbf1081a91c54d948bfca5f9038ce) Importer(2089858483,0ecaa5967403d082aa24f35e1b516d23)  -> (artifact id: 'd080418cbe5d3c20d3b6ba442c659343') in 0.038689 seconds
Number of updated asset objects reloaded before import = 0
Number of asset objects unloaded after import = 8
========================================================================
Received Import Request.
  Time since last request: 0.000038 seconds.
  path: Assets/Textures/Turret Textures/turret_mount1_E.png
  artifactKey: Guid(c97ed638fcd3f7e43a7bd9b34909e421) Importer(2089858483,0ecaa5967403d082aa24f35e1b516d23)
Start importing Assets/Textures/Turret Textures/turret_mount1_E.png using Guid(c97ed638fcd3f7e43a7bd9b34909e421) Importer(2089858483,0ecaa5967403d082aa24f35e1b516d23)  -> (artifact id: '83fe7b997fa03cd848a23a6e18858213') in 0.027522 seconds
Number of updated asset objects reloaded before import = 0
Number of asset objects unloaded after import = 1
Editor requested this worker to shutdown with reason: Scaling down because of idle timeout
TcpMessagingSession - receive error: operation aborted. errorcode: 995, details: The I/O operation has been aborted because of either a thread exit or an application request.
AssetImportWorker is now disconnected from the server
Process exiting
Exiting without the bug reporter. Application will terminate with return code 0